2025-11-26 20:48:40,733 - __main__ - INFO - Iniciando BugBounty Framework
2025-11-26 20:48:40,734 - be.manager - INFO - Objetivos cargados: 8
2025-11-26 20:48:40,734 - be.manager - INFO - [+] Iniciando en modo Directo (solo --urls)...
2025-11-26 20:48:40,734 - be.manager - INFO - 💾 Resultados se guardarán en: outputs/cree
2025-11-26 20:48:40,734 - be.manager - INFO -   [+] Ejecutando Módulo URLS sobre 8 hosts/dominios de la lista...
2025-11-26 20:48:40,736 - be.modules.urls - INFO -    [URLs] Iniciando procesamiento para 8 hosts...
2025-11-26 20:48:40,736 - be.modules.urls - INFO - 
   [URLs] -------------------------------------------------
2025-11-26 20:48:40,736 - be.modules.urls - INFO -    [URLs] 🎯 Procesando host: https://aads.cre.com.bo
2025-11-26 20:48:40,736 - be.modules.urls - INFO -      -> Buscando en 'https://aads.cre.com.bo' con gau...
2025-11-26 20:48:58,189 - be.modules.urls - INFO -      -> Buscando en 'https://aads.cre.com.bo' con katana...
2025-11-26 20:49:12,515 - be.modules.urls - INFO -      [katana] Encontró 1 URLs.
2025-11-26 20:49:12,515 - be.modules.urls - INFO -    [URLs] Se encontraron 1 URLs para https://aads.cre.com.bo. Guardando...
2025-11-26 20:49:12,516 - be.modules.urls - INFO -    [URLs] ✅ Resultados para 'https://aads.cre.com.bo' guardados en: outputs/cree/https___aads.cre.com.bo
2025-11-26 20:49:12,516 - be.modules.urls - INFO - 
   [URLs] -------------------------------------------------
2025-11-26 20:49:12,516 - be.modules.urls - INFO -    [URLs] 🎯 Procesando host: https://abpmgr-sm100.cre.com.bo
2025-11-26 20:49:12,516 - be.modules.urls - INFO -      -> Buscando en 'https://abpmgr-sm100.cre.com.bo' con gau...
2025-11-26 20:49:29,779 - be.modules.urls - INFO -      -> Buscando en 'https://abpmgr-sm100.cre.com.bo' con katana...
2025-11-26 20:49:40,299 - be.modules.urls - INFO -      [katana] Encontró 1 URLs.
2025-11-26 20:49:40,299 - be.modules.urls - INFO -    [URLs] Se encontraron 1 URLs para https://abpmgr-sm100.cre.com.bo. Guardando...
2025-11-26 20:49:40,299 - be.modules.urls - INFO -    [URLs] ✅ Resultados para 'https://abpmgr-sm100.cre.com.bo' guardados en: outputs/cree/https___abpmgr-sm100.cre.com.bo
2025-11-26 20:49:40,299 - be.modules.urls - INFO - 
   [URLs] -------------------------------------------------
2025-11-26 20:49:40,299 - be.modules.urls - INFO -    [URLs] 🎯 Procesando host: https://asm1-sm100.cre.com.bo
2025-11-26 20:49:40,299 - be.modules.urls - INFO -      -> Buscando en 'https://asm1-sm100.cre.com.bo' con gau...
2025-11-26 20:50:03,521 - be.modules.urls - INFO -      -> Buscando en 'https://asm1-sm100.cre.com.bo' con katana...
2025-11-26 20:50:14,108 - be.modules.urls - INFO -      [katana] Encontró 1 URLs.
2025-11-26 20:50:14,109 - be.modules.urls - INFO -    [URLs] Se encontraron 1 URLs para https://asm1-sm100.cre.com.bo. Guardando...
2025-11-26 20:50:14,110 - be.modules.urls - INFO -    [URLs] ✅ Resultados para 'https://asm1-sm100.cre.com.bo' guardados en: outputs/cree/https___asm1-sm100.cre.com.bo
2025-11-26 20:50:14,110 - be.modules.urls - INFO - 
   [URLs] -------------------------------------------------
2025-11-26 20:50:14,110 - be.modules.urls - INFO -    [URLs] 🎯 Procesando host: https://cascre.cre.com.bo
2025-11-26 20:50:14,110 - be.modules.urls - INFO -      -> Buscando en 'https://cascre.cre.com.bo' con gau...
2025-11-26 20:50:24,799 - be.modules.urls - INFO -      -> Buscando en 'https://cascre.cre.com.bo' con katana...
2025-11-26 20:50:36,343 - be.modules.urls - INFO -      [katana] Encontró 1 URLs.
2025-11-26 20:50:36,343 - be.modules.urls - INFO -    [URLs] Se encontraron 1 URLs para https://cascre.cre.com.bo. Guardando...
2025-11-26 20:50:36,344 - be.modules.urls - INFO -    [URLs] ✅ Resultados para 'https://cascre.cre.com.bo' guardados en: outputs/cree/https___cascre.cre.com.bo
2025-11-26 20:50:36,344 - be.modules.urls - INFO - 
   [URLs] -------------------------------------------------
2025-11-26 20:50:36,345 - be.modules.urls - INFO -    [URLs] 🎯 Procesando host: https://cre.com.bo
2025-11-26 20:50:36,345 - be.modules.urls - INFO -      -> Buscando en 'https://cre.com.bo' con gau...
2025-11-26 20:50:46,864 - be.modules.urls - INFO -      [gau] Encontró 2574 URLs.
2025-11-26 20:50:46,865 - be.modules.urls - INFO -      -> Buscando en 'https://cre.com.bo' con katana...
2025-11-26 20:53:46,871 - be.modules.utils.helpers - WARNING - Comando excedió el tiempo límite (180s): katana -u https://cre.com.bo -silent -d 2
2025-11-26 20:53:46,872 - be.modules.urls - ERROR -      [katana] ❌ Error al ejecutar para 'https://cre.com.bo': Timeout en herramienta externa
2025-11-26 20:53:46,872 - be.modules.urls - INFO -    [URLs] Se encontraron 2574 URLs para https://cre.com.bo. Guardando...
2025-11-26 20:53:46,938 - be.modules.urls - INFO -    [URLs] ✅ Resultados para 'https://cre.com.bo' guardados en: outputs/cree/https___cre.com.bo
2025-11-26 20:53:46,938 - be.modules.urls - INFO - 
   [URLs] -------------------------------------------------
2025-11-26 20:53:46,938 - be.modules.urls - INFO -    [URLs] 🎯 Procesando host: https://creapp.cre.com.bo
2025-11-26 20:53:46,939 - be.modules.urls - INFO -      -> Buscando en 'https://creapp.cre.com.bo' con gau...
2025-11-26 20:54:44,537 - be.modules.urls - INFO -      [gau] Encontró 48 URLs.
2025-11-26 20:54:44,537 - be.modules.urls - INFO -      -> Buscando en 'https://creapp.cre.com.bo' con katana...
2025-11-26 20:54:55,165 - be.modules.urls - INFO -      [katana] Encontró 1 URLs.
2025-11-26 20:54:55,165 - be.modules.urls - INFO -    [URLs] Se encontraron 49 URLs para https://creapp.cre.com.bo. Guardando...
2025-11-26 20:54:55,167 - be.modules.urls - INFO -    [URLs] ✅ Resultados para 'https://creapp.cre.com.bo' guardados en: outputs/cree/https___creapp.cre.com.bo
2025-11-26 20:54:55,167 - be.modules.urls - INFO - 
   [URLs] -------------------------------------------------
2025-11-26 20:54:55,167 - be.modules.urls - INFO -    [URLs] 🎯 Procesando host: https://tiluchi.cre.com.bo
2025-11-26 20:54:55,167 - be.modules.urls - INFO -      -> Buscando en 'https://tiluchi.cre.com.bo' con gau...
2025-11-26 20:55:12,865 - be.modules.urls - INFO -      [gau] Encontró 7 URLs.
2025-11-26 20:55:12,865 - be.modules.urls - INFO -      -> Buscando en 'https://tiluchi.cre.com.bo' con katana...
2025-11-26 20:55:25,702 - be.modules.urls - INFO -      [katana] Encontró 16 URLs.
2025-11-26 20:55:25,703 - be.modules.urls - INFO -    [URLs] Se encontraron 19 URLs para https://tiluchi.cre.com.bo. Guardando...
2025-11-26 20:55:25,704 - be.modules.urls - INFO -    [URLs] ✅ Resultados para 'https://tiluchi.cre.com.bo' guardados en: outputs/cree/https___tiluchi.cre.com.bo
2025-11-26 20:55:25,704 - be.modules.urls - INFO - 
   [URLs] -------------------------------------------------
2025-11-26 20:55:25,704 - be.modules.urls - INFO -    [URLs] 🎯 Procesando host: https://www.cre.com.bo
2025-11-26 20:55:25,704 - be.modules.urls - INFO -      -> Buscando en 'https://www.cre.com.bo' con gau...
2025-11-26 20:55:45,652 - be.modules.urls - INFO -      [gau] Encontró 2561 URLs.
2025-11-26 20:55:45,652 - be.modules.urls - INFO -      -> Buscando en 'https://www.cre.com.bo' con katana...
2025-11-26 20:58:45,704 - be.modules.utils.helpers - WARNING - Comando excedió el tiempo límite (180s): katana -u https://www.cre.com.bo -silent -d 2
2025-11-26 20:58:45,704 - be.modules.urls - ERROR -      [katana] ❌ Error al ejecutar para 'https://www.cre.com.bo': Timeout en herramienta externa
2025-11-26 20:58:45,704 - be.modules.urls - INFO -    [URLs] Se encontraron 2561 URLs para https://www.cre.com.bo. Guardando...
2025-11-26 20:58:45,785 - be.modules.urls - INFO -    [URLs] ✅ Resultados para 'https://www.cre.com.bo' guardados en: outputs/cree/https___www.cre.com.bo
2025-11-26 20:58:45,785 - be.modules.urls - INFO -    [URLs] -------------------------------------------------
2025-11-26 20:58:45,785 - be.modules.urls - INFO -    [URLs] Procesamiento de todos los hosts finalizado.
2025-11-26 20:58:45,785 - be.manager - INFO - ✅ Procesamiento de URLs finalizado para el proyecto: cree
