2025-10-31 11:51:50,457 - __main__ - INFO - Iniciando BugBounty Framework
2025-10-31 11:51:50,459 - be.manager - INFO - Objetivos cargados: 1
2025-10-31 11:51:50,459 - be.manager - INFO - [+] Iniciando en modo Reconocimiento...
2025-10-31 11:51:50,459 - be.manager - INFO - 💾 Resultados se guardarán en: outputs/mercadolibre
2025-10-31 11:51:50,459 - be.manager - INFO - 💾 Resultados para mlstatic.com se guardarán en: outputs/mercadolibre/mlstatic_com
2025-10-31 11:51:50,459 - be.manager - INFO - 
=======================================================
2025-10-31 11:51:50,459 - be.manager - INFO - 🎯 Iniciando escaneo para el objetivo: mlstatic.com
2025-10-31 11:51:50,459 - be.modules.recon - INFO -    [Recon] Iniciando Reconocimiento Pasivo...
2025-10-31 11:51:50,462 - be.modules.recon - INFO -    [Subdominator] Ejecutando (Timeout: 300s)...
2025-10-31 11:52:06,716 - be.modules.recon - INFO -    [Subdominator] Encontrados 168 subdominios pasivos.
2025-10-31 11:52:06,716 - be.modules.recon - INFO -    [Subfinder] Ejecutando (Timeout: 300s)...
2025-10-31 11:52:38,280 - be.modules.recon - INFO -    [Subfinder] Encontrados 101 subdominios pasivos.
2025-10-31 11:52:38,280 - be.modules.recon - INFO -    [Amass] Ejecutando (Timeout: 300s)...
2025-10-31 11:57:38,288 - be.modules.utils.helpers - WARNING - Comando excedió el tiempo límite (300s): amass enum -passive -d mlstatic.com
2025-10-31 11:57:38,288 - be.modules.recon - ERROR -    [Amass] ❌ Error al ejecutar o parsear: Timeout en herramienta externa
2025-10-31 11:57:38,288 - be.modules.recon - INFO -    [Urlscan] Consultando urlscan.io (Timeout: 320s)...
2025-10-31 11:57:39,604 - be.modules.recon - INFO -    [Urlscan] Encontrados 0 subdominios vía API.
2025-10-31 11:57:39,605 - be.modules.recon - INFO -    [Crt.sh] Consultando crt.sh (Timeout: 320s)...
2025-10-31 11:57:41,427 - be.modules.recon - INFO -    [Crt.sh] Encontrados 11 subdominios vía Certificados.
2025-10-31 11:57:41,428 - be.modules.recon - INFO -    [Recon] Se filtraron 7 subdominios con wildcards para evitar errores.
2025-10-31 11:57:41,428 - be.modules.recon - INFO -    [Recon] Total de subdominios únicos y válidos encontrados: 164
2025-10-31 11:57:41,428 - be.modules.recon - INFO -    [Recon] Subdominios válidos guardados en outputs/mercadolibre/mlstatic_com/mlstatic_com_subdomains.txt y outputs/mercadolibre/mlstatic_com/mlstatic_com_subdomains.json
2025-10-31 11:57:41,429 - be.manager - INFO -   [+] Ejecutando Módulo PROBING sobre 164 hosts...
2025-10-31 11:57:41,429 - be.modules.probing - INFO -    [Probing] Iniciando sondeo (LIGHT) de 164 objetivos...
2025-10-31 11:57:41,429 - be.modules.probing - INFO -    [Httpx] Ejecutando en modo completo (extracción de datos en JSON)...
2025-10-31 12:18:06,630 - be.modules.probing - INFO -    [Probing] Resultados completos guardados en: outputs/mercadolibre/mlstatic_com
2025-10-31 12:18:06,631 - be.manager - INFO - ✅ Escaneo finalizado para: mlstatic.com
