2025-11-06 16:14:59,532 - __main__ - INFO - Iniciando BugBounty Framework
2025-11-06 16:14:59,533 - be.manager - INFO - Objetivos cargados: 1
2025-11-06 16:14:59,533 - be.manager - INFO - [+] Iniciando en modo Reconocimiento...
2025-11-06 16:14:59,533 - be.manager - INFO - 💾 Resultados se guardarán en: outputs/ende.bo
2025-11-06 16:14:59,533 - be.manager - INFO - 💾 Resultados para endeandina.bo se guardarán en: outputs/ende.bo/endeandina_bo
2025-11-06 16:14:59,533 - be.manager - INFO - 
=======================================================
2025-11-06 16:14:59,533 - be.manager - INFO - 🎯 Iniciando escaneo para el objetivo: endeandina.bo
2025-11-06 16:14:59,533 - be.modules.recon - INFO -    [Recon] Iniciando Reconocimiento Pasivo...
2025-11-06 16:14:59,533 - be.modules.recon - INFO -    [Subdominator] Ejecutando (Timeout: 300s)...
2025-11-06 16:15:32,155 - be.modules.recon - INFO -    [Subdominator] Encontrados 14 subdominios pasivos.
2025-11-06 16:15:32,156 - be.modules.recon - INFO -    [Subfinder] Ejecutando (Timeout: 300s)...
2025-11-06 16:16:03,778 - be.modules.recon - INFO -    [Subfinder] Encontrados 16 subdominios pasivos.
2025-11-06 16:16:03,778 - be.modules.recon - INFO -    [Amass] Ejecutando (Timeout: 300s)...
2025-11-06 16:21:03,880 - be.modules.utils.helpers - WARNING - Comando excedió el tiempo límite (300s): amass enum -passive -d endeandina.bo
2025-11-06 16:21:03,880 - be.modules.recon - ERROR -    [Amass] ❌ Error al ejecutar o parsear: Timeout en herramienta externa
2025-11-06 16:21:03,880 - be.modules.recon - INFO -    [Urlscan] Consultando urlscan.io (Timeout: 320s)...
2025-11-06 16:21:04,905 - be.modules.recon - INFO -    [Urlscan] Encontrados 1 subdominios vía API.
2025-11-06 16:21:04,906 - be.modules.recon - INFO -    [Crt.sh] Consultando crt.sh (Timeout: 320s)...
2025-11-06 16:21:07,452 - be.modules.recon - INFO -    [Crt.sh] Encontrados 10 subdominios vía Certificados.
2025-11-06 16:21:07,456 - be.modules.recon - INFO -    [Recon] Total de subdominios únicos y válidos encontrados: 17
2025-11-06 16:21:07,457 - be.modules.recon - INFO -    [Recon] Subdominios válidos guardados en outputs/ende.bo/endeandina_bo/endeandina_bo_subdomains.txt y outputs/ende.bo/endeandina_bo/endeandina_bo_subdomains.json
2025-11-06 16:21:07,458 - be.manager - INFO -   [+] Ejecutando Módulo PROBING sobre 17 hosts...
2025-11-06 16:21:07,458 - be.modules.probing - INFO -    [Probing] Iniciando sondeo (FAST) de 17 objetivos...
2025-11-06 16:21:07,458 - be.modules.probing - INFO -    [Httpx] Ejecutando en modo muy rápido (solo hosts vivos)...
2025-11-06 16:21:29,344 - be.modules.probing - INFO -    [Probing] 6 hosts vivos guardados en: outputs/ende.bo/endeandina_bo/endeandina_bo_positives.txt
2025-11-06 16:21:29,345 - be.modules.probing - INFO -    [Probing] 0 resultados negativos guardados en: outputs/ende.bo/endeandina_bo/endeandina_bo_negativos.txt
2025-11-06 16:21:29,345 - be.manager - INFO - ✅ Escaneo finalizado para: endeandina.bo
