2025-10-21 15:04:14,756 - __main__ - INFO - Iniciando BugBounty Framework
2025-10-21 15:04:14,758 - be.manager - INFO - Objetivos cargados: 1
2025-10-21 15:04:14,758 - be.manager - INFO - [+] Iniciando en modo Reconocimiento...
2025-10-21 15:04:14,758 - be.manager - INFO - 💾 Resultados se guardarán en: outputs/siscotec.com
2025-10-21 15:04:14,758 - be.manager - INFO - 💾 Resultados para siscotec.com se guardarán en: outputs/siscotec.com/siscotec_com
2025-10-21 15:04:14,758 - be.manager - INFO - 
=======================================================
2025-10-21 15:04:14,759 - be.manager - INFO - 🎯 Iniciando escaneo para el objetivo: siscotec.com
2025-10-21 15:04:14,759 - be.modules.recon - INFO -    [Recon] Iniciando Reconocimiento Pasivo...
2025-10-21 15:04:14,761 - be.modules.recon - INFO -    [Subdominator] Ejecutando (Timeout: 300s)...
2025-10-21 15:04:50,890 - be.modules.recon - INFO -    [Subdominator] Encontrados 8 subdominios pasivos.
2025-10-21 15:04:50,890 - be.modules.recon - INFO -    [Subfinder] Ejecutando (Timeout: 300s)...
2025-10-21 15:04:57,017 - be.modules.recon - INFO -    [Subfinder] Encontrados 11 subdominios pasivos.
2025-10-21 15:04:57,017 - be.modules.recon - INFO -    [Amass] Ejecutando (Timeout: 300s)...
2025-10-21 15:06:08,204 - be.modules.recon - INFO -    [Amass] Encontrados 1 subdominios pasivos.
2025-10-21 15:06:08,204 - be.modules.recon - INFO -    [Urlscan] Consultando urlscan.io (Timeout: 320s)...
2025-10-21 15:06:09,094 - be.modules.recon - INFO -    [Urlscan] Encontrados 4 subdominios vía API.
2025-10-21 15:06:09,097 - be.modules.recon - INFO -    [Crt.sh] Consultando crt.sh (Timeout: 320s)...
2025-10-21 15:06:26,783 - be.modules.recon - INFO -    [Crt.sh] Encontrados 9 subdominios vía Certificados.
2025-10-21 15:06:26,785 - be.modules.recon - INFO -    [Recon] Se filtraron 1 subdominios con wildcards para evitar errores.
2025-10-21 15:06:26,786 - be.modules.recon - INFO -    [Recon] Total de subdominios únicos y válidos encontrados: 14
2025-10-21 15:06:26,787 - be.modules.recon - INFO -    [Recon] Subdominios válidos guardados en outputs/siscotec.com/siscotec_com/siscotec_com_subdomains.txt y outputs/siscotec.com/siscotec_com/siscotec_com_subdomains.json
2025-10-21 15:06:26,787 - be.manager - INFO -   [+] Ejecutando Módulo PROBING sobre 14 hosts...
2025-10-21 15:06:26,788 - be.modules.probing - INFO -    [Probing] Iniciando sondeo (FAST) de 14 objetivos...
2025-10-21 15:06:26,788 - be.modules.probing - INFO -    [Httpx] Ejecutando en modo muy rápido (solo hosts vivos)...
2025-10-21 15:06:31,477 - be.modules.probing - INFO -    [Probing] 7 hosts vivos guardados en: outputs/siscotec.com/siscotec_com/siscotec_com_positives.txt
2025-10-21 15:06:31,477 - be.modules.probing - INFO -    [Probing] 0 resultados negativos guardados en: outputs/siscotec.com/siscotec_com/siscotec_com_negativos.txt
2025-10-21 15:06:31,478 - be.manager - INFO - ✅ Escaneo finalizado para: siscotec.com
