2025-10-14 14:59:32,459 - __main__ - INFO - Iniciando BugBounty Framework
2025-10-14 14:59:32,460 - be.manager - INFO - Objetivos cargados: 1
2025-10-14 14:59:32,460 - be.manager - INFO - [+] Iniciando en modo Reconocimiento...
2025-10-14 14:59:32,460 - be.manager - INFO - 💾 Resultados para epsas.com.bo se guardarán en: outputs/epsas.com.b/epsas_com_bo
2025-10-14 14:59:32,460 - be.manager - INFO - 
=======================================================
2025-10-14 14:59:32,460 - be.manager - INFO - 🎯 Iniciando escaneo para el objetivo: epsas.com.bo
2025-10-14 14:59:32,460 - be.modules.recon - INFO -    [Recon] Iniciando Reconocimiento Pasivo...
2025-10-14 14:59:32,460 - be.modules.recon - INFO -    [Subdominator] Ejecutando (Timeout: 300s)...
2025-10-14 14:59:44,854 - be.modules.recon - INFO -    [Subdominator] Encontrados 10 subdominios pasivos.
2025-10-14 14:59:44,854 - be.modules.recon - INFO -    [Subfinder] Ejecutando (Timeout: 300s)...
2025-10-14 15:00:15,440 - be.modules.recon - INFO -    [Subfinder] Encontrados 11 subdominios pasivos.
2025-10-14 15:00:15,440 - be.modules.recon - INFO -    [Amass] Ejecutando (Timeout: 300s)...
2025-10-14 15:01:01,846 - be.modules.recon - INFO -    [Amass] Encontrados 2 subdominios pasivos.
2025-10-14 15:01:01,846 - be.modules.recon - INFO -    [Urlscan] Consultando urlscan.io (Timeout: 320s)...
2025-10-14 15:01:10,377 - be.modules.recon - INFO -    [Urlscan] Encontrados 2 subdominios vía API.
2025-10-14 15:01:10,381 - be.modules.recon - INFO -    [Crt.sh] Consultando crt.sh (Timeout: 320s)...
2025-10-14 15:01:12,144 - be.modules.recon - INFO -    [Crt.sh] Encontrados 11 subdominios vía Certificados.
2025-10-14 15:01:12,146 - be.modules.recon - INFO -    [Recon] Se filtraron 1 subdominios con wildcards para evitar errores.
2025-10-14 15:01:12,147 - be.modules.recon - INFO -    [Recon] Total de subdominios únicos y válidos encontrados: 13
2025-10-14 15:01:12,148 - be.modules.recon - INFO -    [Recon] Subdominios válidos guardados en outputs/epsas.com.b/epsas_com_bo/epsas_com_bo_subdomains.txt y outputs/epsas.com.b/epsas_com_bo/epsas_com_bo_subdomains.json
2025-10-14 15:01:12,148 - be.manager - INFO -   [+] Ejecutando Módulo PROBING sobre 13 hosts...
2025-10-14 15:01:12,148 - be.modules.probing - INFO -    [Probing] Iniciando sondeo (LIGHT) de 13 objetivos...
2025-10-14 15:01:12,149 - be.modules.probing - INFO -    [Httpx] Se ha calculado un timeout total de 300s para 13 subdominios.
2025-10-14 15:01:49,503 - be.modules.probing - INFO -    [Probing] Resultados finales guardados en: outputs/epsas.com.b/epsas_com_bo
2025-10-14 15:01:49,504 - be.manager - INFO - ✅ Escaneo finalizado para: epsas.com.bo
