2025-11-10 09:54:08,886 - __main__ - INFO - Iniciando BugBounty Framework
2025-11-10 09:54:08,887 - be.manager - INFO - Objetivos cargados: 4
2025-11-10 09:54:08,888 - be.manager - INFO - [+] Iniciando en modo Directo (solo --urls)...
2025-11-10 09:54:08,888 - be.manager - INFO - 💾 Resultados se guardarán en: outputs/ylb.gob.bo
2025-11-10 09:54:08,888 - be.manager - INFO -   [+] Ejecutando Módulo URLS sobre 4 hosts/dominios de la lista...
2025-11-10 09:54:08,889 - be.modules.urls - INFO -    [URLs] Iniciando procesamiento para 4 hosts...
2025-11-10 09:54:08,889 - be.modules.urls - INFO - 
   [URLs] -------------------------------------------------
2025-11-10 09:54:08,889 - be.modules.urls - INFO -    [URLs] 🎯 Procesando host: https://correo.ylb.gob.bo
2025-11-10 09:54:08,889 - be.modules.urls - INFO -      -> Buscando en 'https://correo.ylb.gob.bo' con gau...
2025-11-10 09:54:16,973 - be.modules.urls - INFO -      -> Buscando en 'https://correo.ylb.gob.bo' con katana...
2025-11-10 09:54:31,971 - be.modules.urls - INFO -      [katana] Encontró 4 URLs.
2025-11-10 09:54:31,972 - be.modules.urls - INFO -    [URLs] Se encontraron 4 URLs para https://correo.ylb.gob.bo. Guardando...
2025-11-10 09:54:31,972 - be.modules.urls - INFO -    [URLs] ✅ Resultados para 'https://correo.ylb.gob.bo' guardados en: outputs/ylb.gob.bo/https___correo.ylb.gob.bo
2025-11-10 09:54:31,972 - be.modules.urls - INFO - 
   [URLs] -------------------------------------------------
2025-11-10 09:54:31,972 - be.modules.urls - INFO -    [URLs] 🎯 Procesando host: https://ns4.ylb.gob.bo
2025-11-10 09:54:31,972 - be.modules.urls - INFO -      -> Buscando en 'https://ns4.ylb.gob.bo' con gau...
2025-11-10 09:54:39,153 - be.modules.urls - INFO -      -> Buscando en 'https://ns4.ylb.gob.bo' con katana...
2025-11-10 09:54:53,918 - be.modules.urls - INFO -      [katana] Encontró 4 URLs.
2025-11-10 09:54:53,918 - be.modules.urls - INFO -    [URLs] Se encontraron 4 URLs para https://ns4.ylb.gob.bo. Guardando...
2025-11-10 09:54:53,918 - be.modules.urls - INFO -    [URLs] ✅ Resultados para 'https://ns4.ylb.gob.bo' guardados en: outputs/ylb.gob.bo/https___ns4.ylb.gob.bo
2025-11-10 09:54:53,918 - be.modules.urls - INFO - 
   [URLs] -------------------------------------------------
2025-11-10 09:54:53,918 - be.modules.urls - INFO -    [URLs] 🎯 Procesando host: https://sigec.ylb.gob.bo
2025-11-10 09:54:53,918 - be.modules.urls - INFO -      -> Buscando en 'https://sigec.ylb.gob.bo' con gau...
2025-11-10 09:55:01,251 - be.modules.urls - INFO -      -> Buscando en 'https://sigec.ylb.gob.bo' con katana...
2025-11-10 09:55:16,370 - be.modules.urls - INFO -      [katana] Encontró 25 URLs.
2025-11-10 09:55:16,370 - be.modules.urls - INFO -    [URLs] Se encontraron 25 URLs para https://sigec.ylb.gob.bo. Guardando...
2025-11-10 09:55:16,371 - be.modules.urls - INFO -    [URLs] ✅ Resultados para 'https://sigec.ylb.gob.bo' guardados en: outputs/ylb.gob.bo/https___sigec.ylb.gob.bo
2025-11-10 09:55:16,371 - be.modules.urls - INFO - 
   [URLs] -------------------------------------------------
2025-11-10 09:55:16,371 - be.modules.urls - INFO -    [URLs] 🎯 Procesando host: https://www.ylb.gob.bo
2025-11-10 09:55:16,371 - be.modules.urls - INFO -      -> Buscando en 'https://www.ylb.gob.bo' con gau...
2025-11-10 09:55:24,056 - be.modules.urls - INFO -      [gau] Encontró 9 URLs.
2025-11-10 09:55:24,057 - be.modules.urls - INFO -      -> Buscando en 'https://www.ylb.gob.bo' con katana...
2025-11-10 09:56:12,470 - be.modules.urls - INFO -      [katana] Encontró 435 URLs.
2025-11-10 09:56:12,470 - be.modules.urls - INFO -    [URLs] Se encontraron 444 URLs para https://www.ylb.gob.bo. Guardando...
2025-11-10 09:56:12,506 - be.modules.urls - INFO -    [URLs] ✅ Resultados para 'https://www.ylb.gob.bo' guardados en: outputs/ylb.gob.bo/https___www.ylb.gob.bo
2025-11-10 09:56:12,506 - be.modules.urls - INFO -    [URLs] -------------------------------------------------
2025-11-10 09:56:12,507 - be.modules.urls - INFO -    [URLs] Procesamiento de todos los hosts finalizado.
2025-11-10 09:56:12,507 - be.manager - INFO - ✅ Procesamiento de URLs finalizado para el proyecto: ylb.gob.bo
