2025-11-06 15:55:34,976 - __main__ - INFO - Iniciando BugBounty Framework
2025-11-06 15:55:34,977 - be.manager - INFO - Objetivos cargados: 1
2025-11-06 15:55:34,977 - be.manager - INFO - [+] Iniciando en modo Reconocimiento...
2025-11-06 15:55:34,977 - be.manager - INFO - 💾 Resultados se guardarán en: outputs/ende.bo
2025-11-06 15:55:34,977 - be.manager - INFO - 💾 Resultados para endesyc.bo se guardarán en: outputs/ende.bo/endesyc_bo
2025-11-06 15:55:34,977 - be.manager - INFO - 
=======================================================
2025-11-06 15:55:34,977 - be.manager - INFO - 🎯 Iniciando escaneo para el objetivo: endesyc.bo
2025-11-06 15:55:34,977 - be.modules.recon - INFO -    [Recon] Iniciando Reconocimiento Pasivo...
2025-11-06 15:55:34,977 - be.modules.recon - INFO -    [Subdominator] Ejecutando (Timeout: 300s)...
2025-11-06 15:55:41,101 - be.modules.recon - INFO -    [Subdominator] Encontrados 26 subdominios pasivos.
2025-11-06 15:55:41,101 - be.modules.recon - INFO -    [Subfinder] Ejecutando (Timeout: 300s)...
2025-11-06 15:55:54,732 - be.modules.recon - INFO -    [Subfinder] Encontrados 22 subdominios pasivos.
2025-11-06 15:55:54,732 - be.modules.recon - INFO -    [Amass] Ejecutando (Timeout: 300s)...
2025-11-06 16:00:54,753 - be.modules.utils.helpers - WARNING - Comando excedió el tiempo límite (300s): amass enum -passive -d endesyc.bo
2025-11-06 16:00:54,753 - be.modules.recon - ERROR -    [Amass] ❌ Error al ejecutar o parsear: Timeout en herramienta externa
2025-11-06 16:00:54,753 - be.modules.recon - INFO -    [Urlscan] Consultando urlscan.io (Timeout: 320s)...
2025-11-06 16:00:55,612 - be.modules.recon - INFO -    [Urlscan] Encontrados 2 subdominios vía API.
2025-11-06 16:00:55,614 - be.modules.recon - INFO -    [Crt.sh] Consultando crt.sh (Timeout: 320s)...
2025-11-06 16:01:34,995 - be.modules.recon - INFO -    [Crt.sh] Encontrados 20 subdominios vía Certificados.
2025-11-06 16:01:34,997 - be.modules.recon - INFO -    [Recon] Se filtraron 1 subdominios con wildcards para evitar errores.
2025-11-06 16:01:34,998 - be.modules.recon - INFO -    [Recon] Total de subdominios únicos y válidos encontrados: 27
2025-11-06 16:01:34,998 - be.modules.recon - INFO -    [Recon] Subdominios válidos guardados en outputs/ende.bo/endesyc_bo/endesyc_bo_subdomains.txt y outputs/ende.bo/endesyc_bo/endesyc_bo_subdomains.json
2025-11-06 16:01:34,999 - be.manager - INFO -   [+] Ejecutando Módulo PROBING sobre 27 hosts...
2025-11-06 16:01:34,999 - be.modules.probing - INFO -    [Probing] Iniciando sondeo (FAST) de 27 objetivos...
2025-11-06 16:01:34,999 - be.modules.probing - INFO -    [Httpx] Ejecutando en modo muy rápido (solo hosts vivos)...
2025-11-06 16:02:16,458 - be.modules.probing - INFO -    [Probing] 13 hosts vivos guardados en: outputs/ende.bo/endesyc_bo/endesyc_bo_positives.txt
2025-11-06 16:02:16,458 - be.modules.probing - INFO -    [Probing] 0 resultados negativos guardados en: outputs/ende.bo/endesyc_bo/endesyc_bo_negativos.txt
2025-11-06 16:02:16,458 - be.manager - INFO - ✅ Escaneo finalizado para: endesyc.bo
