2025-11-11 09:07:00,155 - __main__ - INFO - Iniciando BugBounty Framework
2025-11-11 09:07:00,156 - be.manager - INFO - Objetivos cargados: 1
2025-11-11 09:07:00,156 - be.manager - INFO - [+] Iniciando en modo Reconocimiento...
2025-11-11 09:07:00,156 - be.manager - INFO - 💾 Resultados se guardarán en: outputs/linktr.ee
2025-11-11 09:07:00,156 - be.manager - INFO - 💾 Resultados para linktree.com se guardarán en: outputs/linktr.ee/linktree_com
2025-11-11 09:07:00,156 - be.manager - INFO - 
=======================================================
2025-11-11 09:07:00,156 - be.manager - INFO - 🎯 Iniciando escaneo para el objetivo: linktree.com
2025-11-11 09:07:00,156 - be.modules.recon - INFO -    [Recon] Iniciando Reconocimiento Pasivo...
2025-11-11 09:07:00,156 - be.modules.recon - INFO -    [Subdominator] Ejecutando (Timeout: 300s)...
2025-11-11 09:07:05,854 - be.modules.recon - INFO -    [Subdominator] Encontrados 9 subdominios pasivos.
2025-11-11 09:07:05,855 - be.modules.recon - INFO -    [Subfinder] Ejecutando (Timeout: 300s)...
2025-11-11 09:07:18,672 - be.modules.recon - INFO -    [Subfinder] Encontrados 8 subdominios pasivos.
2025-11-11 09:07:18,672 - be.modules.recon - INFO -    [Amass] Ejecutando (Timeout: 300s)...
2025-11-11 09:12:18,702 - be.modules.utils.helpers - WARNING - Comando excedió el tiempo límite (300s): amass enum -passive -d linktree.com
2025-11-11 09:12:18,703 - be.modules.recon - ERROR -    [Amass] ❌ Error al ejecutar o parsear: Timeout en herramienta externa
2025-11-11 09:12:18,703 - be.modules.recon - INFO -    [Urlscan] Consultando urlscan.io (Timeout: 320s)...
2025-11-11 09:12:19,584 - be.modules.recon - INFO -    [Urlscan] Encontrados 2 subdominios vía API.
2025-11-11 09:12:19,587 - be.modules.recon - INFO -    [Crt.sh] Consultando crt.sh (Timeout: 320s)...
2025-11-11 09:12:21,950 - be.modules.recon - INFO -    [Crt.sh] Encontrados 7 subdominios vía Certificados.
2025-11-11 09:12:21,954 - be.modules.recon - INFO -    [Recon] Se filtraron 2 subdominios con wildcards para evitar errores.
2025-11-11 09:12:21,956 - be.modules.recon - INFO -    [Recon] Total de subdominios únicos y válidos encontrados: 8
2025-11-11 09:12:21,957 - be.modules.recon - INFO -    [Recon] Subdominios válidos guardados en outputs/linktr.ee/linktree_com/linktree_com_subdomains.txt y outputs/linktr.ee/linktree_com/linktree_com_subdomains.json
2025-11-11 09:12:21,957 - be.manager - INFO -   [+] Ejecutando Módulo PROBING sobre 8 hosts...
2025-11-11 09:12:21,958 - be.modules.probing - INFO -    [Probing] Iniciando sondeo (FAST) de 8 objetivos...
2025-11-11 09:12:21,958 - be.modules.probing - INFO -    [Httpx] Ejecutando en modo muy rápido (solo hosts vivos)...
2025-11-11 09:12:26,082 - be.modules.probing - INFO -    [Probing] 5 hosts vivos guardados en: outputs/linktr.ee/linktree_com/linktree_com_positives.txt
2025-11-11 09:12:26,082 - be.modules.probing - INFO -    [Probing] 0 resultados negativos guardados en: outputs/linktr.ee/linktree_com/linktree_com_negativos.txt
2025-11-11 09:12:26,083 - be.manager - INFO - ✅ Escaneo finalizado para: linktree.com
