2025-10-13 20:50:07,474 - __main__ - INFO - Iniciando BugBounty Framework
2025-10-13 20:50:07,475 - be.manager - INFO - Objetivos cargados: 2
2025-10-13 20:50:07,475 - be.manager - INFO - [+] Iniciando en modo Reconocimiento...
2025-10-13 20:50:07,476 - be.manager - INFO - 💾 Resultados para gestora.bo se guardarán en: outputs/pruebas/gestora_bo
2025-10-13 20:50:07,476 - be.manager - INFO - 
=======================================================
2025-10-13 20:50:07,476 - be.manager - INFO - 🎯 Iniciando escaneo para el objetivo: gestora.bo
2025-10-13 20:50:07,476 - be.modules.recon - INFO -    [Recon] Iniciando Reconocimiento Pasivo...
2025-10-13 20:50:07,476 - be.modules.recon - INFO -    [Subdominator] Ejecutando: /home/warrior/Escritorio/web/subdominatod-tools/env/bin/subdominator
2025-10-13 20:50:37,505 - be.modules.utils.helpers - WARNING - Comando excedió el tiempo límite (30s): /home/warrior/Escritorio/web/subdominatod-tools/env/bin/subdominator -d gestora.bo
2025-10-13 20:50:37,506 - be.modules.recon - ERROR -    [Subdominator] ❌ Error al ejecutar o parsear: Timeout en herramienta externa
2025-10-13 20:50:37,507 - be.modules.recon - INFO -    [Subfinder] Ejecutando: /usr/bin/subfinder ; o simplemente 'subfinder' si está en PATH
2025-10-13 20:50:38,352 - be.modules.utils.helpers - WARNING - Comando falló con código 127. Stderr: __    _____           __         
   _______  __/ /_  / __(_)___  ____/ /__  _____
  / ___/ / / / __ \/ /_/ / __ \/ __  / _ \/ ___/
 (__  ) /_/ / /_/ / __/ / / / / /_/ /  __/ /    
/____/\__,_/_.___/_/ /_/_/ /_/\__,_/\___/_/

		projectdiscovery.io

[[34mINF[0m] Current subfinder version v2.6.0 ([91moutdated[0m)
[[1;31mFTL[0m] Program exiting: no input list provided
/bin/sh: 1: o: Permission denied
2025-10-13 20:50:38,353 - be.modules.recon - ERROR -    [Subfinder] ❌ Error al ejecutar o parsear: Fallo en herramienta externa: /usr/bin/subfinder
2025-10-13 20:50:38,353 - be.modules.recon - INFO -    [Amass] Ejecutando: c; o simplemente 'amass' si está en PATH (Timeout Amass: 90s)
2025-10-13 20:50:38,356 - be.modules.utils.helpers - WARNING - Comando falló con código 127. Stderr: /bin/sh: 1: c: Permission denied
/bin/sh: 1: o: Permission denied
2025-10-13 20:50:38,357 - be.modules.recon - ERROR -    [Amass] ❌ Error al ejecutar o parsear: Fallo en herramienta externa: c;
2025-10-13 20:50:38,357 - be.modules.recon - INFO -    [Urlscan] Consultando urlscan.io (Timeout: 90s)...
2025-10-13 20:50:39,478 - be.modules.recon - INFO -    [Urlscan] Encontrados 5 subdominios vía API.
2025-10-13 20:50:39,480 - be.modules.recon - INFO -    [Crt.sh] Consultando crt.sh (Timeout: 90s)...
2025-10-13 20:50:46,853 - be.modules.recon - INFO -    [Crt.sh] Encontrados 19 subdominios vía Certificados.
2025-10-13 20:50:46,856 - be.modules.recon - INFO -    [Recon] Se filtraron 1 subdominios con wildcards para evitar errores.
2025-10-13 20:50:46,856 - be.modules.recon - INFO -    [Recon] Total de subdominios únicos y válidos encontrados: 21
2025-10-13 20:50:46,856 - be.modules.recon - INFO -    [Recon] Subdominios válidos guardados en outputs/pruebas/gestora_bo/gestora_bo_subdomains.txt y outputs/pruebas/gestora_bo/gestora_bo_subdomains.json
2025-10-13 20:50:46,856 - be.manager - INFO -   [+] Ejecutando Módulo PROBING sobre 21 hosts...
2025-10-13 20:50:46,856 - be.modules.probing - INFO -    [Probing] Iniciando sondeo (LIGHT) de 21 objetivos...
2025-10-13 20:51:48,322 - be.modules.probing - INFO -    [Probing] Resultados finales guardados en: outputs/pruebas/gestora_bo
2025-10-13 20:51:48,322 - be.manager - INFO - ✅ Escaneo finalizado para: gestora.bo
2025-10-13 20:51:48,323 - be.manager - INFO - 💾 Resultados para minsalud.gob.bo se guardarán en: outputs/pruebas/minsalud_gob_bo
2025-10-13 20:51:48,323 - be.manager - INFO - 
=======================================================
2025-10-13 20:51:48,323 - be.manager - INFO - 🎯 Iniciando escaneo para el objetivo: minsalud.gob.bo
2025-10-13 20:51:48,323 - be.modules.recon - INFO -    [Recon] Iniciando Reconocimiento Pasivo...
2025-10-13 20:51:48,323 - be.modules.recon - INFO -    [Subdominator] Ejecutando: /home/warrior/Escritorio/web/subdominatod-tools/env/bin/subdominator
2025-10-13 20:52:18,352 - be.modules.utils.helpers - WARNING - Comando excedió el tiempo límite (30s): /home/warrior/Escritorio/web/subdominatod-tools/env/bin/subdominator -d minsalud.gob.bo
2025-10-13 20:52:18,353 - be.modules.recon - ERROR -    [Subdominator] ❌ Error al ejecutar o parsear: Timeout en herramienta externa
2025-10-13 20:52:18,353 - be.modules.recon - INFO -    [Subfinder] Ejecutando: /usr/bin/subfinder ; o simplemente 'subfinder' si está en PATH
2025-10-13 20:52:19,016 - be.modules.utils.helpers - WARNING - Comando falló con código 127. Stderr: __    _____           __         
   _______  __/ /_  / __(_)___  ____/ /__  _____
  / ___/ / / / __ \/ /_/ / __ \/ __  / _ \/ ___/
 (__  ) /_/ / /_/ / __/ / / / / /_/ /  __/ /    
/____/\__,_/_.___/_/ /_/_/ /_/\__,_/\___/_/

		projectdiscovery.io

[[34mINF[0m] Current subfinder version v2.6.0 ([91moutdated[0m)
[[1;31mFTL[0m] Program exiting: no input list provided
/bin/sh: 1: o: Permission denied
2025-10-13 20:52:19,016 - be.modules.recon - ERROR -    [Subfinder] ❌ Error al ejecutar o parsear: Fallo en herramienta externa: /usr/bin/subfinder
2025-10-13 20:52:19,016 - be.modules.recon - INFO -    [Amass] Ejecutando: c; o simplemente 'amass' si está en PATH (Timeout Amass: 90s)
2025-10-13 20:52:19,018 - be.modules.utils.helpers - WARNING - Comando falló con código 127. Stderr: /bin/sh: 1: c: Permission denied
/bin/sh: 1: o: Permission denied
2025-10-13 20:52:19,018 - be.modules.recon - ERROR -    [Amass] ❌ Error al ejecutar o parsear: Fallo en herramienta externa: c;
2025-10-13 20:52:19,019 - be.modules.recon - INFO -    [Urlscan] Consultando urlscan.io (Timeout: 90s)...
2025-10-13 20:52:20,051 - be.modules.recon - INFO -    [Urlscan] Encontrados 12 subdominios vía API.
2025-10-13 20:52:20,054 - be.modules.recon - INFO -    [Crt.sh] Consultando crt.sh (Timeout: 90s)...
2025-10-13 20:52:22,282 - be.modules.recon - INFO -    [Crt.sh] Encontrados 21 subdominios vía Certificados.
2025-10-13 20:52:22,284 - be.modules.recon - INFO -    [Recon] Se filtraron 3 subdominios con wildcards para evitar errores.
2025-10-13 20:52:22,285 - be.modules.recon - INFO -    [Recon] Total de subdominios únicos y válidos encontrados: 26
2025-10-13 20:52:22,285 - be.modules.recon - INFO -    [Recon] Subdominios válidos guardados en outputs/pruebas/minsalud_gob_bo/minsalud_gob_bo_subdomains.txt y outputs/pruebas/minsalud_gob_bo/minsalud_gob_bo_subdomains.json
2025-10-13 20:52:22,285 - be.manager - INFO -   [+] Ejecutando Módulo PROBING sobre 26 hosts...
2025-10-13 20:52:22,285 - be.modules.probing - INFO -    [Probing] Iniciando sondeo (LIGHT) de 26 objetivos...
2025-10-13 20:54:50,563 - be.modules.probing - INFO -    [Probing] Resultados finales guardados en: outputs/pruebas/minsalud_gob_bo
2025-10-13 20:54:50,563 - be.manager - INFO - ✅ Escaneo finalizado para: minsalud.gob.bo
