2025-10-16 15:58:39,026 - __main__ - INFO - Iniciando BugBounty Framework
2025-10-16 15:58:39,026 - be.manager - INFO - Objetivos cargados: 1
2025-10-16 15:58:39,027 - be.manager - INFO - [+] Iniciando en modo Reconocimiento...
2025-10-16 15:58:39,027 - be.manager - INFO - 💾 Resultados se guardarán en: outputs/gestora
2025-10-16 15:58:39,027 - be.manager - INFO - 💾 Resultados para gestora.bo se guardarán en: outputs/gestora/gestora_bo
2025-10-16 15:58:39,027 - be.manager - INFO - 
=======================================================
2025-10-16 15:58:39,027 - be.manager - INFO - 🎯 Iniciando escaneo para el objetivo: gestora.bo
2025-10-16 15:58:39,027 - be.modules.recon - INFO -    [Recon] Iniciando Reconocimiento Pasivo...
2025-10-16 15:58:39,027 - be.modules.recon - INFO -    [Subdominator] Ejecutando (Timeout: 300s)...
2025-10-16 15:59:01,514 - be.modules.recon - INFO -    [Subdominator] Encontrados 50 subdominios pasivos.
2025-10-16 15:59:01,514 - be.modules.recon - INFO -    [Subfinder] Ejecutando (Timeout: 300s)...
2025-10-16 15:59:23,728 - be.modules.recon - INFO -    [Subfinder] Encontrados 37 subdominios pasivos.
2025-10-16 15:59:23,729 - be.modules.recon - INFO -    [Amass] Ejecutando (Timeout: 300s)...
2025-10-16 16:04:23,787 - be.modules.utils.helpers - WARNING - Comando excedió el tiempo límite (300s): amass enum -passive -d gestora.bo
2025-10-16 16:04:23,787 - be.modules.recon - ERROR -    [Amass] ❌ Error al ejecutar o parsear: Timeout en herramienta externa
2025-10-16 16:04:23,787 - be.modules.recon - INFO -    [Urlscan] Consultando urlscan.io (Timeout: 320s)...
2025-10-16 16:04:24,819 - be.modules.recon - INFO -    [Urlscan] Encontrados 5 subdominios vía API.
2025-10-16 16:04:24,821 - be.modules.recon - INFO -    [Crt.sh] Consultando crt.sh (Timeout: 320s)...
2025-10-16 16:04:25,976 - be.modules.recon - ERROR -    [Crt.sh] ❌ Error al conectar o timeout: 404 Client Error: Not Found for url: https://crt.sh/?q=%25.gestora.bo&output=json
2025-10-16 16:04:25,979 - be.modules.recon - INFO -    [Recon] Se filtraron 1 subdominios con wildcards para evitar errores.
2025-10-16 16:04:25,980 - be.modules.recon - INFO -    [Recon] Total de subdominios únicos y válidos encontrados: 55
2025-10-16 16:04:25,981 - be.modules.recon - INFO -    [Recon] Subdominios válidos guardados en outputs/gestora/gestora_bo/gestora_bo_subdomains.txt y outputs/gestora/gestora_bo/gestora_bo_subdomains.json
2025-10-16 16:04:25,981 - be.manager - INFO -   [+] Ejecutando Módulo PROBING sobre 55 hosts...
2025-10-16 16:04:25,981 - be.modules.probing - INFO -    [Probing] Iniciando sondeo (FAST) de 55 objetivos...
2025-10-16 16:04:25,982 - be.modules.probing - INFO -    [Httpx] Ejecutando en modo muy rápido (solo hosts vivos)...
2025-10-16 16:05:02,550 - be.modules.probing - INFO -    [Probing] 14 hosts vivos guardados en: outputs/gestora/gestora_bo/gestora_bo_positives.txt
2025-10-16 16:05:02,550 - be.modules.probing - INFO -    [Probing] 0 resultados negativos guardados en: outputs/gestora/gestora_bo/gestora_bo_negativos.txt
2025-10-16 16:05:02,551 - be.manager - INFO - ✅ Escaneo finalizado para: gestora.bo
