2025-11-07 12:49:41,389 - __main__ - INFO - Iniciando BugBounty Framework
2025-11-07 12:49:41,390 - be.manager - INFO - Objetivos cargados: 1
2025-11-07 12:49:41,390 - be.manager - INFO - [+] Iniciando en modo Reconocimiento...
2025-11-07 12:49:41,390 - be.manager - INFO - 💾 Resultados se guardarán en: outputs/ylb.gob.bo
2025-11-07 12:49:41,390 - be.manager - INFO - 💾 Resultados para ylb.gob.bo se guardarán en: outputs/ylb.gob.bo/ylb_gob_bo
2025-11-07 12:49:41,390 - be.manager - INFO - 
=======================================================
2025-11-07 12:49:41,391 - be.manager - INFO - 🎯 Iniciando escaneo para el objetivo: ylb.gob.bo
2025-11-07 12:49:41,391 - be.modules.recon - INFO -    [Recon] Iniciando Reconocimiento Pasivo...
2025-11-07 12:49:41,391 - be.modules.recon - INFO -    [Subdominator] Ejecutando (Timeout: 300s)...
2025-11-07 12:50:08,101 - be.modules.recon - INFO -    [Subdominator] Encontrados 35 subdominios pasivos.
2025-11-07 12:50:08,101 - be.modules.recon - INFO -    [Subfinder] Ejecutando (Timeout: 300s)...
2025-11-07 12:50:19,585 - be.modules.recon - INFO -    [Subfinder] Encontrados 33 subdominios pasivos.
2025-11-07 12:50:19,585 - be.modules.recon - INFO -    [Amass] Ejecutando (Timeout: 300s)...
2025-11-07 12:51:08,105 - be.modules.recon - INFO -    [Amass] Encontrados 1 subdominios pasivos.
2025-11-07 12:51:08,105 - be.modules.recon - INFO -    [Urlscan] Consultando urlscan.io (Timeout: 320s)...
2025-11-07 12:51:11,657 - be.modules.recon - INFO -    [Urlscan] Encontrados 2 subdominios vía API.
2025-11-07 12:51:11,658 - be.modules.recon - INFO -    [Crt.sh] Consultando crt.sh (Timeout: 320s)...
2025-11-07 12:51:17,785 - be.modules.recon - INFO -    [Crt.sh] Encontrados 24 subdominios vía Certificados.
2025-11-07 12:51:17,787 - be.modules.recon - INFO -    [Recon] Se filtraron 3 subdominios con wildcards para evitar errores.
2025-11-07 12:51:17,787 - be.modules.recon - INFO -    [Recon] Total de subdominios únicos y válidos encontrados: 37
2025-11-07 12:51:17,787 - be.modules.recon - INFO -    [Recon] Subdominios válidos guardados en outputs/ylb.gob.bo/ylb_gob_bo/ylb_gob_bo_subdomains.txt y outputs/ylb.gob.bo/ylb_gob_bo/ylb_gob_bo_subdomains.json
2025-11-07 12:51:17,787 - be.manager - INFO -   [+] Ejecutando Módulo PROBING sobre 37 hosts...
2025-11-07 12:51:17,787 - be.modules.probing - INFO -    [Probing] Iniciando sondeo (FAST) de 37 objetivos...
2025-11-07 12:51:17,787 - be.modules.probing - INFO -    [Httpx] Ejecutando en modo muy rápido (solo hosts vivos)...
2025-11-07 12:51:25,920 - be.modules.probing - INFO -    [Probing] 4 hosts vivos guardados en: outputs/ylb.gob.bo/ylb_gob_bo/ylb_gob_bo_positives.txt
2025-11-07 12:51:25,920 - be.modules.probing - INFO -    [Probing] 0 resultados negativos guardados en: outputs/ylb.gob.bo/ylb_gob_bo/ylb_gob_bo_negativos.txt
2025-11-07 12:51:25,921 - be.manager - INFO - ✅ Escaneo finalizado para: ylb.gob.bo
