2025-11-06 15:55:52,650 - __main__ - INFO - Iniciando BugBounty Framework
2025-11-06 15:55:52,651 - be.manager - INFO - Objetivos cargados: 1
2025-11-06 15:55:52,651 - be.manager - INFO - [+] Iniciando en modo Reconocimiento...
2025-11-06 15:55:52,651 - be.manager - INFO - 💾 Resultados se guardarán en: outputs/ende.bo
2025-11-06 15:55:52,651 - be.manager - INFO - 💾 Resultados para endedelbeni.bo se guardarán en: outputs/ende.bo/endedelbeni_bo
2025-11-06 15:55:52,651 - be.manager - INFO - 
=======================================================
2025-11-06 15:55:52,651 - be.manager - INFO - 🎯 Iniciando escaneo para el objetivo: endedelbeni.bo
2025-11-06 15:55:52,651 - be.modules.recon - INFO -    [Recon] Iniciando Reconocimiento Pasivo...
2025-11-06 15:55:52,651 - be.modules.recon - INFO -    [Subdominator] Ejecutando (Timeout: 300s)...
2025-11-06 15:56:48,516 - be.modules.recon - INFO -    [Subdominator] Encontrados 17 subdominios pasivos.
2025-11-06 15:56:48,516 - be.modules.recon - INFO -    [Subfinder] Ejecutando (Timeout: 300s)...
2025-11-06 15:57:18,952 - be.modules.recon - INFO -    [Subfinder] Encontrados 19 subdominios pasivos.
2025-11-06 15:57:18,953 - be.modules.recon - INFO -    [Amass] Ejecutando (Timeout: 300s)...
2025-11-06 16:02:18,993 - be.modules.utils.helpers - WARNING - Comando excedió el tiempo límite (300s): amass enum -passive -d endedelbeni.bo
2025-11-06 16:02:18,993 - be.modules.recon - ERROR -    [Amass] ❌ Error al ejecutar o parsear: Timeout en herramienta externa
2025-11-06 16:02:18,993 - be.modules.recon - INFO -    [Urlscan] Consultando urlscan.io (Timeout: 320s)...
2025-11-06 16:02:19,762 - be.modules.recon - INFO -    [Urlscan] Encontrados 2 subdominios vía API.
2025-11-06 16:02:19,766 - be.modules.recon - INFO -    [Crt.sh] Consultando crt.sh (Timeout: 320s)...
2025-11-06 16:02:22,175 - be.modules.recon - INFO -    [Crt.sh] Encontrados 13 subdominios vía Certificados.
2025-11-06 16:02:22,178 - be.modules.recon - INFO -    [Recon] Se filtraron 1 subdominios con wildcards para evitar errores.
2025-11-06 16:02:22,178 - be.modules.recon - INFO -    [Recon] Total de subdominios únicos y válidos encontrados: 22
2025-11-06 16:02:22,178 - be.modules.recon - INFO -    [Recon] Subdominios válidos guardados en outputs/ende.bo/endedelbeni_bo/endedelbeni_bo_subdomains.txt y outputs/ende.bo/endedelbeni_bo/endedelbeni_bo_subdomains.json
2025-11-06 16:02:22,179 - be.manager - INFO -   [+] Ejecutando Módulo PROBING sobre 22 hosts...
2025-11-06 16:02:22,179 - be.modules.probing - INFO -    [Probing] Iniciando sondeo (FAST) de 22 objetivos...
2025-11-06 16:02:22,179 - be.modules.probing - INFO -    [Httpx] Ejecutando en modo muy rápido (solo hosts vivos)...
2025-11-06 16:02:42,631 - be.modules.probing - INFO -    [Probing] 8 hosts vivos guardados en: outputs/ende.bo/endedelbeni_bo/endedelbeni_bo_positives.txt
2025-11-06 16:02:42,631 - be.modules.probing - INFO -    [Probing] 0 resultados negativos guardados en: outputs/ende.bo/endedelbeni_bo/endedelbeni_bo_negativos.txt
2025-11-06 16:02:42,631 - be.manager - INFO - ✅ Escaneo finalizado para: endedelbeni.bo
