2025-10-23 10:20:05,721 - __main__ - INFO - Iniciando BugBounty Framework
2025-10-23 10:20:05,722 - be.manager - INFO - Objetivos cargados: 1
2025-10-23 10:20:05,722 - be.manager - INFO - [+] Iniciando en modo Reconocimiento...
2025-10-23 10:20:05,722 - be.manager - INFO - 💾 Resultados se guardarán en: outputs/bcb.gob.bo
2025-10-23 10:20:05,722 - be.manager - INFO - 💾 Resultados para bcb.gob.bo se guardarán en: outputs/bcb.gob.bo/bcb_gob_bo
2025-10-23 10:20:05,722 - be.manager - INFO - 
=======================================================
2025-10-23 10:20:05,722 - be.manager - INFO - 🎯 Iniciando escaneo para el objetivo: bcb.gob.bo
2025-10-23 10:20:05,723 - be.modules.recon - INFO -    [Recon] Iniciando Reconocimiento Pasivo...
2025-10-23 10:20:05,723 - be.modules.recon - INFO -    [Subdominator] Ejecutando (Timeout: 300s)...
2025-10-23 10:20:43,821 - be.modules.recon - INFO -    [Subdominator] Encontrados 59 subdominios pasivos.
2025-10-23 10:20:43,821 - be.modules.recon - INFO -    [Subfinder] Ejecutando (Timeout: 300s)...
2025-10-23 10:21:14,341 - be.modules.recon - INFO -    [Subfinder] Encontrados 55 subdominios pasivos.
2025-10-23 10:21:14,341 - be.modules.recon - INFO -    [Amass] Ejecutando (Timeout: 300s)...
2025-10-23 10:24:43,358 - be.modules.recon - INFO -    [Amass] Encontrados 212 subdominios pasivos.
2025-10-23 10:24:43,359 - be.modules.recon - INFO -    [Urlscan] Consultando urlscan.io (Timeout: 320s)...
2025-10-23 10:24:46,231 - be.modules.recon - INFO -    [Urlscan] Encontrados 7 subdominios vía API.
2025-10-23 10:24:46,232 - be.modules.recon - INFO -    [Crt.sh] Consultando crt.sh (Timeout: 320s)...
2025-10-23 10:24:48,964 - be.modules.recon - INFO -    [Crt.sh] Encontrados 41 subdominios vía Certificados.
2025-10-23 10:24:48,968 - be.modules.recon - INFO -    [Recon] Se filtraron 4 subdominios con wildcards para evitar errores.
2025-10-23 10:24:48,968 - be.modules.recon - INFO -    [Recon] Total de subdominios únicos y válidos encontrados: 272
2025-10-23 10:24:48,970 - be.modules.recon - INFO -    [Recon] Subdominios válidos guardados en outputs/bcb.gob.bo/bcb_gob_bo/bcb_gob_bo_subdomains.txt y outputs/bcb.gob.bo/bcb_gob_bo/bcb_gob_bo_subdomains.json
2025-10-23 10:24:48,970 - be.manager - INFO -   [+] Ejecutando Módulo PROBING sobre 272 hosts...
2025-10-23 10:24:48,971 - be.modules.probing - INFO -    [Probing] Iniciando sondeo (FAST) de 272 objetivos...
2025-10-23 10:24:48,972 - be.modules.probing - INFO -    [Httpx] Ejecutando en modo muy rápido (solo hosts vivos)...
2025-10-23 10:26:30,589 - be.modules.probing - INFO -    [Probing] 80 hosts vivos guardados en: outputs/bcb.gob.bo/bcb_gob_bo/bcb_gob_bo_positives.txt
2025-10-23 10:26:30,589 - be.modules.probing - INFO -    [Probing] 0 resultados negativos guardados en: outputs/bcb.gob.bo/bcb_gob_bo/bcb_gob_bo_negativos.txt
2025-10-23 10:26:30,589 - be.manager - INFO - ✅ Escaneo finalizado para: bcb.gob.bo
