2025-10-31 13:43:26,247 - __main__ - INFO - Iniciando BugBounty Framework
2025-10-31 13:43:26,247 - be.manager - INFO - Objetivos cargados: 1
2025-10-31 13:43:26,248 - be.manager - INFO - [+] Iniciando en modo Reconocimiento...
2025-10-31 13:43:26,248 - be.manager - INFO - 💾 Resultados se guardarán en: outputs/mercadolibre
2025-10-31 13:43:26,248 - be.manager - INFO - 💾 Resultados para mercadolibre.com se guardarán en: outputs/mercadolibre/mercadolibre_com
2025-10-31 13:43:26,248 - be.manager - INFO - 
=======================================================
2025-10-31 13:43:26,248 - be.manager - INFO - 🎯 Iniciando escaneo para el objetivo: mercadolibre.com
2025-10-31 13:43:26,248 - be.modules.recon - INFO -    [Recon] Iniciando Reconocimiento Pasivo...
2025-10-31 13:43:26,248 - be.modules.recon - INFO -    [Subdominator] Ejecutando (Timeout: 300s)...
2025-10-31 13:44:00,350 - be.modules.recon - INFO -    [Subdominator] Encontrados 467 subdominios pasivos.
2025-10-31 13:44:00,351 - be.modules.recon - INFO -    [Subfinder] Ejecutando (Timeout: 300s)...
2025-10-31 13:44:31,235 - be.modules.recon - INFO -    [Subfinder] Encontrados 298 subdominios pasivos.
2025-10-31 13:44:31,235 - be.modules.recon - INFO -    [Amass] Ejecutando (Timeout: 300s)...
2025-10-31 13:49:31,257 - be.modules.utils.helpers - WARNING - Comando excedió el tiempo límite (300s): amass enum -passive -d mercadolibre.com
2025-10-31 13:49:31,258 - be.modules.recon - ERROR -    [Amass] ❌ Error al ejecutar o parsear: Timeout en herramienta externa
2025-10-31 13:49:31,258 - be.modules.recon - INFO -    [Urlscan] Consultando urlscan.io (Timeout: 320s)...
2025-10-31 13:49:32,336 - be.modules.recon - INFO -    [Urlscan] Encontrados 0 subdominios vía API.
2025-10-31 13:49:32,338 - be.modules.recon - INFO -    [Crt.sh] Consultando crt.sh (Timeout: 320s)...
2025-10-31 13:49:37,249 - be.modules.recon - INFO -    [Crt.sh] Encontrados 120 subdominios vía Certificados.
2025-10-31 13:49:37,250 - be.modules.recon - INFO -    [Recon] Se filtraron 26 subdominios con wildcards para evitar errores.
2025-10-31 13:49:37,250 - be.modules.recon - INFO -    [Recon] Total de subdominios únicos y válidos encontrados: 502
2025-10-31 13:49:37,251 - be.modules.recon - INFO -    [Recon] Subdominios válidos guardados en outputs/mercadolibre/mercadolibre_com/mercadolibre_com_subdomains.txt y outputs/mercadolibre/mercadolibre_com/mercadolibre_com_subdomains.json
2025-10-31 13:49:37,251 - be.manager - INFO -   [+] Ejecutando Módulo PROBING sobre 502 hosts...
2025-10-31 13:49:37,252 - be.modules.probing - INFO -    [Probing] Iniciando sondeo (FAST) de 502 objetivos...
2025-10-31 13:49:37,252 - be.modules.probing - INFO -    [Httpx] Ejecutando en modo muy rápido (solo hosts vivos)...
2025-10-31 13:55:41,026 - be.modules.probing - INFO -    [Probing] 142 hosts vivos guardados en: outputs/mercadolibre/mercadolibre_com/mercadolibre_com_positives.txt
2025-10-31 13:55:41,026 - be.modules.probing - INFO -    [Probing] 0 resultados negativos guardados en: outputs/mercadolibre/mercadolibre_com/mercadolibre_com_negativos.txt
2025-10-31 13:55:41,026 - be.manager - INFO - ✅ Escaneo finalizado para: mercadolibre.com
