2025-10-16 15:43:34,079 - __main__ - INFO - Iniciando BugBounty Framework
2025-10-16 15:43:34,080 - be.manager - INFO - Objetivos cargados: 1
2025-10-16 15:43:34,080 - be.manager - INFO - [+] Iniciando en modo Reconocimiento...
2025-10-16 15:43:34,080 - be.manager - INFO - 💾 Resultados se guardarán en: outputs/gestora
2025-10-16 15:43:34,080 - be.manager - INFO - 💾 Resultados para gestora.bo se guardarán en: outputs/gestora/gestora_bo
2025-10-16 15:43:34,080 - be.manager - INFO - 
=======================================================
2025-10-16 15:43:34,080 - be.manager - INFO - 🎯 Iniciando escaneo para el objetivo: gestora.bo
2025-10-16 15:43:34,080 - be.modules.recon - INFO -    [Recon] Iniciando Reconocimiento Pasivo...
2025-10-16 15:43:34,080 - be.modules.recon - INFO -    [Subdominator] Ejecutando (Timeout: 300s)...
2025-10-16 15:43:39,145 - be.modules.recon - INFO -    [Subdominator] Encontrados 37 subdominios pasivos.
2025-10-16 15:43:39,146 - be.modules.recon - INFO -    [Subfinder] Ejecutando (Timeout: 300s)...
2025-10-16 15:44:01,510 - be.modules.recon - INFO -    [Subfinder] Encontrados 37 subdominios pasivos.
2025-10-16 15:44:01,510 - be.modules.recon - INFO -    [Amass] Ejecutando (Timeout: 300s)...
2025-10-16 15:49:01,610 - be.modules.utils.helpers - WARNING - Comando excedió el tiempo límite (300s): amass enum -passive -d gestora.bo
2025-10-16 15:49:01,611 - be.modules.recon - ERROR -    [Amass] ❌ Error al ejecutar o parsear: Timeout en herramienta externa
2025-10-16 15:49:01,611 - be.modules.recon - INFO -    [Urlscan] Consultando urlscan.io (Timeout: 320s)...
2025-10-16 15:49:02,645 - be.modules.recon - INFO -    [Urlscan] Encontrados 5 subdominios vía API.
2025-10-16 15:49:02,648 - be.modules.recon - INFO -    [Crt.sh] Consultando crt.sh (Timeout: 320s)...
2025-10-16 15:49:04,250 - be.modules.recon - INFO -    [Crt.sh] Encontrados 19 subdominios vía Certificados.
2025-10-16 15:49:04,253 - be.modules.recon - INFO -    [Recon] Se filtraron 1 subdominios con wildcards para evitar errores.
2025-10-16 15:49:04,253 - be.modules.recon - INFO -    [Recon] Total de subdominios únicos y válidos encontrados: 46
2025-10-16 15:49:04,254 - be.modules.recon - INFO -    [Recon] Subdominios válidos guardados en outputs/gestora/gestora_bo/gestora_bo_subdomains.txt y outputs/gestora/gestora_bo/gestora_bo_subdomains.json
2025-10-16 15:49:04,254 - be.manager - INFO -   [+] Ejecutando Módulo PROBING sobre 46 hosts...
2025-10-16 15:49:04,255 - be.modules.probing - INFO -    [Probing] Iniciando sondeo (FAST) de 46 objetivos...
2025-10-16 15:49:04,255 - be.modules.probing - INFO -    [Httpx] Ejecutando en modo rápido (solo status-code)...
2025-10-16 15:49:40,174 - be.modules.probing - INFO -    [Probing] 7 resultados positivos guardados en: outputs/gestora/gestora_bo/gestora_bo_positives.txt
2025-10-16 15:49:40,175 - be.modules.probing - INFO -    [Probing] 4 resultados negativos guardados en: outputs/gestora/gestora_bo/gestora_bo_negativos.txt
2025-10-16 15:49:40,175 - be.manager - INFO - ✅ Escaneo finalizado para: gestora.bo
