2025-10-16 22:13:16,773 - __main__ - INFO - Iniciando BugBounty Framework
2025-10-16 22:13:16,774 - be.manager - INFO - Objetivos cargados: 1
2025-10-16 22:13:16,774 - be.manager - INFO - [+] Iniciando en modo Reconocimiento...
2025-10-16 22:13:16,774 - be.manager - INFO - 💾 Resultados se guardarán en: outputs/datec.com.bo
2025-10-16 22:13:16,774 - be.manager - INFO - 💾 Resultados para datec.com.bo se guardarán en: outputs/datec.com.bo/datec_com_bo
2025-10-16 22:13:16,774 - be.manager - INFO - 
=======================================================
2025-10-16 22:13:16,774 - be.manager - INFO - 🎯 Iniciando escaneo para el objetivo: datec.com.bo
2025-10-16 22:13:16,774 - be.modules.recon - INFO -    [Recon] Iniciando Reconocimiento Pasivo...
2025-10-16 22:13:16,776 - be.modules.recon - INFO -    [Subdominator] Ejecutando (Timeout: 300s)...
2025-10-16 22:13:43,686 - be.modules.recon - INFO -    [Subdominator] Encontrados 52 subdominios pasivos.
2025-10-16 22:13:43,686 - be.modules.recon - INFO -    [Subfinder] Ejecutando (Timeout: 300s)...
2025-10-16 22:13:59,462 - be.modules.recon - INFO -    [Subfinder] Encontrados 58 subdominios pasivos.
2025-10-16 22:13:59,462 - be.modules.recon - INFO -    [Amass] Ejecutando (Timeout: 300s)...
2025-10-16 22:15:31,579 - be.modules.recon - INFO -    [Amass] Encontrados 1 subdominios pasivos.
2025-10-16 22:15:31,579 - be.modules.recon - INFO -    [Urlscan] Consultando urlscan.io (Timeout: 320s)...
2025-10-16 22:16:08,423 - be.modules.recon - INFO -    [Urlscan] Encontrados 8 subdominios vía API.
2025-10-16 22:16:08,425 - be.modules.recon - INFO -    [Crt.sh] Consultando crt.sh (Timeout: 320s)...
2025-10-16 22:16:12,680 - be.modules.recon - INFO -    [Crt.sh] Encontrados 34 subdominios vía Certificados.
2025-10-16 22:16:12,683 - be.modules.recon - INFO -    [Recon] Se filtraron 2 subdominios con wildcards para evitar errores.
2025-10-16 22:16:12,684 - be.modules.recon - INFO -    [Recon] Total de subdominios únicos y válidos encontrados: 66
2025-10-16 22:16:12,684 - be.modules.recon - INFO -    [Recon] Subdominios válidos guardados en outputs/datec.com.bo/datec_com_bo/datec_com_bo_subdomains.txt y outputs/datec.com.bo/datec_com_bo/datec_com_bo_subdomains.json
2025-10-16 22:16:12,684 - be.manager - INFO -   [+] Ejecutando Módulo PROBING sobre 66 hosts...
2025-10-16 22:16:12,685 - be.modules.probing - INFO -    [Probing] Iniciando sondeo (FAST) de 66 objetivos...
2025-10-16 22:16:12,685 - be.modules.probing - INFO -    [Httpx] Ejecutando en modo muy rápido (solo hosts vivos)...
2025-10-16 22:17:47,058 - be.modules.probing - INFO -    [Probing] 24 hosts vivos guardados en: outputs/datec.com.bo/datec_com_bo/datec_com_bo_positives.txt
2025-10-16 22:17:47,058 - be.modules.probing - INFO -    [Probing] 0 resultados negativos guardados en: outputs/datec.com.bo/datec_com_bo/datec_com_bo_negativos.txt
2025-10-16 22:17:47,059 - be.manager - INFO - ✅ Escaneo finalizado para: datec.com.bo
