2025-10-31 11:52:35,219 - __main__ - INFO - Iniciando BugBounty Framework
2025-10-31 11:52:35,220 - be.manager - INFO - Objetivos cargados: 1
2025-10-31 11:52:35,220 - be.manager - INFO - [+] Iniciando en modo Reconocimiento...
2025-10-31 11:52:35,220 - be.manager - INFO - 💾 Resultados se guardarán en: outputs/mercadolibre
2025-10-31 11:52:35,220 - be.manager - INFO - 💾 Resultados para mercadoshops.com se guardarán en: outputs/mercadolibre/mercadoshops_com
2025-10-31 11:52:35,220 - be.manager - INFO - 
=======================================================
2025-10-31 11:52:35,220 - be.manager - INFO - 🎯 Iniciando escaneo para el objetivo: mercadoshops.com
2025-10-31 11:52:35,220 - be.modules.recon - INFO -    [Recon] Iniciando Reconocimiento Pasivo...
2025-10-31 11:52:35,220 - be.modules.recon - INFO -    [Subdominator] Ejecutando (Timeout: 300s)...
2025-10-31 11:52:41,578 - be.modules.recon - INFO -    [Subdominator] Encontrados 195 subdominios pasivos.
2025-10-31 11:52:41,578 - be.modules.recon - INFO -    [Subfinder] Ejecutando (Timeout: 300s)...
2025-10-31 11:53:14,277 - be.modules.recon - INFO -    [Subfinder] Encontrados 229 subdominios pasivos.
2025-10-31 11:53:14,278 - be.modules.recon - INFO -    [Amass] Ejecutando (Timeout: 300s)...
2025-10-31 11:58:14,299 - be.modules.utils.helpers - WARNING - Comando excedió el tiempo límite (300s): amass enum -passive -d mercadoshops.com
2025-10-31 11:58:14,300 - be.modules.recon - ERROR -    [Amass] ❌ Error al ejecutar o parsear: Timeout en herramienta externa
2025-10-31 11:58:14,300 - be.modules.recon - INFO -    [Urlscan] Consultando urlscan.io (Timeout: 320s)...
2025-10-31 11:58:15,582 - be.modules.recon - INFO -    [Urlscan] Encontrados 5 subdominios vía API.
2025-10-31 11:58:15,583 - be.modules.recon - INFO -    [Crt.sh] Consultando crt.sh (Timeout: 320s)...
2025-10-31 11:58:17,550 - be.modules.recon - INFO -    [Crt.sh] Encontrados 13 subdominios vía Certificados.
2025-10-31 11:58:17,553 - be.modules.recon - INFO -    [Recon] Se filtraron 1 subdominios con wildcards para evitar errores.
2025-10-31 11:58:17,554 - be.modules.recon - INFO -    [Recon] Total de subdominios únicos y válidos encontrados: 270
2025-10-31 11:58:17,556 - be.modules.recon - INFO -    [Recon] Subdominios válidos guardados en outputs/mercadolibre/mercadoshops_com/mercadoshops_com_subdomains.txt y outputs/mercadolibre/mercadoshops_com/mercadoshops_com_subdomains.json
2025-10-31 11:58:17,556 - be.manager - INFO -   [+] Ejecutando Módulo PROBING sobre 270 hosts...
2025-10-31 11:58:17,556 - be.modules.probing - INFO -    [Probing] Iniciando sondeo (LIGHT) de 270 objetivos...
2025-10-31 11:58:17,556 - be.modules.probing - INFO -    [Httpx] Ejecutando en modo completo (extracción de datos en JSON)...
2025-10-31 12:03:14,608 - be.modules.probing - INFO -    [Probing] Resultados completos guardados en: outputs/mercadolibre/mercadoshops_com
2025-10-31 12:03:14,608 - be.manager - INFO - ✅ Escaneo finalizado para: mercadoshops.com
