2025-10-31 13:41:29,816 - __main__ - INFO - Iniciando BugBounty Framework
2025-10-31 13:41:29,818 - be.manager - INFO - Objetivos cargados: 1
2025-10-31 13:41:29,818 - be.manager - INFO - [+] Iniciando en modo Reconocimiento...
2025-10-31 13:41:29,818 - be.manager - INFO - 💾 Resultados se guardarán en: outputs/sandbox.directly.com/
2025-10-31 13:41:29,819 - be.manager - INFO - 💾 Resultados para sandbox.directly.com se guardarán en: outputs/sandbox.directly.com/sandbox_directly_com
2025-10-31 13:41:29,819 - be.manager - INFO - 
=======================================================
2025-10-31 13:41:29,819 - be.manager - INFO - 🎯 Iniciando escaneo para el objetivo: sandbox.directly.com
2025-10-31 13:41:29,819 - be.modules.recon - INFO -    [Recon] Iniciando Reconocimiento Pasivo...
2025-10-31 13:41:29,821 - be.modules.recon - INFO -    [Subdominator] Ejecutando (Timeout: 300s)...
2025-10-31 13:42:02,912 - be.modules.recon - INFO -    [Subdominator] Encontrados 475 subdominios pasivos.
2025-10-31 13:42:02,912 - be.modules.recon - INFO -    [Subfinder] Ejecutando (Timeout: 300s)...
2025-10-31 13:42:39,523 - be.modules.recon - INFO -    [Subfinder] Encontrados 347 subdominios pasivos.
2025-10-31 13:42:39,524 - be.modules.recon - INFO -    [Amass] Ejecutando (Timeout: 300s)...
2025-10-31 13:44:35,245 - be.modules.recon - INFO -    [Amass] Encontrados 1 subdominios pasivos.
2025-10-31 13:44:35,246 - be.modules.recon - INFO -    [Urlscan] Consultando urlscan.io (Timeout: 320s)...
2025-10-31 13:44:36,299 - be.modules.recon - INFO -    [Urlscan] Encontrados 100 subdominios vía API.
2025-10-31 13:44:36,300 - be.modules.recon - INFO -    [Crt.sh] Consultando crt.sh (Timeout: 320s)...
2025-10-31 13:44:38,006 - be.modules.recon - INFO -    [Crt.sh] Encontrados 10 subdominios vía Certificados.
2025-10-31 13:44:38,009 - be.modules.recon - INFO -    [Recon] Se filtraron 1 subdominios con wildcards para evitar errores.
2025-10-31 13:44:38,010 - be.modules.recon - INFO -    [Recon] Total de subdominios únicos y válidos encontrados: 476
2025-10-31 13:44:38,011 - be.modules.recon - INFO -    [Recon] Subdominios válidos guardados en outputs/sandbox.directly.com/sandbox_directly_com/sandbox_directly_com_subdomains.txt y outputs/sandbox.directly.com/sandbox_directly_com/sandbox_directly_com_subdomains.json
2025-10-31 13:44:38,012 - be.manager - INFO -   [+] Ejecutando Módulo PROBING sobre 476 hosts...
2025-10-31 13:44:38,012 - be.modules.probing - INFO -    [Probing] Iniciando sondeo (FAST) de 476 objetivos...
2025-10-31 13:44:38,013 - be.modules.probing - INFO -    [Httpx] Ejecutando en modo muy rápido (solo hosts vivos)...
2025-10-31 13:46:50,874 - be.modules.probing - INFO -    [Probing] 11 hosts vivos guardados en: outputs/sandbox.directly.com/sandbox_directly_com/sandbox_directly_com_positives.txt
2025-10-31 13:46:50,875 - be.modules.probing - INFO -    [Probing] 0 resultados negativos guardados en: outputs/sandbox.directly.com/sandbox_directly_com/sandbox_directly_com_negativos.txt
2025-10-31 13:46:50,877 - be.manager - INFO - ✅ Escaneo finalizado para: sandbox.directly.com
