2025-10-15 14:01:36,778 - __main__ - INFO - Iniciando BugBounty Framework
2025-10-15 14:01:36,779 - be.manager - INFO - Objetivos cargados: 3
2025-10-15 14:01:36,779 - be.manager - INFO - [+] Iniciando en modo Reconocimiento...
2025-10-15 14:01:36,779 - be.manager - INFO - 💾 Resultados para khealth.com se guardarán en: outputs/khealth.com/khealth_com
2025-10-15 14:01:36,779 - be.manager - INFO - 
=======================================================
2025-10-15 14:01:36,779 - be.manager - INFO - 🎯 Iniciando escaneo para el objetivo: khealth.com
2025-10-15 14:01:36,779 - be.modules.recon - INFO -    [Recon] Iniciando Reconocimiento Pasivo...
2025-10-15 14:01:36,781 - be.modules.recon - INFO -    [Subdominator] Ejecutando (Timeout: 300s)...
2025-10-15 14:02:09,957 - be.modules.recon - INFO -    [Subdominator] Encontrados 225 subdominios pasivos.
2025-10-15 14:02:09,957 - be.modules.recon - INFO -    [Subfinder] Ejecutando (Timeout: 300s)...
2025-10-15 14:02:40,428 - be.modules.recon - INFO -    [Subfinder] Encontrados 177 subdominios pasivos.
2025-10-15 14:02:40,429 - be.modules.recon - INFO -    [Amass] Ejecutando (Timeout: 300s)...
2025-10-15 14:07:40,527 - be.modules.utils.helpers - WARNING - Comando excedió el tiempo límite (300s): amass enum -passive -d khealth.com
2025-10-15 14:07:40,528 - be.modules.recon - ERROR -    [Amass] ❌ Error al ejecutar o parsear: Timeout en herramienta externa
2025-10-15 14:07:40,528 - be.modules.recon - INFO -    [Urlscan] Consultando urlscan.io (Timeout: 320s)...
2025-10-15 14:07:57,094 - be.modules.recon - ERROR -    [Urlscan] ❌ Error al conectar o timeout: 503 Server Error: Service Unavailable for url: https://urlscan.io/api/v1/search/?q=domain:khealth.com
2025-10-15 14:07:57,096 - be.modules.recon - INFO -    [Crt.sh] Consultando crt.sh (Timeout: 320s)...
2025-10-15 14:08:15,719 - be.modules.recon - INFO -    [Crt.sh] Encontrados 169 subdominios vía Certificados.
2025-10-15 14:08:15,720 - be.modules.recon - INFO -    [Recon] Se filtraron 5 subdominios con wildcards para evitar errores.
2025-10-15 14:08:15,720 - be.modules.recon - INFO -    [Recon] Total de subdominios únicos y válidos encontrados: 223
2025-10-15 14:08:15,721 - be.modules.recon - INFO -    [Recon] Subdominios válidos guardados en outputs/khealth.com/khealth_com/khealth_com_subdomains.txt y outputs/khealth.com/khealth_com/khealth_com_subdomains.json
2025-10-15 14:08:15,721 - be.manager - INFO -   [+] Ejecutando Módulo PROBING sobre 223 hosts...
2025-10-15 14:08:15,721 - be.modules.probing - INFO -    [Probing] Iniciando sondeo (LIGHT) de 223 objetivos...
2025-10-15 14:08:15,721 - be.modules.probing - INFO -    [Httpx] Ejecutando sin límite de tiempo para 223 subdominios.
2025-10-15 14:24:46,270 - be.modules.probing - INFO -    [Probing] Resultados finales guardados en: outputs/khealth.com/khealth_com
2025-10-15 14:24:46,270 - be.manager - INFO - ✅ Escaneo finalizado para: khealth.com
2025-10-15 14:24:46,270 - be.manager - INFO - 💾 Resultados para khealth.io se guardarán en: outputs/khealth.com/khealth_io
2025-10-15 14:24:46,270 - be.manager - INFO - 
=======================================================
2025-10-15 14:24:46,270 - be.manager - INFO - 🎯 Iniciando escaneo para el objetivo: khealth.io
2025-10-15 14:24:46,270 - be.modules.recon - INFO -    [Recon] Iniciando Reconocimiento Pasivo...
2025-10-15 14:24:46,270 - be.modules.recon - INFO -    [Subdominator] Ejecutando (Timeout: 300s)...
2025-10-15 14:25:18,774 - be.modules.recon - INFO -    [Subdominator] Encontrados 24 subdominios pasivos.
2025-10-15 14:25:18,774 - be.modules.recon - INFO -    [Subfinder] Ejecutando (Timeout: 300s)...
2025-10-15 14:25:49,224 - be.modules.recon - INFO -    [Subfinder] Encontrados 24 subdominios pasivos.
2025-10-15 14:25:49,225 - be.modules.recon - INFO -    [Amass] Ejecutando (Timeout: 300s)...
2025-10-15 14:27:24,537 - be.modules.recon - INFO -    [Amass] Encontrados 43 subdominios pasivos.
2025-10-15 14:27:24,538 - be.modules.recon - INFO -    [Urlscan] Consultando urlscan.io (Timeout: 320s)...
2025-10-15 14:27:25,273 - be.modules.recon - INFO -    [Urlscan] Encontrados 4 subdominios vía API.
2025-10-15 14:27:25,275 - be.modules.recon - INFO -    [Crt.sh] Consultando crt.sh (Timeout: 320s)...
2025-10-15 14:27:28,134 - be.modules.recon - INFO -    [Crt.sh] Encontrados 21 subdominios vía Certificados.
2025-10-15 14:27:28,137 - be.modules.recon - INFO -    [Recon] Se filtraron 1 subdominios con wildcards para evitar errores.
2025-10-15 14:27:28,137 - be.modules.recon - INFO -    [Recon] Total de subdominios únicos y válidos encontrados: 67
2025-10-15 14:27:28,137 - be.modules.recon - INFO -    [Recon] Subdominios válidos guardados en outputs/khealth.com/khealth_io/khealth_io_subdomains.txt y outputs/khealth.com/khealth_io/khealth_io_subdomains.json
2025-10-15 14:27:28,137 - be.manager - INFO -   [+] Ejecutando Módulo PROBING sobre 67 hosts...
2025-10-15 14:27:28,137 - be.modules.probing - INFO -    [Probing] Iniciando sondeo (LIGHT) de 67 objetivos...
2025-10-15 14:27:28,138 - be.modules.probing - INFO -    [Httpx] Ejecutando sin límite de tiempo para 67 subdominios.
2025-10-15 14:27:53,420 - be.modules.probing - INFO -    [Probing] Resultados finales guardados en: outputs/khealth.com/khealth_io
2025-10-15 14:27:53,421 - be.manager - INFO - ✅ Escaneo finalizado para: khealth.io
2025-10-15 14:27:53,421 - be.manager - INFO - 💾 Resultados para kpharmacyllc.com se guardarán en: outputs/khealth.com/kpharmacyllc_com
2025-10-15 14:27:53,421 - be.manager - INFO - 
=======================================================
2025-10-15 14:27:53,422 - be.manager - INFO - 🎯 Iniciando escaneo para el objetivo: kpharmacyllc.com
2025-10-15 14:27:53,422 - be.modules.recon - INFO -    [Recon] Iniciando Reconocimiento Pasivo...
2025-10-15 14:27:53,422 - be.modules.recon - INFO -    [Subdominator] Ejecutando (Timeout: 300s)...
2025-10-15 14:28:25,735 - be.modules.recon - INFO -    [Subdominator] Encontrados 4 subdominios pasivos.
2025-10-15 14:28:25,735 - be.modules.recon - INFO -    [Subfinder] Ejecutando (Timeout: 300s)...
2025-10-15 14:28:56,159 - be.modules.recon - INFO -    [Subfinder] Encontrados 2 subdominios pasivos.
2025-10-15 14:28:56,159 - be.modules.recon - INFO -    [Amass] Ejecutando (Timeout: 300s)...
2025-10-15 14:30:26,906 - be.modules.recon - INFO -    [Amass] Encontrados 48 subdominios pasivos.
2025-10-15 14:30:26,906 - be.modules.recon - INFO -    [Urlscan] Consultando urlscan.io (Timeout: 320s)...
2025-10-15 14:30:27,665 - be.modules.recon - INFO -    [Urlscan] Encontrados 2 subdominios vía API.
2025-10-15 14:30:27,667 - be.modules.recon - INFO -    [Crt.sh] Consultando crt.sh (Timeout: 320s)...
2025-10-15 14:30:39,771 - be.modules.recon - INFO -    [Crt.sh] Encontrados 3 subdominios vía Certificados.
2025-10-15 14:30:39,774 - be.modules.recon - INFO -    [Recon] Se filtraron 1 subdominios con wildcards para evitar errores.
2025-10-15 14:30:39,774 - be.modules.recon - INFO -    [Recon] Total de subdominios únicos y válidos encontrados: 52
2025-10-15 14:30:39,774 - be.modules.recon - INFO -    [Recon] Subdominios válidos guardados en outputs/khealth.com/kpharmacyllc_com/kpharmacyllc_com_subdomains.txt y outputs/khealth.com/kpharmacyllc_com/kpharmacyllc_com_subdomains.json
2025-10-15 14:30:39,774 - be.manager - INFO -   [+] Ejecutando Módulo PROBING sobre 52 hosts...
2025-10-15 14:30:39,774 - be.modules.probing - INFO -    [Probing] Iniciando sondeo (LIGHT) de 52 objetivos...
2025-10-15 14:30:39,774 - be.modules.probing - INFO -    [Httpx] Ejecutando sin límite de tiempo para 52 subdominios.
2025-10-15 14:32:10,734 - be.modules.probing - INFO -    [Probing] Resultados finales guardados en: outputs/khealth.com/kpharmacyllc_com
2025-10-15 14:32:10,734 - be.manager - INFO - ✅ Escaneo finalizado para: kpharmacyllc.com
