2025-11-06 16:14:35,469 - __main__ - INFO - Iniciando BugBounty Framework
2025-11-06 16:14:35,470 - be.manager - INFO - Objetivos cargados: 1
2025-11-06 16:14:35,470 - be.manager - INFO - [+] Iniciando en modo Reconocimiento...
2025-11-06 16:14:35,470 - be.manager - INFO - 💾 Resultados se guardarán en: outputs/ende.bo
2025-11-06 16:14:35,470 - be.manager - INFO - 💾 Resultados para endecorani.bo se guardarán en: outputs/ende.bo/endecorani_bo
2025-11-06 16:14:35,470 - be.manager - INFO - 
=======================================================
2025-11-06 16:14:35,470 - be.manager - INFO - 🎯 Iniciando escaneo para el objetivo: endecorani.bo
2025-11-06 16:14:35,470 - be.modules.recon - INFO -    [Recon] Iniciando Reconocimiento Pasivo...
2025-11-06 16:14:35,470 - be.modules.recon - INFO -    [Subdominator] Ejecutando (Timeout: 300s)...
2025-11-06 16:15:07,932 - be.modules.recon - INFO -    [Subdominator] Encontrados 8 subdominios pasivos.
2025-11-06 16:15:07,932 - be.modules.recon - INFO -    [Subfinder] Ejecutando (Timeout: 300s)...
2025-11-06 16:15:38,342 - be.modules.recon - INFO -    [Subfinder] Encontrados 8 subdominios pasivos.
2025-11-06 16:15:38,342 - be.modules.recon - INFO -    [Amass] Ejecutando (Timeout: 300s)...
2025-11-06 16:16:35,216 - be.modules.recon - INFO -    [Amass] Encontrados 17 subdominios pasivos.
2025-11-06 16:16:35,216 - be.modules.recon - INFO -    [Urlscan] Consultando urlscan.io (Timeout: 320s)...
2025-11-06 16:16:36,093 - be.modules.recon - INFO -    [Urlscan] Encontrados 0 subdominios vía API.
2025-11-06 16:16:36,094 - be.modules.recon - INFO -    [Crt.sh] Consultando crt.sh (Timeout: 320s)...
2025-11-06 16:16:36,902 - be.modules.recon - INFO -    [Crt.sh] Encontrados 4 subdominios vía Certificados.
2025-11-06 16:16:36,903 - be.modules.recon - INFO -    [Recon] Se filtraron 1 subdominios con wildcards para evitar errores.
2025-11-06 16:16:36,903 - be.modules.recon - INFO -    [Recon] Total de subdominios únicos y válidos encontrados: 26
2025-11-06 16:16:36,903 - be.modules.recon - INFO -    [Recon] Subdominios válidos guardados en outputs/ende.bo/endecorani_bo/endecorani_bo_subdomains.txt y outputs/ende.bo/endecorani_bo/endecorani_bo_subdomains.json
2025-11-06 16:16:36,903 - be.manager - INFO -   [+] Ejecutando Módulo PROBING sobre 26 hosts...
2025-11-06 16:16:36,903 - be.modules.probing - INFO -    [Probing] Iniciando sondeo (FAST) de 26 objetivos...
2025-11-06 16:16:36,903 - be.modules.probing - INFO -    [Httpx] Ejecutando en modo muy rápido (solo hosts vivos)...
2025-11-06 16:16:57,743 - be.modules.probing - INFO -    [Probing] 3 hosts vivos guardados en: outputs/ende.bo/endecorani_bo/endecorani_bo_positives.txt
2025-11-06 16:16:57,744 - be.modules.probing - INFO -    [Probing] 0 resultados negativos guardados en: outputs/ende.bo/endecorani_bo/endecorani_bo_negativos.txt
2025-11-06 16:16:57,744 - be.manager - INFO - ✅ Escaneo finalizado para: endecorani.bo
