2025-10-16 16:06:40,744 - __main__ - INFO - Iniciando BugBounty Framework
2025-10-16 16:06:40,744 - be.manager - INFO - Objetivos cargados: 1
2025-10-16 16:06:40,745 - be.manager - INFO - [+] Iniciando en modo Reconocimiento...
2025-10-16 16:06:40,745 - be.manager - INFO - 💾 Resultados se guardarán en: outputs/nasa.gov
2025-10-16 16:06:40,745 - be.manager - INFO - 💾 Resultados para nasa.gov se guardarán en: outputs/nasa.gov/nasa_gov
2025-10-16 16:06:40,745 - be.manager - INFO - 
=======================================================
2025-10-16 16:06:40,745 - be.manager - INFO - 🎯 Iniciando escaneo para el objetivo: nasa.gov
2025-10-16 16:06:40,745 - be.modules.recon - INFO -    [Recon] Iniciando Reconocimiento Pasivo...
2025-10-16 16:06:40,745 - be.modules.recon - INFO -    [Subdominator] Ejecutando (Timeout: 300s)...
2025-10-16 16:07:15,549 - be.modules.recon - INFO -    [Subdominator] Encontrados 37643 subdominios pasivos.
2025-10-16 16:07:15,549 - be.modules.recon - INFO -    [Subfinder] Ejecutando (Timeout: 300s)...
2025-10-16 16:07:46,321 - be.modules.recon - INFO -    [Subfinder] Encontrados 15140 subdominios pasivos.
2025-10-16 16:07:46,321 - be.modules.recon - INFO -    [Amass] Ejecutando (Timeout: 300s)...
2025-10-16 16:09:48,053 - be.modules.recon - INFO -    [Amass] Encontrados 7 subdominios pasivos.
2025-10-16 16:09:48,053 - be.modules.recon - INFO -    [Urlscan] Consultando urlscan.io (Timeout: 320s)...
2025-10-16 16:10:08,071 - be.modules.recon - ERROR -    [Urlscan] ❌ Error al conectar o timeout: HTTPSConnectionPool(host='urlscan.io', port=443): Max retries exceeded with url: /api/v1/search/?q=domain:nasa.gov (Caused by NameResolutionError("<urllib3.connection.HTTPSConnection object at 0x7f331ae18590>: Failed to resolve 'urlscan.io' ([Errno -3] Temporary failure in name resolution)"))
2025-10-16 16:10:08,071 - be.modules.recon - INFO -    [Crt.sh] Consultando crt.sh (Timeout: 320s)...
2025-10-16 16:10:28,091 - be.modules.recon - ERROR -    [Crt.sh] ❌ Error al conectar o timeout: HTTPSConnectionPool(host='crt.sh', port=443): Max retries exceeded with url: /?q=%25.nasa.gov&output=json (Caused by NameResolutionError("<urllib3.connection.HTTPSConnection object at 0x7f331ae05450>: Failed to resolve 'crt.sh' ([Errno -3] Temporary failure in name resolution)"))
2025-10-16 16:10:28,118 - be.modules.recon - INFO -    [Recon] Se filtraron 18 subdominios con wildcards para evitar errores.
2025-10-16 16:10:28,146 - be.modules.recon - INFO -    [Recon] Total de subdominios únicos y válidos encontrados: 40440
2025-10-16 16:10:28,170 - be.modules.recon - INFO -    [Recon] Subdominios válidos guardados en outputs/nasa.gov/nasa_gov/nasa_gov_subdomains.txt y outputs/nasa.gov/nasa_gov/nasa_gov_subdomains.json
2025-10-16 16:10:28,170 - be.manager - INFO -   [+] Ejecutando Módulo PROBING sobre 40440 hosts...
2025-10-16 16:10:28,170 - be.modules.probing - INFO -    [Probing] Iniciando sondeo (FAST) de 40440 objetivos...
2025-10-16 16:10:28,174 - be.modules.probing - INFO -    [Httpx] Ejecutando en modo muy rápido (solo hosts vivos)...
