2025-10-21 11:20:08,690 - __main__ - INFO - Iniciando BugBounty Framework
2025-10-21 11:20:08,691 - be.manager - INFO - Objetivos cargados: 1
2025-10-21 11:20:08,691 - be.manager - INFO - [+] Iniciando en modo Reconocimiento...
2025-10-21 11:20:08,691 - be.manager - INFO - 💾 Resultados se guardarán en: outputs/datec
2025-10-21 11:20:08,691 - be.manager - INFO - 💾 Resultados para datec.com.bo se guardarán en: outputs/datec/datec_com_bo
2025-10-21 11:20:08,691 - be.manager - INFO - 
=======================================================
2025-10-21 11:20:08,691 - be.manager - INFO - 🎯 Iniciando escaneo para el objetivo: datec.com.bo
2025-10-21 11:20:08,691 - be.modules.recon - INFO -    [Recon] Iniciando Reconocimiento Pasivo...
2025-10-21 11:20:08,692 - be.modules.recon - INFO -    [Subdominator] Ejecutando (Timeout: 300s)...
2025-10-21 11:20:47,005 - be.modules.recon - INFO -    [Subdominator] Encontrados 33 subdominios pasivos.
2025-10-21 11:20:47,005 - be.modules.recon - INFO -    [Subfinder] Ejecutando (Timeout: 300s)...
2025-10-21 11:20:58,420 - be.modules.recon - INFO -    [Subfinder] Encontrados 58 subdominios pasivos.
2025-10-21 11:20:58,420 - be.modules.recon - INFO -    [Amass] Ejecutando (Timeout: 300s)...
2025-10-21 11:25:58,422 - be.modules.utils.helpers - WARNING - Comando excedió el tiempo límite (300s): amass enum -passive -d datec.com.bo
2025-10-21 11:25:58,422 - be.modules.recon - ERROR -    [Amass] ❌ Error al ejecutar o parsear: Timeout en herramienta externa
2025-10-21 11:25:58,422 - be.modules.recon - INFO -    [Urlscan] Consultando urlscan.io (Timeout: 320s)...
2025-10-21 11:25:59,448 - be.modules.recon - INFO -    [Urlscan] Encontrados 8 subdominios vía API.
2025-10-21 11:25:59,449 - be.modules.recon - INFO -    [Crt.sh] Consultando crt.sh (Timeout: 320s)...
2025-10-21 11:26:00,803 - be.modules.recon - ERROR -    [Crt.sh] ❌ Error al conectar o timeout: 404 Client Error: Not Found for url: https://crt.sh/?q=%25.datec.com.bo&output=json
2025-10-21 11:26:00,805 - be.modules.recon - INFO -    [Recon] Total de subdominios únicos y válidos encontrados: 65
2025-10-21 11:26:00,805 - be.modules.recon - INFO -    [Recon] Subdominios válidos guardados en outputs/datec/datec_com_bo/datec_com_bo_subdomains.txt y outputs/datec/datec_com_bo/datec_com_bo_subdomains.json
2025-10-21 11:26:00,805 - be.manager - INFO -   [+] Ejecutando Módulo PROBING sobre 65 hosts...
2025-10-21 11:26:00,806 - be.modules.probing - INFO -    [Probing] Iniciando sondeo (FAST) de 65 objetivos...
2025-10-21 11:26:00,806 - be.modules.probing - INFO -    [Httpx] Ejecutando en modo muy rápido (solo hosts vivos)...
2025-10-21 11:27:42,300 - be.modules.probing - INFO -    [Probing] 24 hosts vivos guardados en: outputs/datec/datec_com_bo/datec_com_bo_positives.txt
2025-10-21 11:27:42,300 - be.modules.probing - INFO -    [Probing] 0 resultados negativos guardados en: outputs/datec/datec_com_bo/datec_com_bo_negativos.txt
2025-10-21 11:27:42,300 - be.manager - INFO - ✅ Escaneo finalizado para: datec.com.bo
