2025-10-21 11:28:23,352 - __main__ - INFO - Iniciando BugBounty Framework
2025-10-21 11:28:23,353 - be.manager - INFO - Objetivos cargados: 24
2025-10-21 11:28:23,354 - be.manager - INFO - [+] Iniciando en modo Directo (solo --urls)...
2025-10-21 11:28:23,354 - be.manager - INFO - 💾 Resultados se guardarán en: outputs/datec
2025-10-21 11:28:23,354 - be.manager - INFO -   [+] Ejecutando Módulo URLS sobre 24 hosts/dominios de la lista...
2025-10-21 11:28:23,356 - be.modules.urls - INFO -    [URLs] Iniciando procesamiento para 24 hosts...
2025-10-21 11:28:23,357 - be.modules.urls - INFO - 
   [URLs] -------------------------------------------------
2025-10-21 11:28:23,357 - be.modules.urls - INFO -    [URLs] 🎯 Procesando host: http://dev-www.datec.com.bo
2025-10-21 11:28:23,357 - be.modules.urls - INFO -      -> Buscando en 'http://dev-www.datec.com.bo' con gau...
2025-10-21 11:28:38,491 - be.modules.urls - INFO -      -> Buscando en 'http://dev-www.datec.com.bo' con katana...
2025-10-21 11:29:25,921 - be.modules.urls - INFO -      [katana] Encontró 2 URLs.
2025-10-21 11:29:25,921 - be.modules.urls - INFO -    [URLs] Se encontraron 2 URLs para http://dev-www.datec.com.bo. Guardando...
2025-10-21 11:29:25,922 - be.modules.urls - INFO -    [URLs] ✅ Resultados para 'http://dev-www.datec.com.bo' guardados en: outputs/datec/http___dev-www.datec.com.bo
2025-10-21 11:29:25,922 - be.modules.urls - INFO - 
   [URLs] -------------------------------------------------
2025-10-21 11:29:25,922 - be.modules.urls - INFO -    [URLs] 🎯 Procesando host: http://dtscconn4.datec.com.bo
2025-10-21 11:29:25,922 - be.modules.urls - INFO -      -> Buscando en 'http://dtscconn4.datec.com.bo' con gau...
2025-10-21 11:29:37,644 - be.modules.urls - INFO -      [gau] Encontró 1 URLs.
2025-10-21 11:29:37,644 - be.modules.urls - INFO -      -> Buscando en 'http://dtscconn4.datec.com.bo' con katana...
2025-10-21 11:29:48,195 - be.modules.urls - INFO -      [katana] Encontró 1 URLs.
2025-10-21 11:29:48,195 - be.modules.urls - INFO -    [URLs] Se encontraron 2 URLs para http://dtscconn4.datec.com.bo. Guardando...
2025-10-21 11:29:48,196 - be.modules.urls - INFO -    [URLs] ✅ Resultados para 'http://dtscconn4.datec.com.bo' guardados en: outputs/datec/http___dtscconn4.datec.com.bo
2025-10-21 11:29:48,196 - be.modules.urls - INFO - 
   [URLs] -------------------------------------------------
2025-10-21 11:29:48,196 - be.modules.urls - INFO -    [URLs] 🎯 Procesando host: https://blob-service.datec.com.bo
2025-10-21 11:29:48,196 - be.modules.urls - INFO -      -> Buscando en 'https://blob-service.datec.com.bo' con gau...
2025-10-21 11:30:04,545 - be.modules.urls - INFO -      -> Buscando en 'https://blob-service.datec.com.bo' con katana...
2025-10-21 11:30:15,044 - be.modules.urls - INFO -      [katana] Encontró 1 URLs.
2025-10-21 11:30:15,044 - be.modules.urls - INFO -    [URLs] Se encontraron 1 URLs para https://blob-service.datec.com.bo. Guardando...
2025-10-21 11:30:15,045 - be.modules.urls - INFO -    [URLs] ✅ Resultados para 'https://blob-service.datec.com.bo' guardados en: outputs/datec/https___blob-service.datec.com.bo
2025-10-21 11:30:15,045 - be.modules.urls - INFO - 
   [URLs] -------------------------------------------------
2025-10-21 11:30:15,045 - be.modules.urls - INFO -    [URLs] 🎯 Procesando host: https://crt-skt.datec.com.bo
2025-10-21 11:30:15,045 - be.modules.urls - INFO -      -> Buscando en 'https://crt-skt.datec.com.bo' con gau...
2025-10-21 11:30:25,415 - be.modules.urls - INFO -      -> Buscando en 'https://crt-skt.datec.com.bo' con katana...
2025-10-21 11:30:36,033 - be.modules.urls - INFO -      [katana] Encontró 1 URLs.
2025-10-21 11:30:36,034 - be.modules.urls - INFO -    [URLs] Se encontraron 1 URLs para https://crt-skt.datec.com.bo. Guardando...
2025-10-21 11:30:36,034 - be.modules.urls - INFO -    [URLs] ✅ Resultados para 'https://crt-skt.datec.com.bo' guardados en: outputs/datec/https___crt-skt.datec.com.bo
2025-10-21 11:30:36,034 - be.modules.urls - INFO - 
   [URLs] -------------------------------------------------
2025-10-21 11:30:36,034 - be.modules.urls - INFO -    [URLs] 🎯 Procesando host: https://dadooprd.datec.com.bo
2025-10-21 11:30:36,034 - be.modules.urls - INFO -      -> Buscando en 'https://dadooprd.datec.com.bo' con gau...
2025-10-21 11:30:44,325 - be.modules.urls - INFO -      -> Buscando en 'https://dadooprd.datec.com.bo' con katana...
2025-10-21 11:30:56,765 - be.modules.urls - INFO -      [katana] Encontró 10 URLs.
2025-10-21 11:30:56,765 - be.modules.urls - INFO -    [URLs] Se encontraron 10 URLs para https://dadooprd.datec.com.bo. Guardando...
2025-10-21 11:30:56,766 - be.modules.urls - INFO -    [URLs] ✅ Resultados para 'https://dadooprd.datec.com.bo' guardados en: outputs/datec/https___dadooprd.datec.com.bo
2025-10-21 11:30:56,766 - be.modules.urls - INFO - 
   [URLs] -------------------------------------------------
2025-10-21 11:30:56,767 - be.modules.urls - INFO -    [URLs] 🎯 Procesando host: https://dadoopreprd.datec.com.bo
2025-10-21 11:30:56,767 - be.modules.urls - INFO -      -> Buscando en 'https://dadoopreprd.datec.com.bo' con gau...
2025-10-21 11:31:05,296 - be.modules.urls - INFO -      -> Buscando en 'https://dadoopreprd.datec.com.bo' con katana...
2025-10-21 11:31:19,841 - be.modules.urls - INFO -      [katana] Encontró 20 URLs.
2025-10-21 11:31:19,841 - be.modules.urls - INFO -    [URLs] Se encontraron 20 URLs para https://dadoopreprd.datec.com.bo. Guardando...
2025-10-21 11:31:19,842 - be.modules.urls - INFO -    [URLs] ✅ Resultados para 'https://dadoopreprd.datec.com.bo' guardados en: outputs/datec/https___dadoopreprd.datec.com.bo
2025-10-21 11:31:19,842 - be.modules.urls - INFO - 
   [URLs] -------------------------------------------------
2025-10-21 11:31:19,842 - be.modules.urls - INFO -    [URLs] 🎯 Procesando host: https://datec.com.bo
2025-10-21 11:31:19,842 - be.modules.urls - INFO -      -> Buscando en 'https://datec.com.bo' con gau...
2025-10-21 11:31:36,496 - be.modules.urls - INFO -      [gau] Encontró 4078 URLs.
2025-10-21 11:31:36,497 - be.modules.urls - INFO -      -> Buscando en 'https://datec.com.bo' con katana...
2025-10-21 11:33:25,348 - be.modules.urls - INFO -      [katana] Encontró 246 URLs.
2025-10-21 11:33:25,348 - be.modules.urls - INFO -    [URLs] Se encontraron 4278 URLs para https://datec.com.bo. Guardando...
2025-10-21 11:33:25,487 - be.modules.urls - INFO -    [URLs] ✅ Resultados para 'https://datec.com.bo' guardados en: outputs/datec/https___datec.com.bo
2025-10-21 11:33:25,487 - be.modules.urls - INFO - 
   [URLs] -------------------------------------------------
2025-10-21 11:33:25,488 - be.modules.urls - INFO -    [URLs] 🎯 Procesando host: https://dev-upos.datec.com.bo
2025-10-21 11:33:25,488 - be.modules.urls - INFO -      -> Buscando en 'https://dev-upos.datec.com.bo' con gau...
2025-10-21 11:33:33,862 - be.modules.urls - INFO -      [gau] Encontró 1 URLs.
2025-10-21 11:33:33,862 - be.modules.urls - INFO -      -> Buscando en 'https://dev-upos.datec.com.bo' con katana...
2025-10-21 11:33:44,336 - be.modules.urls - INFO -      [katana] Encontró 1 URLs.
2025-10-21 11:33:44,336 - be.modules.urls - INFO -    [URLs] Se encontraron 2 URLs para https://dev-upos.datec.com.bo. Guardando...
2025-10-21 11:33:44,337 - be.modules.urls - INFO -    [URLs] ✅ Resultados para 'https://dev-upos.datec.com.bo' guardados en: outputs/datec/https___dev-upos.datec.com.bo
2025-10-21 11:33:44,338 - be.modules.urls - INFO - 
   [URLs] -------------------------------------------------
2025-10-21 11:33:44,338 - be.modules.urls - INFO -    [URLs] 🎯 Procesando host: https://dev-wpos.datec.com.bo
2025-10-21 11:33:44,338 - be.modules.urls - INFO -      -> Buscando en 'https://dev-wpos.datec.com.bo' con gau...
2025-10-21 11:33:52,455 - be.modules.urls - INFO -      [gau] Encontró 1 URLs.
2025-10-21 11:33:52,456 - be.modules.urls - INFO -      -> Buscando en 'https://dev-wpos.datec.com.bo' con katana...
2025-10-21 11:34:02,921 - be.modules.urls - INFO -      [katana] Encontró 1 URLs.
2025-10-21 11:34:02,921 - be.modules.urls - INFO -    [URLs] Se encontraron 2 URLs para https://dev-wpos.datec.com.bo. Guardando...
2025-10-21 11:34:02,922 - be.modules.urls - INFO -    [URLs] ✅ Resultados para 'https://dev-wpos.datec.com.bo' guardados en: outputs/datec/https___dev-wpos.datec.com.bo
2025-10-21 11:34:02,922 - be.modules.urls - INFO - 
   [URLs] -------------------------------------------------
2025-10-21 11:34:02,922 - be.modules.urls - INFO -    [URLs] 🎯 Procesando host: https://draw.datec.com.bo
2025-10-21 11:34:02,922 - be.modules.urls - INFO -      -> Buscando en 'https://draw.datec.com.bo' con gau...
2025-10-21 11:34:12,000 - be.modules.urls - INFO -      [gau] Encontró 10 URLs.
2025-10-21 11:34:12,001 - be.modules.urls - INFO -      -> Buscando en 'https://draw.datec.com.bo' con katana...
2025-10-21 11:34:24,461 - be.modules.urls - INFO -      [katana] Encontró 6 URLs.
2025-10-21 11:34:24,461 - be.modules.urls - INFO -    [URLs] Se encontraron 15 URLs para https://draw.datec.com.bo. Guardando...
2025-10-21 11:34:24,462 - be.modules.urls - INFO -    [URLs] ✅ Resultados para 'https://draw.datec.com.bo' guardados en: outputs/datec/https___draw.datec.com.bo
2025-10-21 11:34:24,462 - be.modules.urls - INFO - 
   [URLs] -------------------------------------------------
2025-10-21 11:34:24,462 - be.modules.urls - INFO -    [URLs] 🎯 Procesando host: https://drive.datec.com.bo
2025-10-21 11:34:24,462 - be.modules.urls - INFO -      -> Buscando en 'https://drive.datec.com.bo' con gau...
2025-10-21 11:34:33,029 - be.modules.urls - INFO -      -> Buscando en 'https://drive.datec.com.bo' con katana...
2025-10-21 11:34:43,471 - be.modules.urls - INFO -      [katana] Encontró 1 URLs.
2025-10-21 11:34:43,471 - be.modules.urls - INFO -    [URLs] Se encontraron 1 URLs para https://drive.datec.com.bo. Guardando...
2025-10-21 11:34:43,472 - be.modules.urls - INFO -    [URLs] ✅ Resultados para 'https://drive.datec.com.bo' guardados en: outputs/datec/https___drive.datec.com.bo
2025-10-21 11:34:43,472 - be.modules.urls - INFO - 
   [URLs] -------------------------------------------------
2025-10-21 11:34:43,472 - be.modules.urls - INFO -    [URLs] 🎯 Procesando host: https://dtsc-collab-ra01.datec.com.bo
2025-10-21 11:34:43,473 - be.modules.urls - INFO -      -> Buscando en 'https://dtsc-collab-ra01.datec.com.bo' con gau...
2025-10-21 11:34:51,897 - be.modules.urls - INFO -      [gau] Encontró 2 URLs.
2025-10-21 11:34:51,897 - be.modules.urls - INFO -      -> Buscando en 'https://dtsc-collab-ra01.datec.com.bo' con katana...
2025-10-21 11:35:03,370 - be.modules.urls - INFO -      [katana] Encontró 4 URLs.
2025-10-21 11:35:03,371 - be.modules.urls - INFO -    [URLs] Se encontraron 5 URLs para https://dtsc-collab-ra01.datec.com.bo. Guardando...
2025-10-21 11:35:03,372 - be.modules.urls - INFO -    [URLs] ✅ Resultados para 'https://dtsc-collab-ra01.datec.com.bo' guardados en: outputs/datec/https___dtsc-collab-ra01.datec.com.bo
2025-10-21 11:35:03,372 - be.modules.urls - INFO - 
   [URLs] -------------------------------------------------
2025-10-21 11:35:03,372 - be.modules.urls - INFO -    [URLs] 🎯 Procesando host: https://hdc-service.datec.com.bo
2025-10-21 11:35:03,373 - be.modules.urls - INFO -      -> Buscando en 'https://hdc-service.datec.com.bo' con gau...
2025-10-21 11:35:11,550 - be.modules.urls - INFO -      -> Buscando en 'https://hdc-service.datec.com.bo' con katana...
2025-10-21 11:35:21,989 - be.modules.urls - INFO -      [katana] Encontró 1 URLs.
2025-10-21 11:35:21,990 - be.modules.urls - INFO -    [URLs] Se encontraron 1 URLs para https://hdc-service.datec.com.bo. Guardando...
2025-10-21 11:35:21,991 - be.modules.urls - INFO -    [URLs] ✅ Resultados para 'https://hdc-service.datec.com.bo' guardados en: outputs/datec/https___hdc-service.datec.com.bo
2025-10-21 11:35:21,993 - be.modules.urls - INFO - 
   [URLs] -------------------------------------------------
2025-10-21 11:35:21,993 - be.modules.urls - INFO -    [URLs] 🎯 Procesando host: https://intranet.datec.com.bo
2025-10-21 11:35:21,993 - be.modules.urls - INFO -      -> Buscando en 'https://intranet.datec.com.bo' con gau...
2025-10-21 11:35:30,892 - be.modules.urls - INFO -      [gau] Encontró 1 URLs.
2025-10-21 11:35:30,892 - be.modules.urls - INFO -      -> Buscando en 'https://intranet.datec.com.bo' con katana...
2025-10-21 11:35:41,330 - be.modules.urls - INFO -      [katana] Encontró 1 URLs.
2025-10-21 11:35:41,331 - be.modules.urls - INFO -    [URLs] Se encontraron 2 URLs para https://intranet.datec.com.bo. Guardando...
2025-10-21 11:35:41,331 - be.modules.urls - INFO -    [URLs] ✅ Resultados para 'https://intranet.datec.com.bo' guardados en: outputs/datec/https___intranet.datec.com.bo
2025-10-21 11:35:41,332 - be.modules.urls - INFO - 
   [URLs] -------------------------------------------------
2025-10-21 11:35:41,332 - be.modules.urls - INFO -    [URLs] 🎯 Procesando host: https://lab-skt.datec.com.bo
2025-10-21 11:35:41,332 - be.modules.urls - INFO -      -> Buscando en 'https://lab-skt.datec.com.bo' con gau...
2025-10-21 11:35:59,028 - be.modules.urls - INFO -      -> Buscando en 'https://lab-skt.datec.com.bo' con katana...
2025-10-21 11:36:09,477 - be.modules.urls - INFO -      [katana] Encontró 1 URLs.
2025-10-21 11:36:09,477 - be.modules.urls - INFO -    [URLs] Se encontraron 1 URLs para https://lab-skt.datec.com.bo. Guardando...
2025-10-21 11:36:09,477 - be.modules.urls - INFO -    [URLs] ✅ Resultados para 'https://lab-skt.datec.com.bo' guardados en: outputs/datec/https___lab-skt.datec.com.bo
2025-10-21 11:36:09,477 - be.modules.urls - INFO - 
   [URLs] -------------------------------------------------
2025-10-21 11:36:09,477 - be.modules.urls - INFO -    [URLs] 🎯 Procesando host: https://link.datec.com.bo
2025-10-21 11:36:09,477 - be.modules.urls - INFO -      -> Buscando en 'https://link.datec.com.bo' con gau...
2025-10-21 11:36:17,925 - be.modules.urls - INFO -      [gau] Encontró 1 URLs.
2025-10-21 11:36:17,925 - be.modules.urls - INFO -      -> Buscando en 'https://link.datec.com.bo' con katana...
2025-10-21 11:36:28,523 - be.modules.urls - INFO -      [katana] Encontró 1 URLs.
2025-10-21 11:36:28,523 - be.modules.urls - INFO -    [URLs] Se encontraron 2 URLs para https://link.datec.com.bo. Guardando...
2025-10-21 11:36:28,523 - be.modules.urls - INFO -    [URLs] ✅ Resultados para 'https://link.datec.com.bo' guardados en: outputs/datec/https___link.datec.com.bo
2025-10-21 11:36:28,523 - be.modules.urls - INFO - 
   [URLs] -------------------------------------------------
2025-10-21 11:36:28,523 - be.modules.urls - INFO -    [URLs] 🎯 Procesando host: https://liquidaciones.datec.com.bo
2025-10-21 11:36:28,523 - be.modules.urls - INFO -      -> Buscando en 'https://liquidaciones.datec.com.bo' con gau...
2025-10-21 11:36:37,259 - be.modules.urls - INFO -      [gau] Encontró 1 URLs.
2025-10-21 11:36:37,259 - be.modules.urls - INFO -      -> Buscando en 'https://liquidaciones.datec.com.bo' con katana...
2025-10-21 11:36:50,817 - be.modules.urls - INFO -      [katana] Encontró 30 URLs.
2025-10-21 11:36:50,818 - be.modules.urls - INFO -    [URLs] Se encontraron 31 URLs para https://liquidaciones.datec.com.bo. Guardando...
2025-10-21 11:36:50,819 - be.modules.urls - INFO -    [URLs] ✅ Resultados para 'https://liquidaciones.datec.com.bo' guardados en: outputs/datec/https___liquidaciones.datec.com.bo
2025-10-21 11:36:50,819 - be.modules.urls - INFO - 
   [URLs] -------------------------------------------------
2025-10-21 11:36:50,819 - be.modules.urls - INFO -    [URLs] 🎯 Procesando host: https://new.datec.com.bo
2025-10-21 11:36:50,819 - be.modules.urls - INFO -      -> Buscando en 'https://new.datec.com.bo' con gau...
2025-10-21 11:36:58,931 - be.modules.urls - INFO -      [gau] Encontró 16 URLs.
2025-10-21 11:36:58,931 - be.modules.urls - INFO -      -> Buscando en 'https://new.datec.com.bo' con katana...
2025-10-21 11:37:39,602 - be.modules.urls - INFO -      [katana] Encontró 295 URLs.
2025-10-21 11:37:39,603 - be.modules.urls - INFO -    [URLs] Se encontraron 299 URLs para https://new.datec.com.bo. Guardando...
2025-10-21 11:37:39,612 - be.modules.urls - INFO -    [URLs] ✅ Resultados para 'https://new.datec.com.bo' guardados en: outputs/datec/https___new.datec.com.bo
2025-10-21 11:37:39,612 - be.modules.urls - INFO - 
   [URLs] -------------------------------------------------
2025-10-21 11:37:39,612 - be.modules.urls - INFO -    [URLs] 🎯 Procesando host: https://odoo.datec.com.bo
2025-10-21 11:37:39,612 - be.modules.urls - INFO -      -> Buscando en 'https://odoo.datec.com.bo' con gau...
2025-10-21 11:37:47,715 - be.modules.urls - INFO -      -> Buscando en 'https://odoo.datec.com.bo' con katana...
2025-10-21 11:38:01,544 - be.modules.urls - INFO -      [katana] Encontró 21 URLs.
2025-10-21 11:38:01,544 - be.modules.urls - INFO -    [URLs] Se encontraron 21 URLs para https://odoo.datec.com.bo. Guardando...
2025-10-21 11:38:01,546 - be.modules.urls - INFO -    [URLs] ✅ Resultados para 'https://odoo.datec.com.bo' guardados en: outputs/datec/https___odoo.datec.com.bo
2025-10-21 11:38:01,546 - be.modules.urls - INFO - 
   [URLs] -------------------------------------------------
2025-10-21 11:38:01,546 - be.modules.urls - INFO -    [URLs] 🎯 Procesando host: https://pre-skt.datec.com.bo
2025-10-21 11:38:01,546 - be.modules.urls - INFO -      -> Buscando en 'https://pre-skt.datec.com.bo' con gau...
2025-10-21 11:38:11,303 - be.modules.urls - INFO -      -> Buscando en 'https://pre-skt.datec.com.bo' con katana...
2025-10-21 11:38:21,756 - be.modules.urls - INFO -      [katana] Encontró 1 URLs.
2025-10-21 11:38:21,756 - be.modules.urls - INFO -    [URLs] Se encontraron 1 URLs para https://pre-skt.datec.com.bo. Guardando...
2025-10-21 11:38:21,756 - be.modules.urls - INFO -    [URLs] ✅ Resultados para 'https://pre-skt.datec.com.bo' guardados en: outputs/datec/https___pre-skt.datec.com.bo
2025-10-21 11:38:21,757 - be.modules.urls - INFO - 
   [URLs] -------------------------------------------------
2025-10-21 11:38:21,757 - be.modules.urls - INFO -    [URLs] 🎯 Procesando host: https://prepdv.datec.com.bo
2025-10-21 11:38:21,757 - be.modules.urls - INFO -      -> Buscando en 'https://prepdv.datec.com.bo' con gau...
2025-10-21 11:38:30,260 - be.modules.urls - INFO -      [gau] Encontró 3 URLs.
2025-10-21 11:38:30,260 - be.modules.urls - INFO -      -> Buscando en 'https://prepdv.datec.com.bo' con katana...
2025-10-21 11:38:46,703 - be.modules.urls - INFO -      [katana] Encontró 11 URLs.
2025-10-21 11:38:46,703 - be.modules.urls - INFO -    [URLs] Se encontraron 12 URLs para https://prepdv.datec.com.bo. Guardando...
2025-10-21 11:38:46,703 - be.modules.urls - INFO -    [URLs] ✅ Resultados para 'https://prepdv.datec.com.bo' guardados en: outputs/datec/https___prepdv.datec.com.bo
2025-10-21 11:38:46,703 - be.modules.urls - INFO - 
   [URLs] -------------------------------------------------
2025-10-21 11:38:46,703 - be.modules.urls - INFO -    [URLs] 🎯 Procesando host: https://skt.datec.com.bo
2025-10-21 11:38:46,703 - be.modules.urls - INFO -      -> Buscando en 'https://skt.datec.com.bo' con gau...
2025-10-21 11:38:55,830 - be.modules.urls - INFO -      -> Buscando en 'https://skt.datec.com.bo' con katana...
2025-10-21 11:39:06,302 - be.modules.urls - INFO -      [katana] Encontró 1 URLs.
2025-10-21 11:39:06,302 - be.modules.urls - INFO -    [URLs] Se encontraron 1 URLs para https://skt.datec.com.bo. Guardando...
2025-10-21 11:39:06,303 - be.modules.urls - INFO -    [URLs] ✅ Resultados para 'https://skt.datec.com.bo' guardados en: outputs/datec/https___skt.datec.com.bo
2025-10-21 11:39:06,303 - be.modules.urls - INFO - 
   [URLs] -------------------------------------------------
2025-10-21 11:39:06,304 - be.modules.urls - INFO -    [URLs] 🎯 Procesando host: https://unidades.datec.com.bo
2025-10-21 11:39:06,304 - be.modules.urls - INFO -      -> Buscando en 'https://unidades.datec.com.bo' con gau...
2025-10-21 11:39:14,933 - be.modules.urls - INFO -      [gau] Encontró 1 URLs.
2025-10-21 11:39:14,934 - be.modules.urls - INFO -      -> Buscando en 'https://unidades.datec.com.bo' con katana...
2025-10-21 11:39:56,320 - be.modules.urls - INFO -      [katana] Encontró 284 URLs.
2025-10-21 11:39:56,321 - be.modules.urls - INFO -    [URLs] Se encontraron 285 URLs para https://unidades.datec.com.bo. Guardando...
2025-10-21 11:39:56,342 - be.modules.urls - INFO -    [URLs] ✅ Resultados para 'https://unidades.datec.com.bo' guardados en: outputs/datec/https___unidades.datec.com.bo
2025-10-21 11:39:56,343 - be.modules.urls - INFO - 
   [URLs] -------------------------------------------------
2025-10-21 11:39:56,343 - be.modules.urls - INFO -    [URLs] 🎯 Procesando host: https://www.datec.com.bo
2025-10-21 11:39:56,343 - be.modules.urls - INFO -      -> Buscando en 'https://www.datec.com.bo' con gau...
2025-10-21 11:40:08,890 - be.modules.urls - INFO -      [gau] Encontró 4078 URLs.
2025-10-21 11:40:08,891 - be.modules.urls - INFO -      -> Buscando en 'https://www.datec.com.bo' con katana...
2025-10-21 11:40:48,007 - be.modules.urls - INFO -      [katana] Encontró 283 URLs.
2025-10-21 11:40:48,007 - be.modules.urls - INFO -    [URLs] Se encontraron 4303 URLs para https://www.datec.com.bo. Guardando...
2025-10-21 11:40:48,153 - be.modules.urls - INFO -    [URLs] ✅ Resultados para 'https://www.datec.com.bo' guardados en: outputs/datec/https___www.datec.com.bo
2025-10-21 11:40:48,153 - be.modules.urls - INFO -    [URLs] -------------------------------------------------
2025-10-21 11:40:48,153 - be.modules.urls - INFO -    [URLs] Procesamiento de todos los hosts finalizado.
2025-10-21 11:40:48,154 - be.manager - INFO - ✅ Procesamiento de URLs finalizado para el proyecto: datec
