2025-10-31 12:06:20,056 - __main__ - INFO - Iniciando BugBounty Framework
2025-10-31 12:06:20,058 - be.manager - INFO - Objetivos cargados: 1
2025-10-31 12:06:20,058 - be.manager - INFO - [+] Iniciando en modo Reconocimiento...
2025-10-31 12:06:20,058 - be.manager - INFO - 💾 Resultados se guardarán en: outputs/mercadolibre
2025-10-31 12:06:20,059 - be.manager - INFO - 💾 Resultados para adminml.com se guardarán en: outputs/mercadolibre/adminml_com
2025-10-31 12:06:20,059 - be.manager - INFO - 
=======================================================
2025-10-31 12:06:20,059 - be.manager - INFO - 🎯 Iniciando escaneo para el objetivo: adminml.com
2025-10-31 12:06:20,059 - be.modules.recon - INFO -    [Recon] Iniciando Reconocimiento Pasivo...
2025-10-31 12:06:20,062 - be.modules.recon - INFO -    [Subdominator] Ejecutando (Timeout: 300s)...
2025-10-31 12:06:53,987 - be.modules.recon - INFO -    [Subdominator] Encontrados 130 subdominios pasivos.
2025-10-31 12:06:53,988 - be.modules.recon - INFO -    [Subfinder] Ejecutando (Timeout: 300s)...
2025-10-31 12:07:24,698 - be.modules.recon - INFO -    [Subfinder] Encontrados 119 subdominios pasivos.
2025-10-31 12:07:24,699 - be.modules.recon - INFO -    [Amass] Ejecutando (Timeout: 300s)...
2025-10-31 12:12:24,792 - be.modules.utils.helpers - WARNING - Comando excedió el tiempo límite (300s): amass enum -passive -d adminml.com
2025-10-31 12:12:24,794 - be.modules.recon - ERROR -    [Amass] ❌ Error al ejecutar o parsear: Timeout en herramienta externa
2025-10-31 12:12:24,795 - be.modules.recon - INFO -    [Urlscan] Consultando urlscan.io (Timeout: 320s)...
2025-10-31 12:12:26,251 - be.modules.recon - INFO -    [Urlscan] Encontrados 23 subdominios vía API.
2025-10-31 12:12:26,253 - be.modules.recon - INFO -    [Crt.sh] Consultando crt.sh (Timeout: 320s)...
2025-10-31 12:12:32,609 - be.modules.recon - INFO -    [Crt.sh] Encontrados 105 subdominios vía Certificados.
2025-10-31 12:12:32,612 - be.modules.recon - INFO -    [Recon] Se filtraron 21 subdominios con wildcards para evitar errores.
2025-10-31 12:12:32,612 - be.modules.recon - INFO -    [Recon] Total de subdominios únicos y válidos encontrados: 149
2025-10-31 12:12:32,613 - be.modules.recon - INFO -    [Recon] Subdominios válidos guardados en outputs/mercadolibre/adminml_com/adminml_com_subdomains.txt y outputs/mercadolibre/adminml_com/adminml_com_subdomains.json
2025-10-31 12:12:32,614 - be.manager - INFO -   [+] Ejecutando Módulo PROBING sobre 149 hosts...
2025-10-31 12:12:32,615 - be.modules.probing - INFO -    [Probing] Iniciando sondeo (LIGHT) de 149 objetivos...
2025-10-31 12:12:32,617 - be.modules.probing - INFO -    [Httpx] Ejecutando en modo completo (extracción de datos en JSON)...
2025-10-31 12:17:14,588 - be.modules.probing - INFO -    [Probing] Resultados completos guardados en: outputs/mercadolibre/adminml_com
2025-10-31 12:17:14,589 - be.manager - INFO - ✅ Escaneo finalizado para: adminml.com
