2025-10-22 10:25:35,837 - __main__ - INFO - Iniciando BugBounty Framework
2025-10-22 10:25:35,839 - be.manager - INFO - Objetivos cargados: 20
2025-10-22 10:25:35,839 - be.manager - INFO - [+] Iniciando en modo Directo (solo --urls)...
2025-10-22 10:25:35,840 - be.manager - INFO - 💾 Resultados se guardarán en: outputs/fiscalia.gob.bo
2025-10-22 10:25:35,840 - be.manager - INFO -   [+] Ejecutando Módulo URLS sobre 20 hosts/dominios de la lista...
2025-10-22 10:25:35,842 - be.modules.urls - INFO -    [URLs] Iniciando procesamiento para 20 hosts...
2025-10-22 10:25:35,842 - be.modules.urls - INFO - 
   [URLs] -------------------------------------------------
2025-10-22 10:25:35,842 - be.modules.urls - INFO -    [URLs] 🎯 Procesando host: https://biblioteca.fiscalia.gob.bo
2025-10-22 10:25:35,842 - be.modules.urls - INFO -      -> Buscando en 'https://biblioteca.fiscalia.gob.bo' con gau...
2025-10-22 10:25:44,233 - be.modules.urls - INFO -      [gau] Encontró 54 URLs.
2025-10-22 10:25:44,234 - be.modules.urls - INFO -      -> Buscando en 'https://biblioteca.fiscalia.gob.bo' con katana...
2025-10-22 10:25:57,001 - be.modules.urls - INFO -      [katana] Encontró 31 URLs.
2025-10-22 10:25:57,002 - be.modules.urls - INFO -    [URLs] Se encontraron 57 URLs para https://biblioteca.fiscalia.gob.bo. Guardando...
2025-10-22 10:25:57,005 - be.modules.urls - INFO -    [URLs] ✅ Resultados para 'https://biblioteca.fiscalia.gob.bo' guardados en: outputs/fiscalia.gob.bo/https___biblioteca.fiscalia.gob.bo
2025-10-22 10:25:57,006 - be.modules.urls - INFO - 
   [URLs] -------------------------------------------------
2025-10-22 10:25:57,006 - be.modules.urls - INFO -    [URLs] 🎯 Procesando host: https://c-permanente.fiscalia.gob.bo
2025-10-22 10:25:57,006 - be.modules.urls - INFO -      -> Buscando en 'https://c-permanente.fiscalia.gob.bo' con gau...
2025-10-22 10:26:06,542 - be.modules.urls - INFO -      [gau] Encontró 359 URLs.
2025-10-22 10:26:06,542 - be.modules.urls - INFO -      -> Buscando en 'https://c-permanente.fiscalia.gob.bo' con katana...
2025-10-22 10:27:28,609 - be.modules.urls - INFO -      [katana] Encontró 191 URLs.
2025-10-22 10:27:28,609 - be.modules.urls - INFO -    [URLs] Se encontraron 516 URLs para https://c-permanente.fiscalia.gob.bo. Guardando...
2025-10-22 10:27:28,639 - be.modules.urls - INFO -    [URLs] ✅ Resultados para 'https://c-permanente.fiscalia.gob.bo' guardados en: outputs/fiscalia.gob.bo/https___c-permanente.fiscalia.gob.bo
2025-10-22 10:27:28,641 - be.modules.urls - INFO - 
   [URLs] -------------------------------------------------
2025-10-22 10:27:28,641 - be.modules.urls - INFO -    [URLs] 🎯 Procesando host: https://cloud.fiscalia.gob.bo
2025-10-22 10:27:28,642 - be.modules.urls - INFO -      -> Buscando en 'https://cloud.fiscalia.gob.bo' con gau...
2025-10-22 10:27:37,554 - be.modules.urls - INFO -      [gau] Encontró 428 URLs.
2025-10-22 10:27:37,554 - be.modules.urls - INFO -      -> Buscando en 'https://cloud.fiscalia.gob.bo' con katana...
2025-10-22 10:27:49,210 - be.modules.urls - INFO -      [katana] Encontró 2 URLs.
2025-10-22 10:27:49,210 - be.modules.urls - INFO -    [URLs] Se encontraron 430 URLs para https://cloud.fiscalia.gob.bo. Guardando...
2025-10-22 10:27:49,225 - be.modules.urls - INFO -    [URLs] ✅ Resultados para 'https://cloud.fiscalia.gob.bo' guardados en: outputs/fiscalia.gob.bo/https___cloud.fiscalia.gob.bo
2025-10-22 10:27:49,226 - be.modules.urls - INFO - 
   [URLs] -------------------------------------------------
2025-10-22 10:27:49,226 - be.modules.urls - INFO -    [URLs] 🎯 Procesando host: https://correo.fiscalia.gob.bo
2025-10-22 10:27:49,226 - be.modules.urls - INFO -      -> Buscando en 'https://correo.fiscalia.gob.bo' con gau...
2025-10-22 10:27:57,731 - be.modules.urls - INFO -      [gau] Encontró 21 URLs.
2025-10-22 10:27:57,731 - be.modules.urls - INFO -      -> Buscando en 'https://correo.fiscalia.gob.bo' con katana...
2025-10-22 10:28:10,717 - be.modules.urls - INFO -      [katana] Encontró 4 URLs.
2025-10-22 10:28:10,717 - be.modules.urls - INFO -    [URLs] Se encontraron 24 URLs para https://correo.fiscalia.gob.bo. Guardando...
2025-10-22 10:28:10,719 - be.modules.urls - INFO -    [URLs] ✅ Resultados para 'https://correo.fiscalia.gob.bo' guardados en: outputs/fiscalia.gob.bo/https___correo.fiscalia.gob.bo
2025-10-22 10:28:10,719 - be.modules.urls - INFO - 
   [URLs] -------------------------------------------------
2025-10-22 10:28:10,719 - be.modules.urls - INFO -    [URLs] 🎯 Procesando host: https://correspondencia.fiscalia.gob.bo
2025-10-22 10:28:10,719 - be.modules.urls - INFO -      -> Buscando en 'https://correspondencia.fiscalia.gob.bo' con gau...
2025-10-22 10:28:18,971 - be.modules.urls - INFO -      -> Buscando en 'https://correspondencia.fiscalia.gob.bo' con katana...
2025-10-22 10:28:31,445 - be.modules.urls - INFO -      [katana] Encontró 8 URLs.
2025-10-22 10:28:31,446 - be.modules.urls - INFO -    [URLs] Se encontraron 8 URLs para https://correspondencia.fiscalia.gob.bo. Guardando...
2025-10-22 10:28:31,446 - be.modules.urls - INFO -    [URLs] ✅ Resultados para 'https://correspondencia.fiscalia.gob.bo' guardados en: outputs/fiscalia.gob.bo/https___correspondencia.fiscalia.gob.bo
2025-10-22 10:28:31,446 - be.modules.urls - INFO - 
   [URLs] -------------------------------------------------
2025-10-22 10:28:31,447 - be.modules.urls - INFO -    [URLs] 🎯 Procesando host: https://eros.fiscalia.gob.bo
2025-10-22 10:28:31,447 - be.modules.urls - INFO -      -> Buscando en 'https://eros.fiscalia.gob.bo' con gau...
2025-10-22 10:28:41,131 - be.modules.urls - INFO -      [gau] Encontró 1 URLs.
2025-10-22 10:28:41,131 - be.modules.urls - INFO -      -> Buscando en 'https://eros.fiscalia.gob.bo' con katana...
2025-10-22 10:28:51,569 - be.modules.urls - INFO -      [katana] Encontró 1 URLs.
2025-10-22 10:28:51,569 - be.modules.urls - INFO -    [URLs] Se encontraron 2 URLs para https://eros.fiscalia.gob.bo. Guardando...
2025-10-22 10:28:51,569 - be.modules.urls - INFO -    [URLs] ✅ Resultados para 'https://eros.fiscalia.gob.bo' guardados en: outputs/fiscalia.gob.bo/https___eros.fiscalia.gob.bo
2025-10-22 10:28:51,569 - be.modules.urls - INFO - 
   [URLs] -------------------------------------------------
2025-10-22 10:28:51,569 - be.modules.urls - INFO -    [URLs] 🎯 Procesando host: https://filas.fiscalia.gob.bo
2025-10-22 10:28:51,570 - be.modules.urls - INFO -      -> Buscando en 'https://filas.fiscalia.gob.bo' con gau...
2025-10-22 10:28:59,902 - be.modules.urls - INFO -      [gau] Encontró 1 URLs.
2025-10-22 10:28:59,902 - be.modules.urls - INFO -      -> Buscando en 'https://filas.fiscalia.gob.bo' con katana...
2025-10-22 10:29:12,347 - be.modules.urls - INFO -      [katana] Encontró 4 URLs.
2025-10-22 10:29:12,347 - be.modules.urls - INFO -    [URLs] Se encontraron 5 URLs para https://filas.fiscalia.gob.bo. Guardando...
2025-10-22 10:29:12,348 - be.modules.urls - INFO -    [URLs] ✅ Resultados para 'https://filas.fiscalia.gob.bo' guardados en: outputs/fiscalia.gob.bo/https___filas.fiscalia.gob.bo
2025-10-22 10:29:12,348 - be.modules.urls - INFO - 
   [URLs] -------------------------------------------------
2025-10-22 10:29:12,348 - be.modules.urls - INFO -    [URLs] 🎯 Procesando host: https://fiscalia.gob.bo
2025-10-22 10:29:12,348 - be.modules.urls - INFO -      -> Buscando en 'https://fiscalia.gob.bo' con gau...
2025-10-22 10:29:22,326 - be.modules.urls - INFO -      [gau] Encontró 14122 URLs.
2025-10-22 10:29:22,326 - be.modules.urls - INFO -      -> Buscando en 'https://fiscalia.gob.bo' con katana...
2025-10-22 10:29:36,222 - be.modules.urls - INFO -      [katana] Encontró 67 URLs.
2025-10-22 10:29:36,222 - be.modules.urls - INFO -    [URLs] Se encontraron 14189 URLs para https://fiscalia.gob.bo. Guardando...
2025-10-22 10:29:36,764 - be.modules.urls - INFO -    [URLs] ✅ Resultados para 'https://fiscalia.gob.bo' guardados en: outputs/fiscalia.gob.bo/https___fiscalia.gob.bo
2025-10-22 10:29:36,765 - be.modules.urls - INFO - 
   [URLs] -------------------------------------------------
2025-10-22 10:29:36,765 - be.modules.urls - INFO -    [URLs] 🎯 Procesando host: https://jl-docs.fiscalia.gob.bo
2025-10-22 10:29:36,765 - be.modules.urls - INFO -      -> Buscando en 'https://jl-docs.fiscalia.gob.bo' con gau...
2025-10-22 10:29:47,190 - be.modules.urls - INFO -      [gau] Encontró 10025 URLs.
2025-10-22 10:29:47,192 - be.modules.urls - INFO -      -> Buscando en 'https://jl-docs.fiscalia.gob.bo' con katana...
2025-10-22 10:30:00,275 - be.modules.urls - INFO -      [katana] Encontró 14 URLs.
2025-10-22 10:30:00,278 - be.modules.urls - INFO -    [URLs] Se encontraron 10029 URLs para https://jl-docs.fiscalia.gob.bo. Guardando...
2025-10-22 10:30:01,096 - be.modules.urls - INFO -    [URLs] ✅ Resultados para 'https://jl-docs.fiscalia.gob.bo' guardados en: outputs/fiscalia.gob.bo/https___jl-docs.fiscalia.gob.bo
2025-10-22 10:30:01,096 - be.modules.urls - INFO - 
   [URLs] -------------------------------------------------
2025-10-22 10:30:01,097 - be.modules.urls - INFO -    [URLs] 🎯 Procesando host: https://jl.fiscalia.gob.bo
2025-10-22 10:30:01,097 - be.modules.urls - INFO -      -> Buscando en 'https://jl.fiscalia.gob.bo' con gau...
2025-10-22 10:30:09,384 - be.modules.urls - INFO -      [gau] Encontró 101 URLs.
2025-10-22 10:30:09,384 - be.modules.urls - INFO -      -> Buscando en 'https://jl.fiscalia.gob.bo' con katana...
2025-10-22 10:30:22,335 - be.modules.urls - INFO -      [katana] Encontró 8 URLs.
2025-10-22 10:30:22,335 - be.modules.urls - INFO -    [URLs] Se encontraron 109 URLs para https://jl.fiscalia.gob.bo. Guardando...
2025-10-22 10:30:22,338 - be.modules.urls - INFO -    [URLs] ✅ Resultados para 'https://jl.fiscalia.gob.bo' guardados en: outputs/fiscalia.gob.bo/https___jl.fiscalia.gob.bo
2025-10-22 10:30:22,338 - be.modules.urls - INFO - 
   [URLs] -------------------------------------------------
2025-10-22 10:30:22,338 - be.modules.urls - INFO -    [URLs] 🎯 Procesando host: https://justicialibre.fiscalia.gob.bo
2025-10-22 10:30:22,338 - be.modules.urls - INFO -      -> Buscando en 'https://justicialibre.fiscalia.gob.bo' con gau...
2025-10-22 10:30:30,905 - be.modules.urls - INFO -      [gau] Encontró 648 URLs.
2025-10-22 10:30:30,905 - be.modules.urls - INFO -      -> Buscando en 'https://justicialibre.fiscalia.gob.bo' con katana...
2025-10-22 10:30:43,401 - be.modules.urls - INFO -      [katana] Encontró 6 URLs.
2025-10-22 10:30:43,401 - be.modules.urls - INFO -    [URLs] Se encontraron 652 URLs para https://justicialibre.fiscalia.gob.bo. Guardando...
2025-10-22 10:30:43,475 - be.modules.urls - INFO -    [URLs] ✅ Resultados para 'https://justicialibre.fiscalia.gob.bo' guardados en: outputs/fiscalia.gob.bo/https___justicialibre.fiscalia.gob.bo
2025-10-22 10:30:43,475 - be.modules.urls - INFO - 
   [URLs] -------------------------------------------------
2025-10-22 10:30:43,475 - be.modules.urls - INFO -    [URLs] 🎯 Procesando host: https://metis.fiscalia.gob.bo
2025-10-22 10:30:43,475 - be.modules.urls - INFO -      -> Buscando en 'https://metis.fiscalia.gob.bo' con gau...
2025-10-22 10:30:51,930 - be.modules.urls - INFO -      [gau] Encontró 86 URLs.
2025-10-22 10:30:51,931 - be.modules.urls - INFO -      -> Buscando en 'https://metis.fiscalia.gob.bo' con katana...
2025-10-22 10:31:04,484 - be.modules.urls - INFO -      [katana] Encontró 24 URLs.
2025-10-22 10:31:04,488 - be.modules.urls - INFO -    [URLs] Se encontraron 108 URLs para https://metis.fiscalia.gob.bo. Guardando...
2025-10-22 10:31:04,495 - be.modules.urls - INFO -    [URLs] ✅ Resultados para 'https://metis.fiscalia.gob.bo' guardados en: outputs/fiscalia.gob.bo/https___metis.fiscalia.gob.bo
2025-10-22 10:31:04,495 - be.modules.urls - INFO - 
   [URLs] -------------------------------------------------
2025-10-22 10:31:04,496 - be.modules.urls - INFO -    [URLs] 🎯 Procesando host: https://ng2.fiscalia.gob.bo
2025-10-22 10:31:04,496 - be.modules.urls - INFO -      -> Buscando en 'https://ng2.fiscalia.gob.bo' con gau...
2025-10-22 10:31:17,655 - be.modules.urls - INFO -      -> Buscando en 'https://ng2.fiscalia.gob.bo' con katana...
2025-10-22 10:31:31,196 - be.modules.urls - INFO -      [katana] Encontró 76 URLs.
2025-10-22 10:31:31,197 - be.modules.urls - INFO -    [URLs] Se encontraron 76 URLs para https://ng2.fiscalia.gob.bo. Guardando...
2025-10-22 10:31:31,200 - be.modules.urls - INFO -    [URLs] ✅ Resultados para 'https://ng2.fiscalia.gob.bo' guardados en: outputs/fiscalia.gob.bo/https___ng2.fiscalia.gob.bo
2025-10-22 10:31:31,201 - be.modules.urls - INFO - 
   [URLs] -------------------------------------------------
2025-10-22 10:31:31,201 - be.modules.urls - INFO -    [URLs] 🎯 Procesando host: https://nginx-world.fiscalia.gob.bo
2025-10-22 10:31:31,201 - be.modules.urls - INFO -      -> Buscando en 'https://nginx-world.fiscalia.gob.bo' con gau...
2025-10-22 10:31:39,804 - be.modules.urls - INFO -      -> Buscando en 'https://nginx-world.fiscalia.gob.bo' con katana...
2025-10-22 10:31:50,265 - be.modules.urls - INFO -      [katana] Encontró 1 URLs.
2025-10-22 10:31:50,265 - be.modules.urls - INFO -    [URLs] Se encontraron 1 URLs para https://nginx-world.fiscalia.gob.bo. Guardando...
2025-10-22 10:31:50,266 - be.modules.urls - INFO -    [URLs] ✅ Resultados para 'https://nginx-world.fiscalia.gob.bo' guardados en: outputs/fiscalia.gob.bo/https___nginx-world.fiscalia.gob.bo
2025-10-22 10:31:50,266 - be.modules.urls - INFO - 
   [URLs] -------------------------------------------------
2025-10-22 10:31:50,266 - be.modules.urls - INFO -    [URLs] 🎯 Procesando host: https://nginx.fiscalia.gob.bo
2025-10-22 10:31:50,267 - be.modules.urls - INFO -      -> Buscando en 'https://nginx.fiscalia.gob.bo' con gau...
2025-10-22 10:31:59,123 - be.modules.urls - INFO -      -> Buscando en 'https://nginx.fiscalia.gob.bo' con katana...
2025-10-22 10:32:09,595 - be.modules.urls - INFO -      [katana] Encontró 1 URLs.
2025-10-22 10:32:09,595 - be.modules.urls - INFO -    [URLs] Se encontraron 1 URLs para https://nginx.fiscalia.gob.bo. Guardando...
2025-10-22 10:32:09,596 - be.modules.urls - INFO -    [URLs] ✅ Resultados para 'https://nginx.fiscalia.gob.bo' guardados en: outputs/fiscalia.gob.bo/https___nginx.fiscalia.gob.bo
2025-10-22 10:32:09,596 - be.modules.urls - INFO - 
   [URLs] -------------------------------------------------
2025-10-22 10:32:09,596 - be.modules.urls - INFO -    [URLs] 🎯 Procesando host: https://skypusher.fiscalia.gob.bo
2025-10-22 10:32:09,596 - be.modules.urls - INFO -      -> Buscando en 'https://skypusher.fiscalia.gob.bo' con gau...
2025-10-22 10:32:18,223 - be.modules.urls - INFO -      [gau] Encontró 3 URLs.
2025-10-22 10:32:18,223 - be.modules.urls - INFO -      -> Buscando en 'https://skypusher.fiscalia.gob.bo' con katana...
2025-10-22 10:32:28,685 - be.modules.urls - INFO -      [katana] Encontró 1 URLs.
2025-10-22 10:32:28,685 - be.modules.urls - INFO -    [URLs] Se encontraron 4 URLs para https://skypusher.fiscalia.gob.bo. Guardando...
2025-10-22 10:32:28,686 - be.modules.urls - INFO -    [URLs] ✅ Resultados para 'https://skypusher.fiscalia.gob.bo' guardados en: outputs/fiscalia.gob.bo/https___skypusher.fiscalia.gob.bo
2025-10-22 10:32:28,686 - be.modules.urls - INFO - 
   [URLs] -------------------------------------------------
2025-10-22 10:32:28,686 - be.modules.urls - INFO -    [URLs] 🎯 Procesando host: https://triton.fiscalia.gob.bo
2025-10-22 10:32:28,686 - be.modules.urls - INFO -      -> Buscando en 'https://triton.fiscalia.gob.bo' con gau...
2025-10-22 10:32:37,267 - be.modules.urls - INFO -      [gau] Encontró 89 URLs.
2025-10-22 10:32:37,267 - be.modules.urls - INFO -      -> Buscando en 'https://triton.fiscalia.gob.bo' con katana...
2025-10-22 10:32:47,727 - be.modules.urls - INFO -      [katana] Encontró 1 URLs.
2025-10-22 10:32:47,727 - be.modules.urls - INFO -    [URLs] Se encontraron 90 URLs para https://triton.fiscalia.gob.bo. Guardando...
2025-10-22 10:32:47,732 - be.modules.urls - INFO -    [URLs] ✅ Resultados para 'https://triton.fiscalia.gob.bo' guardados en: outputs/fiscalia.gob.bo/https___triton.fiscalia.gob.bo
2025-10-22 10:32:47,732 - be.modules.urls - INFO - 
   [URLs] -------------------------------------------------
2025-10-22 10:32:47,732 - be.modules.urls - INFO -    [URLs] 🎯 Procesando host: https://web-admin.fiscalia.gob.bo
2025-10-22 10:32:47,732 - be.modules.urls - INFO -      -> Buscando en 'https://web-admin.fiscalia.gob.bo' con gau...
2025-10-22 10:32:56,502 - be.modules.urls - INFO -      -> Buscando en 'https://web-admin.fiscalia.gob.bo' con katana...
2025-10-22 10:33:10,017 - be.modules.urls - INFO -      [katana] Encontró 3 URLs.
2025-10-22 10:33:10,018 - be.modules.urls - INFO -    [URLs] Se encontraron 3 URLs para https://web-admin.fiscalia.gob.bo. Guardando...
2025-10-22 10:33:10,018 - be.modules.urls - INFO -    [URLs] ✅ Resultados para 'https://web-admin.fiscalia.gob.bo' guardados en: outputs/fiscalia.gob.bo/https___web-admin.fiscalia.gob.bo
2025-10-22 10:33:10,019 - be.modules.urls - INFO - 
   [URLs] -------------------------------------------------
2025-10-22 10:33:10,019 - be.modules.urls - INFO -    [URLs] 🎯 Procesando host: https://web-api.fiscalia.gob.bo
2025-10-22 10:33:10,019 - be.modules.urls - INFO -      -> Buscando en 'https://web-api.fiscalia.gob.bo' con gau...
2025-10-22 10:33:20,184 - be.modules.urls - INFO -      [gau] Encontró 74 URLs.
2025-10-22 10:33:20,185 - be.modules.urls - INFO -      -> Buscando en 'https://web-api.fiscalia.gob.bo' con katana...
2025-10-22 10:33:30,742 - be.modules.urls - INFO -      [katana] Encontró 1 URLs.
2025-10-22 10:33:30,742 - be.modules.urls - INFO -    [URLs] Se encontraron 75 URLs para https://web-api.fiscalia.gob.bo. Guardando...
2025-10-22 10:33:30,745 - be.modules.urls - INFO -    [URLs] ✅ Resultados para 'https://web-api.fiscalia.gob.bo' guardados en: outputs/fiscalia.gob.bo/https___web-api.fiscalia.gob.bo
2025-10-22 10:33:30,745 - be.modules.urls - INFO - 
   [URLs] -------------------------------------------------
2025-10-22 10:33:30,745 - be.modules.urls - INFO -    [URLs] 🎯 Procesando host: https://www.fiscalia.gob.bo
2025-10-22 10:33:30,745 - be.modules.urls - INFO -      -> Buscando en 'https://www.fiscalia.gob.bo' con gau...
2025-10-22 10:33:42,934 - be.modules.urls - INFO -      [gau] Encontró 14122 URLs.
2025-10-22 10:33:42,935 - be.modules.urls - INFO -      -> Buscando en 'https://www.fiscalia.gob.bo' con katana...
2025-10-22 10:33:56,610 - be.modules.urls - INFO -      [katana] Encontró 67 URLs.
2025-10-22 10:33:56,611 - be.modules.urls - INFO -    [URLs] Se encontraron 14148 URLs para https://www.fiscalia.gob.bo. Guardando...
2025-10-22 10:33:57,090 - be.modules.urls - INFO -    [URLs] ✅ Resultados para 'https://www.fiscalia.gob.bo' guardados en: outputs/fiscalia.gob.bo/https___www.fiscalia.gob.bo
2025-10-22 10:33:57,090 - be.modules.urls - INFO -    [URLs] -------------------------------------------------
2025-10-22 10:33:57,090 - be.modules.urls - INFO -    [URLs] Procesamiento de todos los hosts finalizado.
2025-10-22 10:33:57,092 - be.manager - INFO - ✅ Procesamiento de URLs finalizado para el proyecto: fiscalia.gob.bo
