2025-11-06 16:14:25,606 - __main__ - INFO - Iniciando BugBounty Framework
2025-11-06 16:14:25,607 - be.manager - INFO - Objetivos cargados: 1
2025-11-06 16:14:25,607 - be.manager - INFO - [+] Iniciando en modo Reconocimiento...
2025-11-06 16:14:25,607 - be.manager - INFO - 💾 Resultados se guardarán en: outputs/ende.bo
2025-11-06 16:14:25,607 - be.manager - INFO - 💾 Resultados para endetransmision.bo se guardarán en: outputs/ende.bo/endetransmision_bo
2025-11-06 16:14:25,607 - be.manager - INFO - 
=======================================================
2025-11-06 16:14:25,607 - be.manager - INFO - 🎯 Iniciando escaneo para el objetivo: endetransmision.bo
2025-11-06 16:14:25,607 - be.modules.recon - INFO -    [Recon] Iniciando Reconocimiento Pasivo...
2025-11-06 16:14:25,607 - be.modules.recon - INFO -    [Subdominator] Ejecutando (Timeout: 300s)...
2025-11-06 16:14:58,359 - be.modules.recon - INFO -    [Subdominator] Encontrados 24 subdominios pasivos.
2025-11-06 16:14:58,360 - be.modules.recon - INFO -    [Subfinder] Ejecutando (Timeout: 300s)...
2025-11-06 16:15:29,031 - be.modules.recon - INFO -    [Subfinder] Encontrados 24 subdominios pasivos.
2025-11-06 16:15:29,032 - be.modules.recon - INFO -    [Amass] Ejecutando (Timeout: 300s)...
2025-11-06 16:20:29,097 - be.modules.utils.helpers - WARNING - Comando excedió el tiempo límite (300s): amass enum -passive -d endetransmision.bo
2025-11-06 16:20:29,097 - be.modules.recon - ERROR -    [Amass] ❌ Error al ejecutar o parsear: Timeout en herramienta externa
2025-11-06 16:20:29,097 - be.modules.recon - INFO -    [Urlscan] Consultando urlscan.io (Timeout: 320s)...
2025-11-06 16:20:30,130 - be.modules.recon - INFO -    [Urlscan] Encontrados 1 subdominios vía API.
2025-11-06 16:20:30,132 - be.modules.recon - INFO -    [Crt.sh] Consultando crt.sh (Timeout: 320s)...
2025-11-06 16:20:34,105 - be.modules.recon - INFO -    [Crt.sh] Encontrados 16 subdominios vía Certificados.
2025-11-06 16:20:34,108 - be.modules.recon - INFO -    [Recon] Se filtraron 1 subdominios con wildcards para evitar errores.
2025-11-06 16:20:34,109 - be.modules.recon - INFO -    [Recon] Total de subdominios únicos y válidos encontrados: 28
2025-11-06 16:20:34,110 - be.modules.recon - INFO -    [Recon] Subdominios válidos guardados en outputs/ende.bo/endetransmision_bo/endetransmision_bo_subdomains.txt y outputs/ende.bo/endetransmision_bo/endetransmision_bo_subdomains.json
2025-11-06 16:20:34,110 - be.manager - INFO -   [+] Ejecutando Módulo PROBING sobre 28 hosts...
2025-11-06 16:20:34,110 - be.modules.probing - INFO -    [Probing] Iniciando sondeo (FAST) de 28 objetivos...
2025-11-06 16:20:34,110 - be.modules.probing - INFO -    [Httpx] Ejecutando en modo muy rápido (solo hosts vivos)...
2025-11-06 16:21:06,823 - be.modules.probing - INFO -    [Probing] 10 hosts vivos guardados en: outputs/ende.bo/endetransmision_bo/endetransmision_bo_positives.txt
2025-11-06 16:21:06,823 - be.modules.probing - INFO -    [Probing] 0 resultados negativos guardados en: outputs/ende.bo/endetransmision_bo/endetransmision_bo_negativos.txt
2025-11-06 16:21:06,823 - be.manager - INFO - ✅ Escaneo finalizado para: endetransmision.bo
