2025-11-11 08:52:21,942 - __main__ - INFO - Iniciando BugBounty Framework
2025-11-11 08:52:21,943 - be.manager - INFO - Objetivos cargados: 1
2025-11-11 08:52:21,943 - be.manager - INFO - [+] Iniciando en modo Reconocimiento...
2025-11-11 08:52:21,943 - be.manager - INFO - 💾 Resultados se guardarán en: outputs/linktr.ee
2025-11-11 08:52:21,943 - be.manager - INFO - 💾 Resultados para linktr.ee se guardarán en: outputs/linktr.ee/linktr_ee
2025-11-11 08:52:21,943 - be.manager - INFO - 
=======================================================
2025-11-11 08:52:21,943 - be.manager - INFO - 🎯 Iniciando escaneo para el objetivo: linktr.ee
2025-11-11 08:52:21,943 - be.modules.recon - INFO -    [Recon] Iniciando Reconocimiento Pasivo...
2025-11-11 08:52:21,944 - be.modules.recon - INFO -    [Subdominator] Ejecutando (Timeout: 300s)...
2025-11-11 08:53:00,774 - be.modules.recon - INFO -    [Subdominator] Encontrados 686 subdominios pasivos.
2025-11-11 08:53:00,775 - be.modules.recon - INFO -    [Subfinder] Ejecutando (Timeout: 300s)...
2025-11-11 08:53:31,633 - be.modules.recon - INFO -    [Subfinder] Encontrados 629 subdominios pasivos.
2025-11-11 08:53:31,634 - be.modules.recon - INFO -    [Amass] Ejecutando (Timeout: 300s)...
2025-11-11 08:58:31,736 - be.modules.utils.helpers - WARNING - Comando excedió el tiempo límite (300s): amass enum -passive -d linktr.ee
2025-11-11 08:58:31,737 - be.modules.recon - ERROR -    [Amass] ❌ Error al ejecutar o parsear: Timeout en herramienta externa
2025-11-11 08:58:31,737 - be.modules.recon - INFO -    [Urlscan] Consultando urlscan.io (Timeout: 320s)...
2025-11-11 08:58:32,991 - be.modules.recon - INFO -    [Urlscan] Encontrados 1 subdominios vía API.
2025-11-11 08:58:32,994 - be.modules.recon - INFO -    [Crt.sh] Consultando crt.sh (Timeout: 320s)...
2025-11-11 08:58:38,907 - be.modules.recon - INFO -    [Crt.sh] Encontrados 610 subdominios vía Certificados.
2025-11-11 08:58:38,910 - be.modules.recon - INFO -    [Recon] Se filtraron 42 subdominios con wildcards para evitar errores.
2025-11-11 08:58:38,910 - be.modules.recon - INFO -    [Recon] Total de subdominios únicos y válidos encontrados: 645
2025-11-11 08:58:38,911 - be.modules.recon - INFO -    [Recon] Subdominios válidos guardados en outputs/linktr.ee/linktr_ee/linktr_ee_subdomains.txt y outputs/linktr.ee/linktr_ee/linktr_ee_subdomains.json
2025-11-11 08:58:38,911 - be.manager - INFO -   [+] Ejecutando Módulo PROBING sobre 645 hosts...
2025-11-11 08:58:38,911 - be.modules.probing - INFO -    [Probing] Iniciando sondeo (FAST) de 645 objetivos...
2025-11-11 08:58:38,911 - be.modules.probing - INFO -    [Httpx] Ejecutando en modo muy rápido (solo hosts vivos)...
2025-11-11 09:04:57,340 - be.modules.probing - INFO -    [Probing] 203 hosts vivos guardados en: outputs/linktr.ee/linktr_ee/linktr_ee_positives.txt
2025-11-11 09:04:57,341 - be.modules.probing - INFO -    [Probing] 0 resultados negativos guardados en: outputs/linktr.ee/linktr_ee/linktr_ee_negativos.txt
2025-11-11 09:04:57,341 - be.manager - INFO - ✅ Escaneo finalizado para: linktr.ee
