2025-10-15 10:42:03,669 - __main__ - INFO - Iniciando BugBounty Framework
2025-10-15 10:42:03,670 - be.manager - INFO - Objetivos cargados: 1
2025-10-15 10:42:03,670 - be.manager - INFO - [+] Iniciando en modo Reconocimiento...
2025-10-15 10:42:03,670 - be.manager - INFO - 💾 Resultados para serviciosepsas.com se guardarán en: outputs/serviciosepsas.com/serviciosepsas_com
2025-10-15 10:42:03,670 - be.manager - INFO - 
=======================================================
2025-10-15 10:42:03,670 - be.manager - INFO - 🎯 Iniciando escaneo para el objetivo: serviciosepsas.com
2025-10-15 10:42:03,670 - be.modules.recon - INFO -    [Recon] Iniciando Reconocimiento Pasivo...
2025-10-15 10:42:03,671 - be.modules.recon - INFO -    [Subdominator] Ejecutando (Timeout: 300s)...
2025-10-15 10:42:36,413 - be.modules.recon - INFO -    [Subdominator] Encontrados 6 subdominios pasivos.
2025-10-15 10:42:36,414 - be.modules.recon - INFO -    [Subfinder] Ejecutando (Timeout: 300s)...
2025-10-15 10:43:06,832 - be.modules.recon - INFO -    [Subfinder] Encontrados 7 subdominios pasivos.
2025-10-15 10:43:06,833 - be.modules.recon - INFO -    [Amass] Ejecutando (Timeout: 300s)...
2025-10-15 10:44:35,830 - be.modules.recon - INFO -    [Amass] Encontrados 2 subdominios pasivos.
2025-10-15 10:44:35,830 - be.modules.recon - INFO -    [Urlscan] Consultando urlscan.io (Timeout: 320s)...
2025-10-15 10:44:37,064 - be.modules.recon - INFO -    [Urlscan] Encontrados 2 subdominios vía API.
2025-10-15 10:44:37,067 - be.modules.recon - INFO -    [Crt.sh] Consultando crt.sh (Timeout: 320s)...
2025-10-15 10:44:38,393 - be.modules.recon - INFO -    [Crt.sh] Encontrados 6 subdominios vía Certificados.
2025-10-15 10:44:38,396 - be.modules.recon - INFO -    [Recon] Se filtraron 1 subdominios con wildcards para evitar errores.
2025-10-15 10:44:38,397 - be.modules.recon - INFO -    [Recon] Total de subdominios únicos y válidos encontrados: 9
2025-10-15 10:44:38,397 - be.modules.recon - INFO -    [Recon] Subdominios válidos guardados en outputs/serviciosepsas.com/serviciosepsas_com/serviciosepsas_com_subdomains.txt y outputs/serviciosepsas.com/serviciosepsas_com/serviciosepsas_com_subdomains.json
2025-10-15 10:44:38,398 - be.manager - INFO -   [+] Ejecutando Módulo PROBING sobre 9 hosts...
2025-10-15 10:44:38,398 - be.modules.probing - INFO -    [Probing] Iniciando sondeo (LIGHT) de 9 objetivos...
2025-10-15 10:44:38,399 - be.modules.probing - INFO -    [Httpx] Ejecutando sin límite de tiempo para 9 subdominios.
2025-10-15 10:45:17,963 - be.modules.probing - INFO -    [Probing] Resultados finales guardados en: outputs/serviciosepsas.com/serviciosepsas_com
2025-10-15 10:45:17,964 - be.manager - INFO - ✅ Escaneo finalizado para: serviciosepsas.com
