2025-10-16 22:22:33,287 - __main__ - INFO - Iniciando BugBounty Framework
2025-10-16 22:22:33,288 - be.manager - INFO - Objetivos cargados: 24
2025-10-16 22:22:33,288 - be.manager - INFO - [+] Iniciando en modo Directo (solo --urls)...
2025-10-16 22:22:33,288 - be.manager - INFO - 💾 Resultados se guardarán en: outputs/datec.com.bo
2025-10-16 22:22:33,288 - be.manager - INFO -   [+] Ejecutando Módulo URLS sobre 24 hosts/dominios de la lista...
2025-10-16 22:22:33,289 - be.modules.urls - INFO -    [URLs] Iniciando procesamiento para 24 hosts...
2025-10-16 22:22:33,290 - be.modules.urls - INFO - 
   [URLs] -------------------------------------------------
2025-10-16 22:22:33,290 - be.modules.urls - INFO -    [URLs] 🎯 Procesando host: http://dtscconn4.datec.com.bo
2025-10-16 22:22:33,290 - be.modules.urls - INFO -      -> Buscando en 'http://dtscconn4.datec.com.bo' con gau...
2025-10-16 22:22:43,699 - be.modules.urls - INFO -      [gau] Encontró 1 URLs.
2025-10-16 22:22:43,700 - be.modules.urls - INFO -      -> Buscando en 'http://dtscconn4.datec.com.bo' con katana...
2025-10-16 22:22:58,228 - be.modules.urls - INFO -      [katana] Encontró 1 URLs.
2025-10-16 22:22:58,228 - be.modules.urls - INFO -    [URLs] Se encontraron 2 URLs para http://dtscconn4.datec.com.bo. Guardando...
2025-10-16 22:22:58,228 - be.modules.urls - INFO -    [URLs] ✅ Resultados para 'http://dtscconn4.datec.com.bo' guardados en: outputs/datec.com.bo/http___dtscconn4.datec.com.bo
2025-10-16 22:22:58,229 - be.modules.urls - INFO - 
   [URLs] -------------------------------------------------
2025-10-16 22:22:58,229 - be.modules.urls - INFO -    [URLs] 🎯 Procesando host: https://blob-service.datec.com.bo
2025-10-16 22:22:58,229 - be.modules.urls - INFO -      -> Buscando en 'https://blob-service.datec.com.bo' con gau...
2025-10-16 22:23:09,935 - be.modules.urls - INFO -      -> Buscando en 'https://blob-service.datec.com.bo' con katana...
2025-10-16 22:23:20,585 - be.modules.urls - INFO -      [katana] Encontró 1 URLs.
2025-10-16 22:23:20,585 - be.modules.urls - INFO -    [URLs] Se encontraron 1 URLs para https://blob-service.datec.com.bo. Guardando...
2025-10-16 22:23:20,585 - be.modules.urls - INFO -    [URLs] ✅ Resultados para 'https://blob-service.datec.com.bo' guardados en: outputs/datec.com.bo/https___blob-service.datec.com.bo
2025-10-16 22:23:20,585 - be.modules.urls - INFO - 
   [URLs] -------------------------------------------------
2025-10-16 22:23:20,585 - be.modules.urls - INFO -    [URLs] 🎯 Procesando host: https://crt-skt.datec.com.bo
2025-10-16 22:23:20,585 - be.modules.urls - INFO -      -> Buscando en 'https://crt-skt.datec.com.bo' con gau...
2025-10-16 22:23:30,347 - be.modules.urls - INFO -      -> Buscando en 'https://crt-skt.datec.com.bo' con katana...
2025-10-16 22:23:40,949 - be.modules.urls - INFO -      [katana] Encontró 1 URLs.
2025-10-16 22:23:40,949 - be.modules.urls - INFO -    [URLs] Se encontraron 1 URLs para https://crt-skt.datec.com.bo. Guardando...
2025-10-16 22:23:40,950 - be.modules.urls - INFO -    [URLs] ✅ Resultados para 'https://crt-skt.datec.com.bo' guardados en: outputs/datec.com.bo/https___crt-skt.datec.com.bo
2025-10-16 22:23:40,950 - be.modules.urls - INFO - 
   [URLs] -------------------------------------------------
2025-10-16 22:23:40,950 - be.modules.urls - INFO -    [URLs] 🎯 Procesando host: https://dadooprd.datec.com.bo
2025-10-16 22:23:40,951 - be.modules.urls - INFO -      -> Buscando en 'https://dadooprd.datec.com.bo' con gau...
2025-10-16 22:23:48,464 - be.modules.urls - INFO -      -> Buscando en 'https://dadooprd.datec.com.bo' con katana...
2025-10-16 22:24:01,057 - be.modules.urls - INFO -      [katana] Encontró 10 URLs.
2025-10-16 22:24:01,057 - be.modules.urls - INFO -    [URLs] Se encontraron 10 URLs para https://dadooprd.datec.com.bo. Guardando...
2025-10-16 22:24:01,058 - be.modules.urls - INFO -    [URLs] ✅ Resultados para 'https://dadooprd.datec.com.bo' guardados en: outputs/datec.com.bo/https___dadooprd.datec.com.bo
2025-10-16 22:24:01,058 - be.modules.urls - INFO - 
   [URLs] -------------------------------------------------
2025-10-16 22:24:01,058 - be.modules.urls - INFO -    [URLs] 🎯 Procesando host: https://dadoopreprd.datec.com.bo
2025-10-16 22:24:01,058 - be.modules.urls - INFO -      -> Buscando en 'https://dadoopreprd.datec.com.bo' con gau...
2025-10-16 22:24:10,030 - be.modules.urls - INFO -      -> Buscando en 'https://dadoopreprd.datec.com.bo' con katana...
2025-10-16 22:24:23,626 - be.modules.urls - INFO -      [katana] Encontró 9 URLs.
2025-10-16 22:24:23,626 - be.modules.urls - INFO -    [URLs] Se encontraron 9 URLs para https://dadoopreprd.datec.com.bo. Guardando...
2025-10-16 22:24:23,627 - be.modules.urls - INFO -    [URLs] ✅ Resultados para 'https://dadoopreprd.datec.com.bo' guardados en: outputs/datec.com.bo/https___dadoopreprd.datec.com.bo
2025-10-16 22:24:23,627 - be.modules.urls - INFO - 
   [URLs] -------------------------------------------------
2025-10-16 22:24:23,627 - be.modules.urls - INFO -    [URLs] 🎯 Procesando host: https://datec.com.bo
2025-10-16 22:24:23,628 - be.modules.urls - INFO -      -> Buscando en 'https://datec.com.bo' con gau...
2025-10-16 22:24:32,883 - be.modules.urls - INFO -      [gau] Encontró 4107 URLs.
2025-10-16 22:24:32,884 - be.modules.urls - INFO -      -> Buscando en 'https://datec.com.bo' con katana...
2025-10-16 22:26:09,734 - be.modules.urls - INFO -      [katana] Encontró 246 URLs.
2025-10-16 22:26:09,735 - be.modules.urls - INFO -    [URLs] Se encontraron 4297 URLs para https://datec.com.bo. Guardando...
2025-10-16 22:26:09,905 - be.modules.urls - INFO -    [URLs] ✅ Resultados para 'https://datec.com.bo' guardados en: outputs/datec.com.bo/https___datec.com.bo
2025-10-16 22:26:09,905 - be.modules.urls - INFO - 
   [URLs] -------------------------------------------------
2025-10-16 22:26:09,905 - be.modules.urls - INFO -    [URLs] 🎯 Procesando host: https://dev-upos.datec.com.bo
2025-10-16 22:26:09,905 - be.modules.urls - INFO -      -> Buscando en 'https://dev-upos.datec.com.bo' con gau...
2025-10-16 22:26:17,215 - be.modules.urls - INFO -      [gau] Encontró 1 URLs.
2025-10-16 22:26:17,215 - be.modules.urls - INFO -      -> Buscando en 'https://dev-upos.datec.com.bo' con katana...
2025-10-16 22:26:27,794 - be.modules.urls - INFO -      [katana] Encontró 1 URLs.
2025-10-16 22:26:27,794 - be.modules.urls - INFO -    [URLs] Se encontraron 2 URLs para https://dev-upos.datec.com.bo. Guardando...
2025-10-16 22:26:27,796 - be.modules.urls - INFO -    [URLs] ✅ Resultados para 'https://dev-upos.datec.com.bo' guardados en: outputs/datec.com.bo/https___dev-upos.datec.com.bo
2025-10-16 22:26:27,796 - be.modules.urls - INFO - 
   [URLs] -------------------------------------------------
2025-10-16 22:26:27,796 - be.modules.urls - INFO -    [URLs] 🎯 Procesando host: https://dev-wpos.datec.com.bo
2025-10-16 22:26:27,796 - be.modules.urls - INFO -      -> Buscando en 'https://dev-wpos.datec.com.bo' con gau...
2025-10-16 22:26:35,109 - be.modules.urls - INFO -      [gau] Encontró 1 URLs.
2025-10-16 22:26:35,109 - be.modules.urls - INFO -      -> Buscando en 'https://dev-wpos.datec.com.bo' con katana...
2025-10-16 22:26:45,700 - be.modules.urls - INFO -      [katana] Encontró 1 URLs.
2025-10-16 22:26:45,701 - be.modules.urls - INFO -    [URLs] Se encontraron 2 URLs para https://dev-wpos.datec.com.bo. Guardando...
2025-10-16 22:26:45,702 - be.modules.urls - INFO -    [URLs] ✅ Resultados para 'https://dev-wpos.datec.com.bo' guardados en: outputs/datec.com.bo/https___dev-wpos.datec.com.bo
2025-10-16 22:26:45,702 - be.modules.urls - INFO - 
   [URLs] -------------------------------------------------
2025-10-16 22:26:45,702 - be.modules.urls - INFO -    [URLs] 🎯 Procesando host: https://dev-www.datec.com.bo
2025-10-16 22:26:45,702 - be.modules.urls - INFO -      -> Buscando en 'https://dev-www.datec.com.bo' con gau...
2025-10-16 22:26:53,118 - be.modules.urls - INFO -      -> Buscando en 'https://dev-www.datec.com.bo' con katana...
2025-10-16 22:27:32,874 - be.modules.urls - INFO -      [katana] Encontró 242 URLs.
2025-10-16 22:27:32,875 - be.modules.urls - INFO -    [URLs] Se encontraron 242 URLs para https://dev-www.datec.com.bo. Guardando...
2025-10-16 22:27:32,891 - be.modules.urls - INFO -    [URLs] ✅ Resultados para 'https://dev-www.datec.com.bo' guardados en: outputs/datec.com.bo/https___dev-www.datec.com.bo
2025-10-16 22:27:32,891 - be.modules.urls - INFO - 
   [URLs] -------------------------------------------------
2025-10-16 22:27:32,892 - be.modules.urls - INFO -    [URLs] 🎯 Procesando host: https://draw.datec.com.bo
2025-10-16 22:27:32,892 - be.modules.urls - INFO -      -> Buscando en 'https://draw.datec.com.bo' con gau...
2025-10-16 22:27:47,707 - be.modules.urls - INFO -      [gau] Encontró 10 URLs.
2025-10-16 22:27:47,707 - be.modules.urls - INFO -      -> Buscando en 'https://draw.datec.com.bo' con katana...
2025-10-16 22:28:01,355 - be.modules.urls - INFO -      [katana] Encontró 6 URLs.
2025-10-16 22:28:01,356 - be.modules.urls - INFO -    [URLs] Se encontraron 15 URLs para https://draw.datec.com.bo. Guardando...
2025-10-16 22:28:01,358 - be.modules.urls - INFO -    [URLs] ✅ Resultados para 'https://draw.datec.com.bo' guardados en: outputs/datec.com.bo/https___draw.datec.com.bo
2025-10-16 22:28:01,358 - be.modules.urls - INFO - 
   [URLs] -------------------------------------------------
2025-10-16 22:28:01,358 - be.modules.urls - INFO -    [URLs] 🎯 Procesando host: https://drive.datec.com.bo
2025-10-16 22:28:01,359 - be.modules.urls - INFO -      -> Buscando en 'https://drive.datec.com.bo' con gau...
2025-10-16 22:28:15,858 - be.modules.urls - INFO -      -> Buscando en 'https://drive.datec.com.bo' con katana...
2025-10-16 22:28:26,456 - be.modules.urls - INFO -      [katana] Encontró 1 URLs.
2025-10-16 22:28:26,457 - be.modules.urls - INFO -    [URLs] Se encontraron 1 URLs para https://drive.datec.com.bo. Guardando...
2025-10-16 22:28:26,457 - be.modules.urls - INFO -    [URLs] ✅ Resultados para 'https://drive.datec.com.bo' guardados en: outputs/datec.com.bo/https___drive.datec.com.bo
2025-10-16 22:28:26,457 - be.modules.urls - INFO - 
   [URLs] -------------------------------------------------
2025-10-16 22:28:26,457 - be.modules.urls - INFO -    [URLs] 🎯 Procesando host: https://dtsc-collab-ra01.datec.com.bo
2025-10-16 22:28:26,457 - be.modules.urls - INFO -      -> Buscando en 'https://dtsc-collab-ra01.datec.com.bo' con gau...
2025-10-16 22:28:35,552 - be.modules.urls - INFO -      [gau] Encontró 2 URLs.
2025-10-16 22:28:35,552 - be.modules.urls - INFO -      -> Buscando en 'https://dtsc-collab-ra01.datec.com.bo' con katana...
2025-10-16 22:28:47,269 - be.modules.urls - INFO -      [katana] Encontró 4 URLs.
2025-10-16 22:28:47,269 - be.modules.urls - INFO -    [URLs] Se encontraron 5 URLs para https://dtsc-collab-ra01.datec.com.bo. Guardando...
2025-10-16 22:28:47,270 - be.modules.urls - INFO -    [URLs] ✅ Resultados para 'https://dtsc-collab-ra01.datec.com.bo' guardados en: outputs/datec.com.bo/https___dtsc-collab-ra01.datec.com.bo
2025-10-16 22:28:47,270 - be.modules.urls - INFO - 
   [URLs] -------------------------------------------------
2025-10-16 22:28:47,271 - be.modules.urls - INFO -    [URLs] 🎯 Procesando host: https://hdc-service.datec.com.bo
2025-10-16 22:28:47,271 - be.modules.urls - INFO -      -> Buscando en 'https://hdc-service.datec.com.bo' con gau...
2025-10-16 22:28:59,720 - be.modules.urls - INFO -      -> Buscando en 'https://hdc-service.datec.com.bo' con katana...
2025-10-16 22:29:10,327 - be.modules.urls - INFO -      [katana] Encontró 1 URLs.
2025-10-16 22:29:10,327 - be.modules.urls - INFO -    [URLs] Se encontraron 1 URLs para https://hdc-service.datec.com.bo. Guardando...
2025-10-16 22:29:10,328 - be.modules.urls - INFO -    [URLs] ✅ Resultados para 'https://hdc-service.datec.com.bo' guardados en: outputs/datec.com.bo/https___hdc-service.datec.com.bo
2025-10-16 22:29:10,328 - be.modules.urls - INFO - 
   [URLs] -------------------------------------------------
2025-10-16 22:29:10,328 - be.modules.urls - INFO -    [URLs] 🎯 Procesando host: https://intranet.datec.com.bo
2025-10-16 22:29:10,328 - be.modules.urls - INFO -      -> Buscando en 'https://intranet.datec.com.bo' con gau...
2025-10-16 22:29:17,514 - be.modules.urls - INFO -      [gau] Encontró 1 URLs.
2025-10-16 22:29:17,514 - be.modules.urls - INFO -      -> Buscando en 'https://intranet.datec.com.bo' con katana...
2025-10-16 22:29:28,121 - be.modules.urls - INFO -      [katana] Encontró 1 URLs.
2025-10-16 22:29:28,121 - be.modules.urls - INFO -    [URLs] Se encontraron 2 URLs para https://intranet.datec.com.bo. Guardando...
2025-10-16 22:29:28,122 - be.modules.urls - INFO -    [URLs] ✅ Resultados para 'https://intranet.datec.com.bo' guardados en: outputs/datec.com.bo/https___intranet.datec.com.bo
2025-10-16 22:29:28,122 - be.modules.urls - INFO - 
   [URLs] -------------------------------------------------
2025-10-16 22:29:28,122 - be.modules.urls - INFO -    [URLs] 🎯 Procesando host: https://lab-skt.datec.com.bo
2025-10-16 22:29:28,122 - be.modules.urls - INFO -      -> Buscando en 'https://lab-skt.datec.com.bo' con gau...
2025-10-16 22:29:38,523 - be.modules.urls - INFO -      -> Buscando en 'https://lab-skt.datec.com.bo' con katana...
2025-10-16 22:29:49,125 - be.modules.urls - INFO -      [katana] Encontró 1 URLs.
2025-10-16 22:29:49,125 - be.modules.urls - INFO -    [URLs] Se encontraron 1 URLs para https://lab-skt.datec.com.bo. Guardando...
2025-10-16 22:29:49,125 - be.modules.urls - INFO -    [URLs] ✅ Resultados para 'https://lab-skt.datec.com.bo' guardados en: outputs/datec.com.bo/https___lab-skt.datec.com.bo
2025-10-16 22:29:49,125 - be.modules.urls - INFO - 
   [URLs] -------------------------------------------------
2025-10-16 22:29:49,125 - be.modules.urls - INFO -    [URLs] 🎯 Procesando host: https://link.datec.com.bo
2025-10-16 22:29:49,125 - be.modules.urls - INFO -      -> Buscando en 'https://link.datec.com.bo' con gau...
2025-10-16 22:29:56,867 - be.modules.urls - INFO -      [gau] Encontró 1 URLs.
2025-10-16 22:29:56,867 - be.modules.urls - INFO -      -> Buscando en 'https://link.datec.com.bo' con katana...
2025-10-16 22:30:07,466 - be.modules.urls - INFO -      [katana] Encontró 1 URLs.
2025-10-16 22:30:07,466 - be.modules.urls - INFO -    [URLs] Se encontraron 2 URLs para https://link.datec.com.bo. Guardando...
2025-10-16 22:30:07,466 - be.modules.urls - INFO -    [URLs] ✅ Resultados para 'https://link.datec.com.bo' guardados en: outputs/datec.com.bo/https___link.datec.com.bo
2025-10-16 22:30:07,466 - be.modules.urls - INFO - 
   [URLs] -------------------------------------------------
2025-10-16 22:30:07,466 - be.modules.urls - INFO -    [URLs] 🎯 Procesando host: https://liquidaciones.datec.com.bo
2025-10-16 22:30:07,466 - be.modules.urls - INFO -      -> Buscando en 'https://liquidaciones.datec.com.bo' con gau...
2025-10-16 22:30:15,882 - be.modules.urls - INFO -      [gau] Encontró 1 URLs.
2025-10-16 22:30:15,882 - be.modules.urls - INFO -      -> Buscando en 'https://liquidaciones.datec.com.bo' con katana...
2025-10-16 22:30:29,925 - be.modules.urls - INFO -      [katana] Encontró 30 URLs.
2025-10-16 22:30:29,926 - be.modules.urls - INFO -    [URLs] Se encontraron 31 URLs para https://liquidaciones.datec.com.bo. Guardando...
2025-10-16 22:30:29,927 - be.modules.urls - INFO -    [URLs] ✅ Resultados para 'https://liquidaciones.datec.com.bo' guardados en: outputs/datec.com.bo/https___liquidaciones.datec.com.bo
2025-10-16 22:30:29,927 - be.modules.urls - INFO - 
   [URLs] -------------------------------------------------
2025-10-16 22:30:29,928 - be.modules.urls - INFO -    [URLs] 🎯 Procesando host: https://new.datec.com.bo
2025-10-16 22:30:29,928 - be.modules.urls - INFO -      -> Buscando en 'https://new.datec.com.bo' con gau...
2025-10-16 22:30:37,589 - be.modules.urls - INFO -      [gau] Encontró 16 URLs.
2025-10-16 22:30:37,589 - be.modules.urls - INFO -      -> Buscando en 'https://new.datec.com.bo' con katana...
2025-10-16 22:31:17,542 - be.modules.urls - INFO -      [katana] Encontró 249 URLs.
2025-10-16 22:31:17,542 - be.modules.urls - INFO -    [URLs] Se encontraron 253 URLs para https://new.datec.com.bo. Guardando...
2025-10-16 22:31:17,548 - be.modules.urls - INFO -    [URLs] ✅ Resultados para 'https://new.datec.com.bo' guardados en: outputs/datec.com.bo/https___new.datec.com.bo
2025-10-16 22:31:17,548 - be.modules.urls - INFO - 
   [URLs] -------------------------------------------------
2025-10-16 22:31:17,548 - be.modules.urls - INFO -    [URLs] 🎯 Procesando host: https://odoo.datec.com.bo
2025-10-16 22:31:17,548 - be.modules.urls - INFO -      -> Buscando en 'https://odoo.datec.com.bo' con gau...
2025-10-16 22:31:25,096 - be.modules.urls - INFO -      -> Buscando en 'https://odoo.datec.com.bo' con katana...
2025-10-16 22:31:39,105 - be.modules.urls - INFO -      [katana] Encontró 15 URLs.
2025-10-16 22:31:39,105 - be.modules.urls - INFO -    [URLs] Se encontraron 15 URLs para https://odoo.datec.com.bo. Guardando...
2025-10-16 22:31:39,106 - be.modules.urls - INFO -    [URLs] ✅ Resultados para 'https://odoo.datec.com.bo' guardados en: outputs/datec.com.bo/https___odoo.datec.com.bo
2025-10-16 22:31:39,107 - be.modules.urls - INFO - 
   [URLs] -------------------------------------------------
2025-10-16 22:31:39,107 - be.modules.urls - INFO -    [URLs] 🎯 Procesando host: https://pre-skt.datec.com.bo
2025-10-16 22:31:39,107 - be.modules.urls - INFO -      -> Buscando en 'https://pre-skt.datec.com.bo' con gau...
2025-10-16 22:31:46,992 - be.modules.urls - INFO -      -> Buscando en 'https://pre-skt.datec.com.bo' con katana...
2025-10-16 22:31:57,622 - be.modules.urls - INFO -      [katana] Encontró 1 URLs.
2025-10-16 22:31:57,622 - be.modules.urls - INFO -    [URLs] Se encontraron 1 URLs para https://pre-skt.datec.com.bo. Guardando...
2025-10-16 22:31:57,623 - be.modules.urls - INFO -    [URLs] ✅ Resultados para 'https://pre-skt.datec.com.bo' guardados en: outputs/datec.com.bo/https___pre-skt.datec.com.bo
2025-10-16 22:31:57,623 - be.modules.urls - INFO - 
   [URLs] -------------------------------------------------
2025-10-16 22:31:57,623 - be.modules.urls - INFO -    [URLs] 🎯 Procesando host: https://prepdv.datec.com.bo
2025-10-16 22:31:57,623 - be.modules.urls - INFO -      -> Buscando en 'https://prepdv.datec.com.bo' con gau...
2025-10-16 22:32:06,161 - be.modules.urls - INFO -      [gau] Encontró 3 URLs.
2025-10-16 22:32:06,161 - be.modules.urls - INFO -      -> Buscando en 'https://prepdv.datec.com.bo' con katana...
2025-10-16 22:32:18,763 - be.modules.urls - INFO -      [katana] Encontró 10 URLs.
2025-10-16 22:32:18,763 - be.modules.urls - INFO -    [URLs] Se encontraron 11 URLs para https://prepdv.datec.com.bo. Guardando...
2025-10-16 22:32:18,764 - be.modules.urls - INFO -    [URLs] ✅ Resultados para 'https://prepdv.datec.com.bo' guardados en: outputs/datec.com.bo/https___prepdv.datec.com.bo
2025-10-16 22:32:18,764 - be.modules.urls - INFO - 
   [URLs] -------------------------------------------------
2025-10-16 22:32:18,764 - be.modules.urls - INFO -    [URLs] 🎯 Procesando host: https://skt.datec.com.bo
2025-10-16 22:32:18,764 - be.modules.urls - INFO -      -> Buscando en 'https://skt.datec.com.bo' con gau...
2025-10-16 22:32:33,487 - be.modules.urls - INFO -      -> Buscando en 'https://skt.datec.com.bo' con katana...
2025-10-16 22:32:44,092 - be.modules.urls - INFO -      [katana] Encontró 1 URLs.
2025-10-16 22:32:44,092 - be.modules.urls - INFO -    [URLs] Se encontraron 1 URLs para https://skt.datec.com.bo. Guardando...
2025-10-16 22:32:44,093 - be.modules.urls - INFO -    [URLs] ✅ Resultados para 'https://skt.datec.com.bo' guardados en: outputs/datec.com.bo/https___skt.datec.com.bo
2025-10-16 22:32:44,094 - be.modules.urls - INFO - 
   [URLs] -------------------------------------------------
2025-10-16 22:32:44,094 - be.modules.urls - INFO -    [URLs] 🎯 Procesando host: https://unidades.datec.com.bo
2025-10-16 22:32:44,094 - be.modules.urls - INFO -      -> Buscando en 'https://unidades.datec.com.bo' con gau...
2025-10-16 22:32:52,535 - be.modules.urls - INFO -      [gau] Encontró 1 URLs.
2025-10-16 22:32:52,535 - be.modules.urls - INFO -      -> Buscando en 'https://unidades.datec.com.bo' con katana...
2025-10-16 22:33:34,751 - be.modules.urls - INFO -      [katana] Encontró 245 URLs.
2025-10-16 22:33:34,752 - be.modules.urls - INFO -    [URLs] Se encontraron 246 URLs para https://unidades.datec.com.bo. Guardando...
2025-10-16 22:33:34,763 - be.modules.urls - INFO -    [URLs] ✅ Resultados para 'https://unidades.datec.com.bo' guardados en: outputs/datec.com.bo/https___unidades.datec.com.bo
2025-10-16 22:33:34,763 - be.modules.urls - INFO - 
   [URLs] -------------------------------------------------
2025-10-16 22:33:34,764 - be.modules.urls - INFO -    [URLs] 🎯 Procesando host: https://www.datec.com.bo
2025-10-16 22:33:34,764 - be.modules.urls - INFO -      -> Buscando en 'https://www.datec.com.bo' con gau...
2025-10-16 22:33:47,602 - be.modules.urls - INFO -      [gau] Encontró 4107 URLs.
2025-10-16 22:33:47,603 - be.modules.urls - INFO -      -> Buscando en 'https://www.datec.com.bo' con katana...
2025-10-16 22:34:26,580 - be.modules.urls - INFO -      [katana] Encontró 244 URLs.
2025-10-16 22:34:26,580 - be.modules.urls - INFO -    [URLs] Se encontraron 4295 URLs para https://www.datec.com.bo. Guardando...
2025-10-16 22:34:26,705 - be.modules.urls - INFO -    [URLs] ✅ Resultados para 'https://www.datec.com.bo' guardados en: outputs/datec.com.bo/https___www.datec.com.bo
2025-10-16 22:34:26,705 - be.modules.urls - INFO -    [URLs] -------------------------------------------------
2025-10-16 22:34:26,706 - be.modules.urls - INFO -    [URLs] Procesamiento de todos los hosts finalizado.
2025-10-16 22:34:26,706 - be.manager - INFO - ✅ Procesamiento de URLs finalizado para el proyecto: datec.com.bo
