2025-11-06 15:31:42,056 - __main__ - INFO - Iniciando BugBounty Framework
2025-11-06 15:31:42,057 - be.manager - INFO - Objetivos cargados: 1
2025-11-06 15:31:42,057 - be.manager - INFO - [+] Iniciando en modo Reconocimiento...
2025-11-06 15:31:42,057 - be.manager - INFO - 💾 Resultados se guardarán en: outputs/ende.bo
2025-11-06 15:31:42,057 - be.manager - INFO - 💾 Resultados para ende.bo se guardarán en: outputs/ende.bo/ende_bo
2025-11-06 15:31:42,057 - be.manager - INFO - 
=======================================================
2025-11-06 15:31:42,057 - be.manager - INFO - 🎯 Iniciando escaneo para el objetivo: ende.bo
2025-11-06 15:31:42,057 - be.modules.recon - INFO -    [Recon] Iniciando Reconocimiento Pasivo...
2025-11-06 15:31:42,058 - be.modules.recon - INFO -    [Subdominator] Ejecutando (Timeout: 300s)...
2025-11-06 15:32:02,029 - be.modules.recon - INFO -    [Subdominator] Encontrados 35 subdominios pasivos.
2025-11-06 15:32:02,030 - be.modules.recon - INFO -    [Subfinder] Ejecutando (Timeout: 300s)...
2025-11-06 15:32:12,753 - be.modules.recon - INFO -    [Subfinder] Encontrados 30 subdominios pasivos.
2025-11-06 15:32:12,753 - be.modules.recon - INFO -    [Amass] Ejecutando (Timeout: 300s)...
2025-11-06 15:34:21,249 - be.modules.recon - INFO -    [Amass] Encontrados 1 subdominios pasivos.
2025-11-06 15:34:21,249 - be.modules.recon - INFO -    [Urlscan] Consultando urlscan.io (Timeout: 320s)...
2025-11-06 15:34:22,893 - be.modules.recon - INFO -    [Urlscan] Encontrados 2 subdominios vía API.
2025-11-06 15:34:22,896 - be.modules.recon - INFO -    [Crt.sh] Consultando crt.sh (Timeout: 320s)...
2025-11-06 15:34:24,617 - be.modules.recon - INFO -    [Crt.sh] Encontrados 18 subdominios vía Certificados.
2025-11-06 15:34:24,620 - be.modules.recon - INFO -    [Recon] Se filtraron 1 subdominios con wildcards para evitar errores.
2025-11-06 15:34:24,620 - be.modules.recon - INFO -    [Recon] Total de subdominios únicos y válidos encontrados: 39
2025-11-06 15:34:24,621 - be.modules.recon - INFO -    [Recon] Subdominios válidos guardados en outputs/ende.bo/ende_bo/ende_bo_subdomains.txt y outputs/ende.bo/ende_bo/ende_bo_subdomains.json
2025-11-06 15:34:24,621 - be.manager - INFO -   [+] Ejecutando Módulo PROBING sobre 39 hosts...
2025-11-06 15:34:24,622 - be.modules.probing - INFO -    [Probing] Iniciando sondeo (FAST) de 39 objetivos...
2025-11-06 15:34:24,622 - be.modules.probing - INFO -    [Httpx] Ejecutando en modo muy rápido (solo hosts vivos)...
2025-11-06 15:34:57,156 - be.modules.probing - INFO -    [Probing] 8 hosts vivos guardados en: outputs/ende.bo/ende_bo/ende_bo_positives.txt
2025-11-06 15:34:57,156 - be.modules.probing - INFO -    [Probing] 0 resultados negativos guardados en: outputs/ende.bo/ende_bo/ende_bo_negativos.txt
2025-11-06 15:34:57,156 - be.manager - INFO - ✅ Escaneo finalizado para: ende.bo
