2025-10-22 09:50:18,788 - __main__ - INFO - Iniciando BugBounty Framework
2025-10-22 09:50:18,788 - be.manager - INFO - Objetivos cargados: 46
2025-10-22 09:50:18,788 - be.manager - INFO - [+] Iniciando en modo Directo (solo --urls)...
2025-10-22 09:50:18,789 - be.manager - INFO - 💾 Resultados se guardarán en: outputs/fiscalia.gob.bo
2025-10-22 09:50:18,789 - be.manager - INFO -   [+] Ejecutando Módulo URLS sobre 46 hosts/dominios de la lista...
2025-10-22 09:50:18,790 - be.modules.urls - INFO -    [URLs] Iniciando procesamiento para 46 hosts...
2025-10-22 09:50:18,790 - be.modules.urls - INFO - 
   [URLs] -------------------------------------------------
2025-10-22 09:50:18,790 - be.modules.urls - INFO -    [URLs] 🎯 Procesando host: https://agetic.mp.gob.bo
2025-10-22 09:50:18,790 - be.modules.urls - INFO -      -> Buscando en 'https://agetic.mp.gob.bo' con gau...
2025-10-22 09:50:27,334 - be.modules.urls - INFO -      [gau] Encontró 1 URLs.
2025-10-22 09:50:27,334 - be.modules.urls - INFO -      -> Buscando en 'https://agetic.mp.gob.bo' con katana...
2025-10-22 09:50:38,831 - be.modules.urls - INFO -      [katana] Encontró 4 URLs.
2025-10-22 09:50:38,831 - be.modules.urls - INFO -    [URLs] Se encontraron 5 URLs para https://agetic.mp.gob.bo. Guardando...
2025-10-22 09:50:38,832 - be.modules.urls - INFO -    [URLs] ✅ Resultados para 'https://agetic.mp.gob.bo' guardados en: outputs/fiscalia.gob.bo/https___agetic.mp.gob.bo
2025-10-22 09:50:38,832 - be.modules.urls - INFO - 
   [URLs] -------------------------------------------------
2025-10-22 09:50:38,833 - be.modules.urls - INFO -    [URLs] 🎯 Procesando host: https://chatadmin-gw.mp.gob.bo
2025-10-22 09:50:38,833 - be.modules.urls - INFO -      -> Buscando en 'https://chatadmin-gw.mp.gob.bo' con gau...
2025-10-22 09:50:43,149 - be.modules.urls - INFO -      [gau] Encontró 1 URLs.
2025-10-22 09:50:43,149 - be.modules.urls - INFO -      -> Buscando en 'https://chatadmin-gw.mp.gob.bo' con katana...
2025-10-22 09:50:53,605 - be.modules.urls - INFO -      [katana] Encontró 1 URLs.
2025-10-22 09:50:53,605 - be.modules.urls - INFO -    [URLs] Se encontraron 2 URLs para https://chatadmin-gw.mp.gob.bo. Guardando...
2025-10-22 09:50:53,605 - be.modules.urls - INFO -    [URLs] ✅ Resultados para 'https://chatadmin-gw.mp.gob.bo' guardados en: outputs/fiscalia.gob.bo/https___chatadmin-gw.mp.gob.bo
2025-10-22 09:50:53,605 - be.modules.urls - INFO - 
   [URLs] -------------------------------------------------
2025-10-22 09:50:53,606 - be.modules.urls - INFO -    [URLs] 🎯 Procesando host: https://chatadmin.mp.gob.bo
2025-10-22 09:50:53,606 - be.modules.urls - INFO -      -> Buscando en 'https://chatadmin.mp.gob.bo' con gau...
2025-10-22 09:51:03,111 - be.modules.urls - INFO -      [gau] Encontró 1 URLs.
2025-10-22 09:51:03,111 - be.modules.urls - INFO -      -> Buscando en 'https://chatadmin.mp.gob.bo' con katana...
2025-10-22 09:51:15,585 - be.modules.urls - INFO -      [katana] Encontró 4 URLs.
2025-10-22 09:51:15,585 - be.modules.urls - INFO -    [URLs] Se encontraron 5 URLs para https://chatadmin.mp.gob.bo. Guardando...
2025-10-22 09:51:15,585 - be.modules.urls - INFO -    [URLs] ✅ Resultados para 'https://chatadmin.mp.gob.bo' guardados en: outputs/fiscalia.gob.bo/https___chatadmin.mp.gob.bo
2025-10-22 09:51:15,586 - be.modules.urls - INFO - 
   [URLs] -------------------------------------------------
2025-10-22 09:51:15,586 - be.modules.urls - INFO -    [URLs] 🎯 Procesando host: https://daf-gw.stage.mp.gob.bo
2025-10-22 09:51:15,586 - be.modules.urls - INFO -      -> Buscando en 'https://daf-gw.stage.mp.gob.bo' con gau...
2025-10-22 09:51:24,347 - be.modules.urls - INFO -      [gau] Encontró 1 URLs.
2025-10-22 09:51:24,347 - be.modules.urls - INFO -      -> Buscando en 'https://daf-gw.stage.mp.gob.bo' con katana...
2025-10-22 09:51:34,812 - be.modules.urls - INFO -      [katana] Encontró 1 URLs.
2025-10-22 09:51:34,813 - be.modules.urls - INFO -    [URLs] Se encontraron 2 URLs para https://daf-gw.stage.mp.gob.bo. Guardando...
2025-10-22 09:51:34,814 - be.modules.urls - INFO -    [URLs] ✅ Resultados para 'https://daf-gw.stage.mp.gob.bo' guardados en: outputs/fiscalia.gob.bo/https___daf-gw.stage.mp.gob.bo
2025-10-22 09:51:34,814 - be.modules.urls - INFO - 
   [URLs] -------------------------------------------------
2025-10-22 09:51:34,814 - be.modules.urls - INFO -    [URLs] 🎯 Procesando host: https://daf.stage.mp.gob.bo
2025-10-22 09:51:34,814 - be.modules.urls - INFO -      -> Buscando en 'https://daf.stage.mp.gob.bo' con gau...
2025-10-22 09:51:43,382 - be.modules.urls - INFO -      [gau] Encontró 1 URLs.
2025-10-22 09:51:43,382 - be.modules.urls - INFO -      -> Buscando en 'https://daf.stage.mp.gob.bo' con katana...
2025-10-22 09:51:53,839 - be.modules.urls - INFO -      [katana] Encontró 1 URLs.
2025-10-22 09:51:53,839 - be.modules.urls - INFO -    [URLs] Se encontraron 2 URLs para https://daf.stage.mp.gob.bo. Guardando...
2025-10-22 09:51:53,840 - be.modules.urls - INFO -    [URLs] ✅ Resultados para 'https://daf.stage.mp.gob.bo' guardados en: outputs/fiscalia.gob.bo/https___daf.stage.mp.gob.bo
2025-10-22 09:51:53,840 - be.modules.urls - INFO - 
   [URLs] -------------------------------------------------
2025-10-22 09:51:53,840 - be.modules.urls - INFO -    [URLs] 🎯 Procesando host: https://ecosistema.mp.gob.bo
2025-10-22 09:51:53,840 - be.modules.urls - INFO -      -> Buscando en 'https://ecosistema.mp.gob.bo' con gau...
2025-10-22 09:52:02,292 - be.modules.urls - INFO -      [gau] Encontró 19 URLs.
2025-10-22 09:52:02,292 - be.modules.urls - INFO -      -> Buscando en 'https://ecosistema.mp.gob.bo' con katana...
2025-10-22 09:52:13,755 - be.modules.urls - INFO -      [katana] Encontró 4 URLs.
2025-10-22 09:52:13,755 - be.modules.urls - INFO -    [URLs] Se encontraron 20 URLs para https://ecosistema.mp.gob.bo. Guardando...
2025-10-22 09:52:13,755 - be.modules.urls - INFO -    [URLs] ✅ Resultados para 'https://ecosistema.mp.gob.bo' guardados en: outputs/fiscalia.gob.bo/https___ecosistema.mp.gob.bo
2025-10-22 09:52:13,756 - be.modules.urls - INFO - 
   [URLs] -------------------------------------------------
2025-10-22 09:52:13,756 - be.modules.urls - INFO -    [URLs] 🎯 Procesando host: https://files.mp.gob.bo
2025-10-22 09:52:13,756 - be.modules.urls - INFO -      -> Buscando en 'https://files.mp.gob.bo' con gau...
2025-10-22 09:52:17,272 - be.modules.urls - INFO -      [gau] Encontró 122 URLs.
2025-10-22 09:52:17,273 - be.modules.urls - INFO -      -> Buscando en 'https://files.mp.gob.bo' con katana...
2025-10-22 09:52:27,748 - be.modules.urls - INFO -      [katana] Encontró 1 URLs.
2025-10-22 09:52:27,748 - be.modules.urls - INFO -    [URLs] Se encontraron 123 URLs para https://files.mp.gob.bo. Guardando...
2025-10-22 09:52:27,758 - be.modules.urls - INFO -    [URLs] ✅ Resultados para 'https://files.mp.gob.bo' guardados en: outputs/fiscalia.gob.bo/https___files.mp.gob.bo
2025-10-22 09:52:27,759 - be.modules.urls - INFO - 
   [URLs] -------------------------------------------------
2025-10-22 09:52:27,759 - be.modules.urls - INFO -    [URLs] 🎯 Procesando host: https://fw-fge.mp.gob.bo
2025-10-22 09:52:27,759 - be.modules.urls - INFO -      -> Buscando en 'https://fw-fge.mp.gob.bo' con gau...
2025-10-22 09:52:36,198 - be.modules.urls - INFO -      [gau] Encontró 1 URLs.
2025-10-22 09:52:36,198 - be.modules.urls - INFO -      -> Buscando en 'https://fw-fge.mp.gob.bo' con katana...
2025-10-22 09:52:47,669 - be.modules.urls - INFO -      [katana] Encontró 7 URLs.
2025-10-22 09:52:47,669 - be.modules.urls - INFO -    [URLs] Se encontraron 8 URLs para https://fw-fge.mp.gob.bo. Guardando...
2025-10-22 09:52:47,670 - be.modules.urls - INFO -    [URLs] ✅ Resultados para 'https://fw-fge.mp.gob.bo' guardados en: outputs/fiscalia.gob.bo/https___fw-fge.mp.gob.bo
2025-10-22 09:52:47,670 - be.modules.urls - INFO - 
   [URLs] -------------------------------------------------
2025-10-22 09:52:47,670 - be.modules.urls - INFO -    [URLs] 🎯 Procesando host: https://jl-docs.mp.gob.bo
2025-10-22 09:52:47,671 - be.modules.urls - INFO -      -> Buscando en 'https://jl-docs.mp.gob.bo' con gau...
2025-10-22 09:52:56,559 - be.modules.urls - INFO -      -> Buscando en 'https://jl-docs.mp.gob.bo' con katana...
2025-10-22 09:53:09,119 - be.modules.urls - INFO -      [katana] Encontró 9 URLs.
2025-10-22 09:53:09,120 - be.modules.urls - INFO -    [URLs] Se encontraron 9 URLs para https://jl-docs.mp.gob.bo. Guardando...
2025-10-22 09:53:09,121 - be.modules.urls - INFO -    [URLs] ✅ Resultados para 'https://jl-docs.mp.gob.bo' guardados en: outputs/fiscalia.gob.bo/https___jl-docs.mp.gob.bo
2025-10-22 09:53:09,121 - be.modules.urls - INFO - 
   [URLs] -------------------------------------------------
2025-10-22 09:53:09,121 - be.modules.urls - INFO -    [URLs] 🎯 Procesando host: https://jl2-dashboard-gw.stage.mp.gob.bo
2025-10-22 09:53:09,121 - be.modules.urls - INFO -      -> Buscando en 'https://jl2-dashboard-gw.stage.mp.gob.bo' con gau...
2025-10-22 09:53:17,409 - be.modules.urls - INFO -      [gau] Encontró 1 URLs.
2025-10-22 09:53:17,409 - be.modules.urls - INFO -      -> Buscando en 'https://jl2-dashboard-gw.stage.mp.gob.bo' con katana...
2025-10-22 09:53:27,850 - be.modules.urls - INFO -      [katana] Encontró 1 URLs.
2025-10-22 09:53:27,850 - be.modules.urls - INFO -    [URLs] Se encontraron 2 URLs para https://jl2-dashboard-gw.stage.mp.gob.bo. Guardando...
2025-10-22 09:53:27,851 - be.modules.urls - INFO -    [URLs] ✅ Resultados para 'https://jl2-dashboard-gw.stage.mp.gob.bo' guardados en: outputs/fiscalia.gob.bo/https___jl2-dashboard-gw.stage.mp.gob.bo
2025-10-22 09:53:27,851 - be.modules.urls - INFO - 
   [URLs] -------------------------------------------------
2025-10-22 09:53:27,851 - be.modules.urls - INFO -    [URLs] 🎯 Procesando host: https://jl2-disciplinario-api.stage.mp.gob.bo
2025-10-22 09:53:27,852 - be.modules.urls - INFO -      -> Buscando en 'https://jl2-disciplinario-api.stage.mp.gob.bo' con gau...
2025-10-22 09:53:36,966 - be.modules.urls - INFO -      [gau] Encontró 1 URLs.
2025-10-22 09:53:36,966 - be.modules.urls - INFO -      -> Buscando en 'https://jl2-disciplinario-api.stage.mp.gob.bo' con katana...
2025-10-22 09:53:47,436 - be.modules.urls - INFO -      [katana] Encontró 1 URLs.
2025-10-22 09:53:47,437 - be.modules.urls - INFO -    [URLs] Se encontraron 2 URLs para https://jl2-disciplinario-api.stage.mp.gob.bo. Guardando...
2025-10-22 09:53:47,438 - be.modules.urls - INFO -    [URLs] ✅ Resultados para 'https://jl2-disciplinario-api.stage.mp.gob.bo' guardados en: outputs/fiscalia.gob.bo/https___jl2-disciplinario-api.stage.mp.gob.bo
2025-10-22 09:53:47,438 - be.modules.urls - INFO - 
   [URLs] -------------------------------------------------
2025-10-22 09:53:47,438 - be.modules.urls - INFO -    [URLs] 🎯 Procesando host: https://jl2-disciplinario-gw.stage.mp.gob.bo
2025-10-22 09:53:47,438 - be.modules.urls - INFO -      -> Buscando en 'https://jl2-disciplinario-gw.stage.mp.gob.bo' con gau...
2025-10-22 09:53:56,320 - be.modules.urls - INFO -      [gau] Encontró 2 URLs.
2025-10-22 09:53:56,320 - be.modules.urls - INFO -      -> Buscando en 'https://jl2-disciplinario-gw.stage.mp.gob.bo' con katana...
2025-10-22 09:54:06,772 - be.modules.urls - INFO -      [katana] Encontró 1 URLs.
2025-10-22 09:54:06,773 - be.modules.urls - INFO -    [URLs] Se encontraron 3 URLs para https://jl2-disciplinario-gw.stage.mp.gob.bo. Guardando...
2025-10-22 09:54:06,773 - be.modules.urls - INFO -    [URLs] ✅ Resultados para 'https://jl2-disciplinario-gw.stage.mp.gob.bo' guardados en: outputs/fiscalia.gob.bo/https___jl2-disciplinario-gw.stage.mp.gob.bo
2025-10-22 09:54:06,773 - be.modules.urls - INFO - 
   [URLs] -------------------------------------------------
2025-10-22 09:54:06,773 - be.modules.urls - INFO -    [URLs] 🎯 Procesando host: https://jl2-disciplinario.stage.mp.gob.bo
2025-10-22 09:54:06,773 - be.modules.urls - INFO -      -> Buscando en 'https://jl2-disciplinario.stage.mp.gob.bo' con gau...
2025-10-22 09:54:15,626 - be.modules.urls - INFO -      [gau] Encontró 1 URLs.
2025-10-22 09:54:15,626 - be.modules.urls - INFO -      -> Buscando en 'https://jl2-disciplinario.stage.mp.gob.bo' con katana...
2025-10-22 09:54:26,100 - be.modules.urls - INFO -      [katana] Encontró 1 URLs.
2025-10-22 09:54:26,101 - be.modules.urls - INFO -    [URLs] Se encontraron 2 URLs para https://jl2-disciplinario.stage.mp.gob.bo. Guardando...
2025-10-22 09:54:26,101 - be.modules.urls - INFO -    [URLs] ✅ Resultados para 'https://jl2-disciplinario.stage.mp.gob.bo' guardados en: outputs/fiscalia.gob.bo/https___jl2-disciplinario.stage.mp.gob.bo
2025-10-22 09:54:26,102 - be.modules.urls - INFO - 
   [URLs] -------------------------------------------------
2025-10-22 09:54:26,102 - be.modules.urls - INFO -    [URLs] 🎯 Procesando host: https://jl2-gw-digemig.stage.mp.gob.bo
2025-10-22 09:54:26,102 - be.modules.urls - INFO -      -> Buscando en 'https://jl2-gw-digemig.stage.mp.gob.bo' con gau...
2025-10-22 09:54:35,241 - be.modules.urls - INFO -      [gau] Encontró 1 URLs.
2025-10-22 09:54:35,241 - be.modules.urls - INFO -      -> Buscando en 'https://jl2-gw-digemig.stage.mp.gob.bo' con katana...
2025-10-22 09:54:45,683 - be.modules.urls - INFO -      [katana] Encontró 1 URLs.
2025-10-22 09:54:45,683 - be.modules.urls - INFO -    [URLs] Se encontraron 2 URLs para https://jl2-gw-digemig.stage.mp.gob.bo. Guardando...
2025-10-22 09:54:45,684 - be.modules.urls - INFO -    [URLs] ✅ Resultados para 'https://jl2-gw-digemig.stage.mp.gob.bo' guardados en: outputs/fiscalia.gob.bo/https___jl2-gw-digemig.stage.mp.gob.bo
2025-10-22 09:54:45,684 - be.modules.urls - INFO - 
   [URLs] -------------------------------------------------
2025-10-22 09:54:45,684 - be.modules.urls - INFO -    [URLs] 🎯 Procesando host: https://jl2-gw.stage.mp.gob.bo
2025-10-22 09:54:45,685 - be.modules.urls - INFO -      -> Buscando en 'https://jl2-gw.stage.mp.gob.bo' con gau...
2025-10-22 09:55:02,253 - be.modules.urls - INFO -      [gau] Encontró 1 URLs.
2025-10-22 09:55:02,253 - be.modules.urls - INFO -      -> Buscando en 'https://jl2-gw.stage.mp.gob.bo' con katana...
2025-10-22 09:55:12,761 - be.modules.urls - INFO -      [katana] Encontró 1 URLs.
2025-10-22 09:55:12,762 - be.modules.urls - INFO -    [URLs] Se encontraron 2 URLs para https://jl2-gw.stage.mp.gob.bo. Guardando...
2025-10-22 09:55:12,762 - be.modules.urls - INFO -    [URLs] ✅ Resultados para 'https://jl2-gw.stage.mp.gob.bo' guardados en: outputs/fiscalia.gob.bo/https___jl2-gw.stage.mp.gob.bo
2025-10-22 09:55:12,762 - be.modules.urls - INFO - 
   [URLs] -------------------------------------------------
2025-10-22 09:55:12,763 - be.modules.urls - INFO -    [URLs] 🎯 Procesando host: https://jl2-idif-gw.stage.mp.gob.bo
2025-10-22 09:55:12,763 - be.modules.urls - INFO -      -> Buscando en 'https://jl2-idif-gw.stage.mp.gob.bo' con gau...
2025-10-22 09:55:21,398 - be.modules.urls - INFO -      [gau] Encontró 2 URLs.
2025-10-22 09:55:21,399 - be.modules.urls - INFO -      -> Buscando en 'https://jl2-idif-gw.stage.mp.gob.bo' con katana...
2025-10-22 09:55:31,925 - be.modules.urls - INFO -      [katana] Encontró 1 URLs.
2025-10-22 09:55:31,925 - be.modules.urls - INFO -    [URLs] Se encontraron 3 URLs para https://jl2-idif-gw.stage.mp.gob.bo. Guardando...
2025-10-22 09:55:31,925 - be.modules.urls - INFO -    [URLs] ✅ Resultados para 'https://jl2-idif-gw.stage.mp.gob.bo' guardados en: outputs/fiscalia.gob.bo/https___jl2-idif-gw.stage.mp.gob.bo
2025-10-22 09:55:31,925 - be.modules.urls - INFO - 
   [URLs] -------------------------------------------------
2025-10-22 09:55:31,925 - be.modules.urls - INFO -    [URLs] 🎯 Procesando host: https://jl2-idif.stage.mp.gob.bo
2025-10-22 09:55:31,926 - be.modules.urls - INFO -      -> Buscando en 'https://jl2-idif.stage.mp.gob.bo' con gau...
2025-10-22 09:55:41,290 - be.modules.urls - INFO -      [gau] Encontró 1 URLs.
2025-10-22 09:55:41,290 - be.modules.urls - INFO -      -> Buscando en 'https://jl2-idif.stage.mp.gob.bo' con katana...
2025-10-22 09:55:51,776 - be.modules.urls - INFO -      [katana] Encontró 1 URLs.
2025-10-22 09:55:51,778 - be.modules.urls - INFO -    [URLs] Se encontraron 2 URLs para https://jl2-idif.stage.mp.gob.bo. Guardando...
2025-10-22 09:55:51,779 - be.modules.urls - INFO -    [URLs] ✅ Resultados para 'https://jl2-idif.stage.mp.gob.bo' guardados en: outputs/fiscalia.gob.bo/https___jl2-idif.stage.mp.gob.bo
2025-10-22 09:55:51,780 - be.modules.urls - INFO - 
   [URLs] -------------------------------------------------
2025-10-22 09:55:51,781 - be.modules.urls - INFO -    [URLs] 🎯 Procesando host: https://jl2-victimas-api.mp.gob.bo
2025-10-22 09:55:51,781 - be.modules.urls - INFO -      -> Buscando en 'https://jl2-victimas-api.mp.gob.bo' con gau...
2025-10-22 09:56:00,117 - be.modules.urls - INFO -      -> Buscando en 'https://jl2-victimas-api.mp.gob.bo' con katana...
2025-10-22 09:56:10,612 - be.modules.urls - INFO -      [katana] Encontró 1 URLs.
2025-10-22 09:56:10,612 - be.modules.urls - INFO -    [URLs] Se encontraron 1 URLs para https://jl2-victimas-api.mp.gob.bo. Guardando...
2025-10-22 09:56:10,613 - be.modules.urls - INFO -    [URLs] ✅ Resultados para 'https://jl2-victimas-api.mp.gob.bo' guardados en: outputs/fiscalia.gob.bo/https___jl2-victimas-api.mp.gob.bo
2025-10-22 09:56:10,613 - be.modules.urls - INFO - 
   [URLs] -------------------------------------------------
2025-10-22 09:56:10,613 - be.modules.urls - INFO -    [URLs] 🎯 Procesando host: https://jl2-victimas-api.stage.mp.gob.bo
2025-10-22 09:56:10,613 - be.modules.urls - INFO -      -> Buscando en 'https://jl2-victimas-api.stage.mp.gob.bo' con gau...
2025-10-22 09:56:19,000 - be.modules.urls - INFO -      [gau] Encontró 1 URLs.
2025-10-22 09:56:19,000 - be.modules.urls - INFO -      -> Buscando en 'https://jl2-victimas-api.stage.mp.gob.bo' con katana...
2025-10-22 09:56:29,450 - be.modules.urls - INFO -      [katana] Encontró 1 URLs.
2025-10-22 09:56:29,450 - be.modules.urls - INFO -    [URLs] Se encontraron 2 URLs para https://jl2-victimas-api.stage.mp.gob.bo. Guardando...
2025-10-22 09:56:29,450 - be.modules.urls - INFO -    [URLs] ✅ Resultados para 'https://jl2-victimas-api.stage.mp.gob.bo' guardados en: outputs/fiscalia.gob.bo/https___jl2-victimas-api.stage.mp.gob.bo
2025-10-22 09:56:29,451 - be.modules.urls - INFO - 
   [URLs] -------------------------------------------------
2025-10-22 09:56:29,451 - be.modules.urls - INFO -    [URLs] 🎯 Procesando host: https://jl2-victimas.stage.mp.gob.bo
2025-10-22 09:56:29,451 - be.modules.urls - INFO -      -> Buscando en 'https://jl2-victimas.stage.mp.gob.bo' con gau...
2025-10-22 09:56:42,102 - be.modules.urls - INFO -      [gau] Encontró 1 URLs.
2025-10-22 09:56:42,102 - be.modules.urls - INFO -      -> Buscando en 'https://jl2-victimas.stage.mp.gob.bo' con katana...
2025-10-22 09:56:52,564 - be.modules.urls - INFO -      [katana] Encontró 1 URLs.
2025-10-22 09:56:52,565 - be.modules.urls - INFO -    [URLs] Se encontraron 2 URLs para https://jl2-victimas.stage.mp.gob.bo. Guardando...
2025-10-22 09:56:52,565 - be.modules.urls - INFO -    [URLs] ✅ Resultados para 'https://jl2-victimas.stage.mp.gob.bo' guardados en: outputs/fiscalia.gob.bo/https___jl2-victimas.stage.mp.gob.bo
2025-10-22 09:56:52,565 - be.modules.urls - INFO - 
   [URLs] -------------------------------------------------
2025-10-22 09:56:52,566 - be.modules.urls - INFO -    [URLs] 🎯 Procesando host: https://jl2.mp.gob.bo
2025-10-22 09:56:52,566 - be.modules.urls - INFO -      -> Buscando en 'https://jl2.mp.gob.bo' con gau...
2025-10-22 09:57:27,040 - be.modules.urls - INFO -      -> Buscando en 'https://jl2.mp.gob.bo' con katana...
2025-10-22 09:57:40,850 - be.modules.urls - INFO -      [katana] Encontró 8 URLs.
2025-10-22 09:57:40,850 - be.modules.urls - INFO -    [URLs] Se encontraron 8 URLs para https://jl2.mp.gob.bo. Guardando...
2025-10-22 09:57:40,851 - be.modules.urls - INFO -    [URLs] ✅ Resultados para 'https://jl2.mp.gob.bo' guardados en: outputs/fiscalia.gob.bo/https___jl2.mp.gob.bo
2025-10-22 09:57:40,851 - be.modules.urls - INFO - 
   [URLs] -------------------------------------------------
2025-10-22 09:57:40,851 - be.modules.urls - INFO -    [URLs] 🎯 Procesando host: https://jl2.stage.mp.gob.bo
2025-10-22 09:57:40,851 - be.modules.urls - INFO -      -> Buscando en 'https://jl2.stage.mp.gob.bo' con gau...
2025-10-22 09:57:54,289 - be.modules.urls - INFO -      [gau] Encontró 1 URLs.
2025-10-22 09:57:54,289 - be.modules.urls - INFO -      -> Buscando en 'https://jl2.stage.mp.gob.bo' con katana...
2025-10-22 09:58:05,221 - be.modules.urls - INFO -      [katana] Encontró 1 URLs.
2025-10-22 09:58:05,221 - be.modules.urls - INFO -    [URLs] Se encontraron 2 URLs para https://jl2.stage.mp.gob.bo. Guardando...
2025-10-22 09:58:05,221 - be.modules.urls - INFO -    [URLs] ✅ Resultados para 'https://jl2.stage.mp.gob.bo' guardados en: outputs/fiscalia.gob.bo/https___jl2.stage.mp.gob.bo
2025-10-22 09:58:05,221 - be.modules.urls - INFO - 
   [URLs] -------------------------------------------------
2025-10-22 09:58:05,221 - be.modules.urls - INFO -    [URLs] 🎯 Procesando host: https://justicialibre-docs.mp.gob.bo
2025-10-22 09:58:05,221 - be.modules.urls - INFO -      -> Buscando en 'https://justicialibre-docs.mp.gob.bo' con gau...
2025-10-22 09:58:13,547 - be.modules.urls - INFO -      [gau] Encontró 30 URLs.
2025-10-22 09:58:13,547 - be.modules.urls - INFO -      -> Buscando en 'https://justicialibre-docs.mp.gob.bo' con katana...
2025-10-22 09:58:27,012 - be.modules.urls - INFO -      [katana] Encontró 10 URLs.
2025-10-22 09:58:27,012 - be.modules.urls - INFO -    [URLs] Se encontraron 34 URLs para https://justicialibre-docs.mp.gob.bo. Guardando...
2025-10-22 09:58:27,013 - be.modules.urls - INFO -    [URLs] ✅ Resultados para 'https://justicialibre-docs.mp.gob.bo' guardados en: outputs/fiscalia.gob.bo/https___justicialibre-docs.mp.gob.bo
2025-10-22 09:58:27,013 - be.modules.urls - INFO - 
   [URLs] -------------------------------------------------
2025-10-22 09:58:27,013 - be.modules.urls - INFO -    [URLs] 🎯 Procesando host: https://justicialibre-gw.mp.gob.bo
2025-10-22 09:58:27,013 - be.modules.urls - INFO -      -> Buscando en 'https://justicialibre-gw.mp.gob.bo' con gau...
2025-10-22 09:58:35,385 - be.modules.urls - INFO -      [gau] Encontró 1 URLs.
2025-10-22 09:58:35,385 - be.modules.urls - INFO -      -> Buscando en 'https://justicialibre-gw.mp.gob.bo' con katana...
2025-10-22 09:58:45,824 - be.modules.urls - INFO -      [katana] Encontró 1 URLs.
2025-10-22 09:58:45,824 - be.modules.urls - INFO -    [URLs] Se encontraron 2 URLs para https://justicialibre-gw.mp.gob.bo. Guardando...
2025-10-22 09:58:45,824 - be.modules.urls - INFO -    [URLs] ✅ Resultados para 'https://justicialibre-gw.mp.gob.bo' guardados en: outputs/fiscalia.gob.bo/https___justicialibre-gw.mp.gob.bo
2025-10-22 09:58:45,825 - be.modules.urls - INFO - 
   [URLs] -------------------------------------------------
2025-10-22 09:58:45,825 - be.modules.urls - INFO -    [URLs] 🎯 Procesando host: https://justicialibre-gw.stage.mp.gob.bo
2025-10-22 09:58:45,825 - be.modules.urls - INFO -      -> Buscando en 'https://justicialibre-gw.stage.mp.gob.bo' con gau...
2025-10-22 09:59:03,986 - be.modules.urls - INFO -      [gau] Encontró 1 URLs.
2025-10-22 09:59:03,986 - be.modules.urls - INFO -      -> Buscando en 'https://justicialibre-gw.stage.mp.gob.bo' con katana...
2025-10-22 09:59:14,447 - be.modules.urls - INFO -      [katana] Encontró 1 URLs.
2025-10-22 09:59:14,447 - be.modules.urls - INFO -    [URLs] Se encontraron 2 URLs para https://justicialibre-gw.stage.mp.gob.bo. Guardando...
2025-10-22 09:59:14,448 - be.modules.urls - INFO -    [URLs] ✅ Resultados para 'https://justicialibre-gw.stage.mp.gob.bo' guardados en: outputs/fiscalia.gob.bo/https___justicialibre-gw.stage.mp.gob.bo
2025-10-22 09:59:14,448 - be.modules.urls - INFO - 
   [URLs] -------------------------------------------------
2025-10-22 09:59:14,448 - be.modules.urls - INFO -    [URLs] 🎯 Procesando host: https://justicialibre.mp.gob.bo
2025-10-22 09:59:14,448 - be.modules.urls - INFO -      -> Buscando en 'https://justicialibre.mp.gob.bo' con gau...
2025-10-22 09:59:23,026 - be.modules.urls - INFO -      [gau] Encontró 8 URLs.
2025-10-22 09:59:23,027 - be.modules.urls - INFO -      -> Buscando en 'https://justicialibre.mp.gob.bo' con katana...
2025-10-22 09:59:35,485 - be.modules.urls - INFO -      [katana] Encontró 6 URLs.
2025-10-22 09:59:35,485 - be.modules.urls - INFO -    [URLs] Se encontraron 12 URLs para https://justicialibre.mp.gob.bo. Guardando...
2025-10-22 09:59:35,486 - be.modules.urls - INFO -    [URLs] ✅ Resultados para 'https://justicialibre.mp.gob.bo' guardados en: outputs/fiscalia.gob.bo/https___justicialibre.mp.gob.bo
2025-10-22 09:59:35,486 - be.modules.urls - INFO - 
   [URLs] -------------------------------------------------
2025-10-22 09:59:35,486 - be.modules.urls - INFO -    [URLs] 🎯 Procesando host: https://justicialibre.stage.mp.gob.bo
2025-10-22 09:59:35,486 - be.modules.urls - INFO -      -> Buscando en 'https://justicialibre.stage.mp.gob.bo' con gau...
2025-10-22 09:59:44,109 - be.modules.urls - INFO -      [gau] Encontró 1 URLs.
2025-10-22 09:59:44,109 - be.modules.urls - INFO -      -> Buscando en 'https://justicialibre.stage.mp.gob.bo' con katana...
2025-10-22 09:59:54,561 - be.modules.urls - INFO -      [katana] Encontró 1 URLs.
2025-10-22 09:59:54,561 - be.modules.urls - INFO -    [URLs] Se encontraron 2 URLs para https://justicialibre.stage.mp.gob.bo. Guardando...
2025-10-22 09:59:54,562 - be.modules.urls - INFO -    [URLs] ✅ Resultados para 'https://justicialibre.stage.mp.gob.bo' guardados en: outputs/fiscalia.gob.bo/https___justicialibre.stage.mp.gob.bo
2025-10-22 09:59:54,562 - be.modules.urls - INFO - 
   [URLs] -------------------------------------------------
2025-10-22 09:59:54,562 - be.modules.urls - INFO -    [URLs] 🎯 Procesando host: https://mp-gw.stage.mp.gob.bo
2025-10-22 09:59:54,562 - be.modules.urls - INFO -      -> Buscando en 'https://mp-gw.stage.mp.gob.bo' con gau...
2025-10-22 10:00:03,032 - be.modules.urls - INFO -      [gau] Encontró 2 URLs.
2025-10-22 10:00:03,032 - be.modules.urls - INFO -      -> Buscando en 'https://mp-gw.stage.mp.gob.bo' con katana...
2025-10-22 10:00:13,460 - be.modules.urls - INFO -      [katana] Encontró 1 URLs.
2025-10-22 10:00:13,460 - be.modules.urls - INFO -    [URLs] Se encontraron 3 URLs para https://mp-gw.stage.mp.gob.bo. Guardando...
2025-10-22 10:00:13,460 - be.modules.urls - INFO -    [URLs] ✅ Resultados para 'https://mp-gw.stage.mp.gob.bo' guardados en: outputs/fiscalia.gob.bo/https___mp-gw.stage.mp.gob.bo
2025-10-22 10:00:13,460 - be.modules.urls - INFO - 
   [URLs] -------------------------------------------------
2025-10-22 10:00:13,460 - be.modules.urls - INFO -    [URLs] 🎯 Procesando host: https://mp.stage.mp.gob.bo
2025-10-22 10:00:13,460 - be.modules.urls - INFO -      -> Buscando en 'https://mp.stage.mp.gob.bo' con gau...
2025-10-22 10:00:22,305 - be.modules.urls - INFO -      [gau] Encontró 142 URLs.
2025-10-22 10:00:22,305 - be.modules.urls - INFO -      -> Buscando en 'https://mp.stage.mp.gob.bo' con katana...
2025-10-22 10:00:32,780 - be.modules.urls - INFO -      [katana] Encontró 1 URLs.
2025-10-22 10:00:32,781 - be.modules.urls - INFO -    [URLs] Se encontraron 143 URLs para https://mp.stage.mp.gob.bo. Guardando...
2025-10-22 10:00:32,786 - be.modules.urls - INFO -    [URLs] ✅ Resultados para 'https://mp.stage.mp.gob.bo' guardados en: outputs/fiscalia.gob.bo/https___mp.stage.mp.gob.bo
2025-10-22 10:00:32,786 - be.modules.urls - INFO - 
   [URLs] -------------------------------------------------
2025-10-22 10:00:32,786 - be.modules.urls - INFO -    [URLs] 🎯 Procesando host: https://ms-adsib.mp.gob.bo
2025-10-22 10:00:32,787 - be.modules.urls - INFO -      -> Buscando en 'https://ms-adsib.mp.gob.bo' con gau...
2025-10-22 10:00:41,545 - be.modules.urls - INFO -      -> Buscando en 'https://ms-adsib.mp.gob.bo' con katana...
2025-10-22 10:00:52,661 - be.modules.urls - INFO -      [katana] Encontró 1 URLs.
2025-10-22 10:00:52,661 - be.modules.urls - INFO -    [URLs] Se encontraron 1 URLs para https://ms-adsib.mp.gob.bo. Guardando...
2025-10-22 10:00:52,662 - be.modules.urls - INFO -    [URLs] ✅ Resultados para 'https://ms-adsib.mp.gob.bo' guardados en: outputs/fiscalia.gob.bo/https___ms-adsib.mp.gob.bo
2025-10-22 10:00:52,662 - be.modules.urls - INFO - 
   [URLs] -------------------------------------------------
2025-10-22 10:00:52,663 - be.modules.urls - INFO -    [URLs] 🎯 Procesando host: https://ms-elasticsearch.stage.mp.gob.bo
2025-10-22 10:00:52,663 - be.modules.urls - INFO -      -> Buscando en 'https://ms-elasticsearch.stage.mp.gob.bo' con gau...
2025-10-22 10:01:01,282 - be.modules.urls - INFO -      [gau] Encontró 2 URLs.
2025-10-22 10:01:01,283 - be.modules.urls - INFO -      -> Buscando en 'https://ms-elasticsearch.stage.mp.gob.bo' con katana...
2025-10-22 10:01:11,736 - be.modules.urls - INFO -      [katana] Encontró 1 URLs.
2025-10-22 10:01:11,736 - be.modules.urls - INFO -    [URLs] Se encontraron 3 URLs para https://ms-elasticsearch.stage.mp.gob.bo. Guardando...
2025-10-22 10:01:11,736 - be.modules.urls - INFO -    [URLs] ✅ Resultados para 'https://ms-elasticsearch.stage.mp.gob.bo' guardados en: outputs/fiscalia.gob.bo/https___ms-elasticsearch.stage.mp.gob.bo
2025-10-22 10:01:11,736 - be.modules.urls - INFO - 
   [URLs] -------------------------------------------------
2025-10-22 10:01:11,736 - be.modules.urls - INFO -    [URLs] 🎯 Procesando host: https://ms-estructura-institucional.stage.mp.gob.bo
2025-10-22 10:01:11,736 - be.modules.urls - INFO -      -> Buscando en 'https://ms-estructura-institucional.stage.mp.gob.bo' con gau...
2025-10-22 10:01:23,079 - be.modules.urls - INFO -      [gau] Encontró 1 URLs.
2025-10-22 10:01:23,079 - be.modules.urls - INFO -      -> Buscando en 'https://ms-estructura-institucional.stage.mp.gob.bo' con katana...
2025-10-22 10:01:33,545 - be.modules.urls - INFO -      [katana] Encontró 1 URLs.
2025-10-22 10:01:33,545 - be.modules.urls - INFO -    [URLs] Se encontraron 2 URLs para https://ms-estructura-institucional.stage.mp.gob.bo. Guardando...
2025-10-22 10:01:33,546 - be.modules.urls - INFO -    [URLs] ✅ Resultados para 'https://ms-estructura-institucional.stage.mp.gob.bo' guardados en: outputs/fiscalia.gob.bo/https___ms-estructura-institucional.stage.mp.gob.bo
2025-10-22 10:01:33,546 - be.modules.urls - INFO - 
   [URLs] -------------------------------------------------
2025-10-22 10:01:33,546 - be.modules.urls - INFO -    [URLs] 🎯 Procesando host: https://ms-personas.stage.mp.gob.bo
2025-10-22 10:01:33,546 - be.modules.urls - INFO -      -> Buscando en 'https://ms-personas.stage.mp.gob.bo' con gau...
2025-10-22 10:01:43,542 - be.modules.urls - INFO -      [gau] Encontró 1 URLs.
2025-10-22 10:01:43,544 - be.modules.urls - INFO -      -> Buscando en 'https://ms-personas.stage.mp.gob.bo' con katana...
2025-10-22 10:01:54,041 - be.modules.urls - INFO -      [katana] Encontró 1 URLs.
2025-10-22 10:01:54,041 - be.modules.urls - INFO -    [URLs] Se encontraron 2 URLs para https://ms-personas.stage.mp.gob.bo. Guardando...
2025-10-22 10:01:54,042 - be.modules.urls - INFO -    [URLs] ✅ Resultados para 'https://ms-personas.stage.mp.gob.bo' guardados en: outputs/fiscalia.gob.bo/https___ms-personas.stage.mp.gob.bo
2025-10-22 10:01:54,042 - be.modules.urls - INFO - 
   [URLs] -------------------------------------------------
2025-10-22 10:01:54,042 - be.modules.urls - INFO -    [URLs] 🎯 Procesando host: https://ms-seguridad-v1.stage.mp.gob.bo
2025-10-22 10:01:54,042 - be.modules.urls - INFO -      -> Buscando en 'https://ms-seguridad-v1.stage.mp.gob.bo' con gau...
2025-10-22 10:02:02,817 - be.modules.urls - INFO -      [gau] Encontró 1 URLs.
2025-10-22 10:02:02,817 - be.modules.urls - INFO -      -> Buscando en 'https://ms-seguridad-v1.stage.mp.gob.bo' con katana...
2025-10-22 10:02:13,296 - be.modules.urls - INFO -      [katana] Encontró 1 URLs.
2025-10-22 10:02:13,297 - be.modules.urls - INFO -    [URLs] Se encontraron 2 URLs para https://ms-seguridad-v1.stage.mp.gob.bo. Guardando...
2025-10-22 10:02:13,297 - be.modules.urls - INFO -    [URLs] ✅ Resultados para 'https://ms-seguridad-v1.stage.mp.gob.bo' guardados en: outputs/fiscalia.gob.bo/https___ms-seguridad-v1.stage.mp.gob.bo
2025-10-22 10:02:13,297 - be.modules.urls - INFO - 
   [URLs] -------------------------------------------------
2025-10-22 10:02:13,298 - be.modules.urls - INFO -    [URLs] 🎯 Procesando host: https://ms-seguridad.stage.mp.gob.bo
2025-10-22 10:02:13,298 - be.modules.urls - INFO -      -> Buscando en 'https://ms-seguridad.stage.mp.gob.bo' con gau...
2025-10-22 10:02:21,820 - be.modules.urls - INFO -      [gau] Encontró 1 URLs.
2025-10-22 10:02:21,820 - be.modules.urls - INFO -      -> Buscando en 'https://ms-seguridad.stage.mp.gob.bo' con katana...
2025-10-22 10:02:32,308 - be.modules.urls - INFO -      [katana] Encontró 1 URLs.
2025-10-22 10:02:32,310 - be.modules.urls - INFO -    [URLs] Se encontraron 2 URLs para https://ms-seguridad.stage.mp.gob.bo. Guardando...
2025-10-22 10:02:32,310 - be.modules.urls - INFO -    [URLs] ✅ Resultados para 'https://ms-seguridad.stage.mp.gob.bo' guardados en: outputs/fiscalia.gob.bo/https___ms-seguridad.stage.mp.gob.bo
2025-10-22 10:02:32,310 - be.modules.urls - INFO - 
   [URLs] -------------------------------------------------
2025-10-22 10:02:32,310 - be.modules.urls - INFO -    [URLs] 🎯 Procesando host: https://ms-ubicaciones.stage.mp.gob.bo
2025-10-22 10:02:32,311 - be.modules.urls - INFO -      -> Buscando en 'https://ms-ubicaciones.stage.mp.gob.bo' con gau...
2025-10-22 10:02:40,895 - be.modules.urls - INFO -      [gau] Encontró 1 URLs.
2025-10-22 10:02:40,896 - be.modules.urls - INFO -      -> Buscando en 'https://ms-ubicaciones.stage.mp.gob.bo' con katana...
2025-10-22 10:02:51,363 - be.modules.urls - INFO -      [katana] Encontró 1 URLs.
2025-10-22 10:02:51,363 - be.modules.urls - INFO -    [URLs] Se encontraron 2 URLs para https://ms-ubicaciones.stage.mp.gob.bo. Guardando...
2025-10-22 10:02:51,363 - be.modules.urls - INFO -    [URLs] ✅ Resultados para 'https://ms-ubicaciones.stage.mp.gob.bo' guardados en: outputs/fiscalia.gob.bo/https___ms-ubicaciones.stage.mp.gob.bo
2025-10-22 10:02:51,363 - be.modules.urls - INFO - 
   [URLs] -------------------------------------------------
2025-10-22 10:02:51,363 - be.modules.urls - INFO -    [URLs] 🎯 Procesando host: https://ms-websocket-ws.mp.gob.bo
2025-10-22 10:02:51,364 - be.modules.urls - INFO -      -> Buscando en 'https://ms-websocket-ws.mp.gob.bo' con gau...
2025-10-22 10:03:00,052 - be.modules.urls - INFO -      [gau] Encontró 106 URLs.
2025-10-22 10:03:00,053 - be.modules.urls - INFO -      -> Buscando en 'https://ms-websocket-ws.mp.gob.bo' con katana...
2025-10-22 10:03:11,029 - be.modules.urls - INFO -      [katana] Encontró 1 URLs.
2025-10-22 10:03:11,029 - be.modules.urls - INFO -    [URLs] Se encontraron 107 URLs para https://ms-websocket-ws.mp.gob.bo. Guardando...
2025-10-22 10:03:11,035 - be.modules.urls - INFO -    [URLs] ✅ Resultados para 'https://ms-websocket-ws.mp.gob.bo' guardados en: outputs/fiscalia.gob.bo/https___ms-websocket-ws.mp.gob.bo
2025-10-22 10:03:11,036 - be.modules.urls - INFO - 
   [URLs] -------------------------------------------------
2025-10-22 10:03:11,036 - be.modules.urls - INFO -    [URLs] 🎯 Procesando host: https://portales.mp.gob.bo
2025-10-22 10:03:11,036 - be.modules.urls - INFO -      -> Buscando en 'https://portales.mp.gob.bo' con gau...
2025-10-22 10:03:25,904 - be.modules.urls - INFO -      [gau] Encontró 32 URLs.
2025-10-22 10:03:25,904 - be.modules.urls - INFO -      -> Buscando en 'https://portales.mp.gob.bo' con katana...
2025-10-22 10:03:37,355 - be.modules.urls - INFO -      [katana] Encontró 4 URLs.
2025-10-22 10:03:37,355 - be.modules.urls - INFO -    [URLs] Se encontraron 33 URLs para https://portales.mp.gob.bo. Guardando...
2025-10-22 10:03:37,356 - be.modules.urls - INFO -    [URLs] ✅ Resultados para 'https://portales.mp.gob.bo' guardados en: outputs/fiscalia.gob.bo/https___portales.mp.gob.bo
2025-10-22 10:03:37,356 - be.modules.urls - INFO - 
   [URLs] -------------------------------------------------
2025-10-22 10:03:37,356 - be.modules.urls - INFO -    [URLs] 🎯 Procesando host: https://rrhh-api.stage.mp.gob.bo
2025-10-22 10:03:37,356 - be.modules.urls - INFO -      -> Buscando en 'https://rrhh-api.stage.mp.gob.bo' con gau...
2025-10-22 10:03:52,270 - be.modules.urls - INFO -      [gau] Encontró 1 URLs.
2025-10-22 10:03:52,270 - be.modules.urls - INFO -      -> Buscando en 'https://rrhh-api.stage.mp.gob.bo' con katana...
2025-10-22 10:04:02,714 - be.modules.urls - INFO -      [katana] Encontró 1 URLs.
2025-10-22 10:04:02,715 - be.modules.urls - INFO -    [URLs] Se encontraron 2 URLs para https://rrhh-api.stage.mp.gob.bo. Guardando...
2025-10-22 10:04:02,715 - be.modules.urls - INFO -    [URLs] ✅ Resultados para 'https://rrhh-api.stage.mp.gob.bo' guardados en: outputs/fiscalia.gob.bo/https___rrhh-api.stage.mp.gob.bo
2025-10-22 10:04:02,715 - be.modules.urls - INFO - 
   [URLs] -------------------------------------------------
2025-10-22 10:04:02,715 - be.modules.urls - INFO -    [URLs] 🎯 Procesando host: https://rrhh-lite.stage.mp.gob.bo
2025-10-22 10:04:02,715 - be.modules.urls - INFO -      -> Buscando en 'https://rrhh-lite.stage.mp.gob.bo' con gau...
2025-10-22 10:04:11,492 - be.modules.urls - INFO -      [gau] Encontró 2 URLs.
2025-10-22 10:04:11,492 - be.modules.urls - INFO -      -> Buscando en 'https://rrhh-lite.stage.mp.gob.bo' con katana...
2025-10-22 10:04:22,109 - be.modules.urls - INFO -      [katana] Encontró 1 URLs.
2025-10-22 10:04:22,109 - be.modules.urls - INFO -    [URLs] Se encontraron 3 URLs para https://rrhh-lite.stage.mp.gob.bo. Guardando...
2025-10-22 10:04:22,110 - be.modules.urls - INFO -    [URLs] ✅ Resultados para 'https://rrhh-lite.stage.mp.gob.bo' guardados en: outputs/fiscalia.gob.bo/https___rrhh-lite.stage.mp.gob.bo
2025-10-22 10:04:22,110 - be.modules.urls - INFO - 
   [URLs] -------------------------------------------------
2025-10-22 10:04:22,111 - be.modules.urls - INFO -    [URLs] 🎯 Procesando host: https://rrhh.mp.gob.bo
2025-10-22 10:04:22,111 - be.modules.urls - INFO -      -> Buscando en 'https://rrhh.mp.gob.bo' con gau...
2025-10-22 10:04:30,361 - be.modules.urls - INFO -      -> Buscando en 'https://rrhh.mp.gob.bo' con katana...
2025-10-22 10:04:41,816 - be.modules.urls - INFO -      [katana] Encontró 5 URLs.
2025-10-22 10:04:41,816 - be.modules.urls - INFO -    [URLs] Se encontraron 5 URLs para https://rrhh.mp.gob.bo. Guardando...
2025-10-22 10:04:41,817 - be.modules.urls - INFO -    [URLs] ✅ Resultados para 'https://rrhh.mp.gob.bo' guardados en: outputs/fiscalia.gob.bo/https___rrhh.mp.gob.bo
2025-10-22 10:04:41,817 - be.modules.urls - INFO - 
   [URLs] -------------------------------------------------
2025-10-22 10:04:41,817 - be.modules.urls - INFO -    [URLs] 🎯 Procesando host: https://rrhh.stage.mp.gob.bo
2025-10-22 10:04:41,818 - be.modules.urls - INFO -      -> Buscando en 'https://rrhh.stage.mp.gob.bo' con gau...
2025-10-22 10:04:50,185 - be.modules.urls - INFO -      [gau] Encontró 1 URLs.
2025-10-22 10:04:50,185 - be.modules.urls - INFO -      -> Buscando en 'https://rrhh.stage.mp.gob.bo' con katana...
2025-10-22 10:05:00,681 - be.modules.urls - INFO -      [katana] Encontró 1 URLs.
2025-10-22 10:05:00,681 - be.modules.urls - INFO -    [URLs] Se encontraron 2 URLs para https://rrhh.stage.mp.gob.bo. Guardando...
2025-10-22 10:05:00,681 - be.modules.urls - INFO -    [URLs] ✅ Resultados para 'https://rrhh.stage.mp.gob.bo' guardados en: outputs/fiscalia.gob.bo/https___rrhh.stage.mp.gob.bo
2025-10-22 10:05:00,681 - be.modules.urls - INFO - 
   [URLs] -------------------------------------------------
2025-10-22 10:05:00,681 - be.modules.urls - INFO -    [URLs] 🎯 Procesando host: https://seguridad.mp.gob.bo
2025-10-22 10:05:00,682 - be.modules.urls - INFO -      -> Buscando en 'https://seguridad.mp.gob.bo' con gau...
2025-10-22 10:05:09,211 - be.modules.urls - INFO -      [gau] Encontró 1 URLs.
2025-10-22 10:05:09,211 - be.modules.urls - INFO -      -> Buscando en 'https://seguridad.mp.gob.bo' con katana...
2025-10-22 10:05:19,823 - be.modules.urls - INFO -      [katana] Encontró 1 URLs.
2025-10-22 10:05:19,825 - be.modules.urls - INFO -    [URLs] Se encontraron 2 URLs para https://seguridad.mp.gob.bo. Guardando...
2025-10-22 10:05:19,825 - be.modules.urls - INFO -    [URLs] ✅ Resultados para 'https://seguridad.mp.gob.bo' guardados en: outputs/fiscalia.gob.bo/https___seguridad.mp.gob.bo
2025-10-22 10:05:19,825 - be.modules.urls - INFO - 
   [URLs] -------------------------------------------------
2025-10-22 10:05:19,825 - be.modules.urls - INFO -    [URLs] 🎯 Procesando host: https://traefik.stage.mp.gob.bo
2025-10-22 10:05:19,826 - be.modules.urls - INFO -      -> Buscando en 'https://traefik.stage.mp.gob.bo' con gau...
2025-10-22 10:05:28,116 - be.modules.urls - INFO -      -> Buscando en 'https://traefik.stage.mp.gob.bo' con katana...
2025-10-22 10:05:38,583 - be.modules.urls - INFO -      [katana] Encontró 1 URLs.
2025-10-22 10:05:38,583 - be.modules.urls - INFO -    [URLs] Se encontraron 1 URLs para https://traefik.stage.mp.gob.bo. Guardando...
2025-10-22 10:05:38,584 - be.modules.urls - INFO -    [URLs] ✅ Resultados para 'https://traefik.stage.mp.gob.bo' guardados en: outputs/fiscalia.gob.bo/https___traefik.stage.mp.gob.bo
2025-10-22 10:05:38,584 - be.modules.urls - INFO - 
   [URLs] -------------------------------------------------
2025-10-22 10:05:38,584 - be.modules.urls - INFO -    [URLs] 🎯 Procesando host: https://uif-gw.mp.gob.bo
2025-10-22 10:05:38,584 - be.modules.urls - INFO -      -> Buscando en 'https://uif-gw.mp.gob.bo' con gau...
2025-10-22 10:05:48,683 - be.modules.urls - INFO -      [gau] Encontró 1 URLs.
2025-10-22 10:05:48,683 - be.modules.urls - INFO -      -> Buscando en 'https://uif-gw.mp.gob.bo' con katana...
2025-10-22 10:05:59,413 - be.modules.urls - INFO -      [katana] Encontró 1 URLs.
2025-10-22 10:05:59,413 - be.modules.urls - INFO -    [URLs] Se encontraron 2 URLs para https://uif-gw.mp.gob.bo. Guardando...
2025-10-22 10:05:59,414 - be.modules.urls - INFO -    [URLs] ✅ Resultados para 'https://uif-gw.mp.gob.bo' guardados en: outputs/fiscalia.gob.bo/https___uif-gw.mp.gob.bo
2025-10-22 10:05:59,414 - be.modules.urls - INFO - 
   [URLs] -------------------------------------------------
2025-10-22 10:05:59,414 - be.modules.urls - INFO -    [URLs] 🎯 Procesando host: https://uif-gw.stage.mp.gob.bo
2025-10-22 10:05:59,414 - be.modules.urls - INFO -      -> Buscando en 'https://uif-gw.stage.mp.gob.bo' con gau...
2025-10-22 10:06:07,761 - be.modules.urls - INFO -      [gau] Encontró 1 URLs.
2025-10-22 10:06:07,761 - be.modules.urls - INFO -      -> Buscando en 'https://uif-gw.stage.mp.gob.bo' con katana...
2025-10-22 10:06:18,723 - be.modules.urls - INFO -      [katana] Encontró 1 URLs.
2025-10-22 10:06:18,724 - be.modules.urls - INFO -    [URLs] Se encontraron 2 URLs para https://uif-gw.stage.mp.gob.bo. Guardando...
2025-10-22 10:06:18,725 - be.modules.urls - INFO -    [URLs] ✅ Resultados para 'https://uif-gw.stage.mp.gob.bo' guardados en: outputs/fiscalia.gob.bo/https___uif-gw.stage.mp.gob.bo
2025-10-22 10:06:18,725 - be.modules.urls - INFO -    [URLs] -------------------------------------------------
2025-10-22 10:06:18,725 - be.modules.urls - INFO -    [URLs] Procesamiento de todos los hosts finalizado.
2025-10-22 10:06:18,727 - be.manager - INFO - ✅ Procesamiento de URLs finalizado para el proyecto: fiscalia.gob.bo
