2025-10-13 19:33:41,746 - __main__ - INFO - Iniciando BugBounty Framework
2025-10-13 19:33:41,747 - be.manager - INFO - Objetivos a escanear: 2
2025-10-13 19:33:41,747 - be.manager - INFO - 
=======================================================
2025-10-13 19:33:41,747 - be.manager - INFO - 🎯 Iniciando escaneo para: cgii.gob.bo
2025-10-13 19:33:41,747 - be.manager - INFO - 💾 Resultados se guardarán en: outputs/agetic/cgii_gob_bo_20251013_193341
2025-10-13 19:33:41,747 - be.manager - INFO - =======================================================
2025-10-13 19:33:41,748 - be.manager - INFO -   [+] Ejecutando Módulo RECON (Recolección Pasiva)...
2025-10-13 19:33:41,748 - be.modules.recon - INFO -    [Recon] Iniciando Reconocimiento Pasivo...
2025-10-13 19:33:41,748 - be.modules.recon - INFO -    [Subdominator] Ejecutando: /home/warrior/Escritorio/web/subdominatod-tools/env/bin/subdominator
2025-10-13 19:33:52,115 - be.modules.recon - INFO -    [Subdominator] Encontrados 10 subdominios pasivos.
2025-10-13 19:33:52,115 - be.modules.recon - INFO -    [Subfinder] Ejecutando: /usr/bin/subfinder ; o simplemente 'subfinder' si está en PATH
2025-10-13 19:33:52,921 - be.modules.utils.helpers - WARNING - Comando falló con código 127. Stderr: __    _____           __         
   _______  __/ /_  / __(_)___  ____/ /__  _____
  / ___/ / / / __ \/ /_/ / __ \/ __  / _ \/ ___/
 (__  ) /_/ / /_/ / __/ / / / / /_/ /  __/ /    
/____/\__,_/_.___/_/ /_/_/ /_/\__,_/\___/_/

		projectdiscovery.io

[[34mINF[0m] Current subfinder version v2.6.0 ([91moutdated[0m)
[[1;31mFTL[0m] Program exiting: no input list provided
/bin/sh: 1: o: Permission denied
2025-10-13 19:33:52,922 - be.modules.recon - ERROR -    [Subfinder] ❌ Error al ejecutar o parsear: Fallo en herramienta externa: /usr/bin/subfinder
2025-10-13 19:33:52,922 - be.modules.recon - INFO -    [Amass] Ejecutando: c; o simplemente 'amass' si está en PATH (Timeout Amass: 90s)
2025-10-13 19:33:52,925 - be.modules.utils.helpers - WARNING - Comando falló con código 127. Stderr: /bin/sh: 1: c: Permission denied
/bin/sh: 1: o: Permission denied
2025-10-13 19:33:52,926 - be.modules.recon - ERROR -    [Amass] ❌ Error al ejecutar o parsear: Fallo en herramienta externa: c;
2025-10-13 19:33:52,926 - be.modules.recon - INFO -    [Urlscan] Consultando urlscan.io (Timeout: 90s)...
2025-10-13 19:33:53,995 - be.modules.recon - INFO -    [Urlscan] Encontrados 2 subdominios vía API.
2025-10-13 19:33:53,997 - be.modules.recon - INFO -    [Crt.sh] Consultando crt.sh (Timeout: 90s)...
2025-10-13 19:33:55,960 - be.modules.recon - INFO -    [Crt.sh] Encontrados 10 subdominios vía Certificados.
2025-10-13 19:33:55,963 - be.modules.recon - INFO -    [Recon] Total de subdominios únicos encontrados: 11
2025-10-13 19:33:55,964 - be.modules.recon - INFO -    [Recon] Subdominios brutos guardados en outputs/agetic/cgii_gob_bo_20251013_193341/cgii_gob_bo_subdomains.txt y outputs/agetic/cgii_gob_bo_20251013_193341/cgii_gob_bo_subdomains.json
2025-10-13 19:33:55,964 - be.manager - INFO -   [+] Ejecutando Módulo PROBING (LIGHT)...
2025-10-13 19:33:55,965 - be.modules.probing - INFO -    [Probing] Iniciando sondeo (LIGHT) de 11 objetivos...
