2025-10-15 13:57:12,092 - __main__ - INFO - Iniciando BugBounty Framework
2025-10-15 13:57:12,093 - be.manager - INFO - Objetivos cargados: 16
2025-10-15 13:57:12,093 - be.manager - INFO - [+] Iniciando en modo Directo (solo --urls)...
2025-10-15 13:57:12,093 - be.manager - INFO - 💾 Resultados se guardarán en: outputs/epsas.com.b
2025-10-15 13:57:12,093 - be.manager - INFO -   [+] Ejecutando Módulo URLS sobre 16 hosts/dominios de la lista...
2025-10-15 13:57:12,094 - be.modules.urls - INFO -    [URLs] Iniciando procesamiento para 16 hosts...
2025-10-15 13:57:12,094 - be.modules.urls - INFO - 
   [URLs] -------------------------------------------------
2025-10-15 13:57:12,094 - be.modules.urls - INFO -    [URLs] 🎯 Procesando host: autodiscover.epsas.com.bo
2025-10-15 13:57:12,094 - be.modules.urls - INFO -      -> Buscando en 'autodiscover.epsas.com.bo' con gau...
2025-10-15 13:57:20,512 - be.modules.urls - INFO -      [gau] Encontró 1 URLs.
2025-10-15 13:57:20,512 - be.modules.urls - INFO -      -> Buscando en 'autodiscover.epsas.com.bo' con katana...
2025-10-15 13:57:30,980 - be.modules.urls - INFO -      [katana] Encontró 1 URLs.
2025-10-15 13:57:30,981 - be.modules.urls - INFO -    [URLs] Se encontraron 2 URLs para autodiscover.epsas.com.bo. Guardando...
2025-10-15 13:57:30,981 - be.modules.urls - INFO -    [URLs] ✅ Resultados para 'autodiscover.epsas.com.bo' guardados en: outputs/epsas.com.b/autodiscover.epsas.com.bo
2025-10-15 13:57:30,981 - be.modules.urls - INFO - 
   [URLs] -------------------------------------------------
2025-10-15 13:57:30,981 - be.modules.urls - INFO -    [URLs] 🎯 Procesando host: back-app.serviciosepsas.com
2025-10-15 13:57:30,981 - be.modules.urls - INFO -      -> Buscando en 'back-app.serviciosepsas.com' con gau...
2025-10-15 13:57:40,920 - be.modules.urls - INFO -      [gau] Encontró 3 URLs.
2025-10-15 13:57:40,920 - be.modules.urls - INFO -      -> Buscando en 'back-app.serviciosepsas.com' con katana...
2025-10-15 13:57:51,349 - be.modules.urls - INFO -      [katana] Encontró 1 URLs.
2025-10-15 13:57:51,349 - be.modules.urls - INFO -    [URLs] Se encontraron 4 URLs para back-app.serviciosepsas.com. Guardando...
2025-10-15 13:57:51,350 - be.modules.urls - INFO -    [URLs] ✅ Resultados para 'back-app.serviciosepsas.com' guardados en: outputs/epsas.com.b/back-app.serviciosepsas.com
2025-10-15 13:57:51,350 - be.modules.urls - INFO - 
   [URLs] -------------------------------------------------
2025-10-15 13:57:51,350 - be.modules.urls - INFO -    [URLs] 🎯 Procesando host: back-webappqr.serviciosepsas.com
2025-10-15 13:57:51,350 - be.modules.urls - INFO -      -> Buscando en 'back-webappqr.serviciosepsas.com' con gau...
2025-10-15 13:58:00,326 - be.modules.urls - INFO -      -> Buscando en 'back-webappqr.serviciosepsas.com' con katana...
2025-10-15 13:58:10,967 - be.modules.urls - INFO -      [katana] Encontró 1 URLs.
2025-10-15 13:58:10,967 - be.modules.urls - INFO -    [URLs] Se encontraron 1 URLs para back-webappqr.serviciosepsas.com. Guardando...
2025-10-15 13:58:10,967 - be.modules.urls - INFO -    [URLs] ✅ Resultados para 'back-webappqr.serviciosepsas.com' guardados en: outputs/epsas.com.b/back-webappqr.serviciosepsas.com
2025-10-15 13:58:10,967 - be.modules.urls - INFO - 
   [URLs] -------------------------------------------------
2025-10-15 13:58:10,967 - be.modules.urls - INFO -    [URLs] 🎯 Procesando host: correspondencia.serviciosepsas.com
2025-10-15 13:58:10,967 - be.modules.urls - INFO -      -> Buscando en 'correspondencia.serviciosepsas.com' con gau...
2025-10-15 13:58:19,890 - be.modules.urls - INFO -      [gau] Encontró 2 URLs.
2025-10-15 13:58:19,890 - be.modules.urls - INFO -      -> Buscando en 'correspondencia.serviciosepsas.com' con katana...
2025-10-15 13:58:30,347 - be.modules.urls - INFO -      [katana] Encontró 1 URLs.
2025-10-15 13:58:30,347 - be.modules.urls - INFO -    [URLs] Se encontraron 3 URLs para correspondencia.serviciosepsas.com. Guardando...
2025-10-15 13:58:30,347 - be.modules.urls - INFO -    [URLs] ✅ Resultados para 'correspondencia.serviciosepsas.com' guardados en: outputs/epsas.com.b/correspondencia.serviciosepsas.com
2025-10-15 13:58:30,347 - be.modules.urls - INFO - 
   [URLs] -------------------------------------------------
2025-10-15 13:58:30,347 - be.modules.urls - INFO -    [URLs] 🎯 Procesando host: cpanel.epsas.com.bo
2025-10-15 13:58:30,347 - be.modules.urls - INFO -      -> Buscando en 'cpanel.epsas.com.bo' con gau...
2025-10-15 13:58:46,565 - be.modules.urls - INFO -      [gau] Encontró 38 URLs.
2025-10-15 13:58:46,565 - be.modules.urls - INFO -      -> Buscando en 'cpanel.epsas.com.bo' con katana...
2025-10-15 13:58:59,790 - be.modules.urls - INFO -      [katana] Encontró 71 URLs.
2025-10-15 13:58:59,791 - be.modules.urls - INFO -    [URLs] Se encontraron 109 URLs para cpanel.epsas.com.bo. Guardando...
2025-10-15 13:58:59,793 - be.modules.urls - INFO -    [URLs] ✅ Resultados para 'cpanel.epsas.com.bo' guardados en: outputs/epsas.com.b/cpanel.epsas.com.bo
2025-10-15 13:58:59,793 - be.modules.urls - INFO - 
   [URLs] -------------------------------------------------
2025-10-15 13:58:59,793 - be.modules.urls - INFO -    [URLs] 🎯 Procesando host: cpcalendars.epsas.com.bo
2025-10-15 13:58:59,794 - be.modules.urls - INFO -      -> Buscando en 'cpcalendars.epsas.com.bo' con gau...
2025-10-15 13:59:08,860 - be.modules.urls - INFO -      [gau] Encontró 1 URLs.
2025-10-15 13:59:08,860 - be.modules.urls - INFO -      -> Buscando en 'cpcalendars.epsas.com.bo' con katana...
2025-10-15 13:59:19,313 - be.modules.urls - INFO -      [katana] Encontró 1 URLs.
2025-10-15 13:59:19,313 - be.modules.urls - INFO -    [URLs] Se encontraron 2 URLs para cpcalendars.epsas.com.bo. Guardando...
2025-10-15 13:59:19,314 - be.modules.urls - INFO -    [URLs] ✅ Resultados para 'cpcalendars.epsas.com.bo' guardados en: outputs/epsas.com.b/cpcalendars.epsas.com.bo
2025-10-15 13:59:19,314 - be.modules.urls - INFO - 
   [URLs] -------------------------------------------------
2025-10-15 13:59:19,315 - be.modules.urls - INFO -    [URLs] 🎯 Procesando host: cpcontacts.epsas.com.bo
2025-10-15 13:59:19,315 - be.modules.urls - INFO -      -> Buscando en 'cpcontacts.epsas.com.bo' con gau...
2025-10-15 13:59:28,816 - be.modules.urls - INFO -      [gau] Encontró 1 URLs.
2025-10-15 13:59:28,816 - be.modules.urls - INFO -      -> Buscando en 'cpcontacts.epsas.com.bo' con katana...
2025-10-15 13:59:39,243 - be.modules.urls - INFO -      [katana] Encontró 1 URLs.
2025-10-15 13:59:39,243 - be.modules.urls - INFO -    [URLs] Se encontraron 2 URLs para cpcontacts.epsas.com.bo. Guardando...
2025-10-15 13:59:39,243 - be.modules.urls - INFO -    [URLs] ✅ Resultados para 'cpcontacts.epsas.com.bo' guardados en: outputs/epsas.com.b/cpcontacts.epsas.com.bo
2025-10-15 13:59:39,244 - be.modules.urls - INFO - 
   [URLs] -------------------------------------------------
2025-10-15 13:59:39,244 - be.modules.urls - INFO -    [URLs] 🎯 Procesando host: epsas.com.bo
2025-10-15 13:59:39,244 - be.modules.urls - INFO -      -> Buscando en 'epsas.com.bo' con gau...
2025-10-15 13:59:49,716 - be.modules.urls - INFO -      [gau] Encontró 3372 URLs.
2025-10-15 13:59:49,716 - be.modules.urls - INFO -      -> Buscando en 'epsas.com.bo' con katana...
2025-10-15 14:00:38,275 - be.modules.urls - INFO -      [katana] Encontró 504 URLs.
2025-10-15 14:00:38,275 - be.modules.urls - INFO -    [URLs] Se encontraron 3771 URLs para epsas.com.bo. Guardando...
2025-10-15 14:00:38,389 - be.modules.urls - INFO -    [URLs] ✅ Resultados para 'epsas.com.bo' guardados en: outputs/epsas.com.b/epsas.com.bo
2025-10-15 14:00:38,389 - be.modules.urls - INFO - 
   [URLs] -------------------------------------------------
2025-10-15 14:00:38,389 - be.modules.urls - INFO -    [URLs] 🎯 Procesando host: mail.epsas.com.bo
2025-10-15 14:00:38,389 - be.modules.urls - INFO -      -> Buscando en 'mail.epsas.com.bo' con gau...
2025-10-15 14:00:47,297 - be.modules.urls - INFO -      [gau] Encontró 1 URLs.
2025-10-15 14:00:47,298 - be.modules.urls - INFO -      -> Buscando en 'mail.epsas.com.bo' con katana...
2025-10-15 14:01:33,847 - be.modules.urls - INFO -      [katana] Encontró 509 URLs.
2025-10-15 14:01:33,848 - be.modules.urls - INFO -    [URLs] Se encontraron 510 URLs para mail.epsas.com.bo. Guardando...
2025-10-15 14:01:33,873 - be.modules.urls - INFO -    [URLs] ✅ Resultados para 'mail.epsas.com.bo' guardados en: outputs/epsas.com.b/mail.epsas.com.bo
2025-10-15 14:01:33,873 - be.modules.urls - INFO - 
   [URLs] -------------------------------------------------
2025-10-15 14:01:33,873 - be.modules.urls - INFO -    [URLs] 🎯 Procesando host: mail.serviciosepsas.com
2025-10-15 14:01:33,874 - be.modules.urls - INFO -      -> Buscando en 'mail.serviciosepsas.com' con gau...
2025-10-15 14:01:42,735 - be.modules.urls - INFO -      -> Buscando en 'mail.serviciosepsas.com' con katana...
2025-10-15 14:01:53,192 - be.modules.urls - INFO -      [katana] Encontró 1 URLs.
2025-10-15 14:01:53,192 - be.modules.urls - INFO -    [URLs] Se encontraron 1 URLs para mail.serviciosepsas.com. Guardando...
2025-10-15 14:01:53,193 - be.modules.urls - INFO -    [URLs] ✅ Resultados para 'mail.serviciosepsas.com' guardados en: outputs/epsas.com.b/mail.serviciosepsas.com
2025-10-15 14:01:53,193 - be.modules.urls - INFO - 
   [URLs] -------------------------------------------------
2025-10-15 14:01:53,193 - be.modules.urls - INFO -    [URLs] 🎯 Procesando host: qrbcp.serviciosepsas.com
2025-10-15 14:01:53,193 - be.modules.urls - INFO -      -> Buscando en 'qrbcp.serviciosepsas.com' con gau...
2025-10-15 14:02:02,912 - be.modules.urls - INFO -      -> Buscando en 'qrbcp.serviciosepsas.com' con katana...
2025-10-15 14:02:13,882 - be.modules.urls - INFO -      [katana] Encontró 1 URLs.
2025-10-15 14:02:13,883 - be.modules.urls - INFO -    [URLs] Se encontraron 1 URLs para qrbcp.serviciosepsas.com. Guardando...
2025-10-15 14:02:13,884 - be.modules.urls - INFO -    [URLs] ✅ Resultados para 'qrbcp.serviciosepsas.com' guardados en: outputs/epsas.com.b/qrbcp.serviciosepsas.com
2025-10-15 14:02:13,884 - be.modules.urls - INFO - 
   [URLs] -------------------------------------------------
2025-10-15 14:02:13,884 - be.modules.urls - INFO -    [URLs] 🎯 Procesando host: serviciosepsas.com
2025-10-15 14:02:13,884 - be.modules.urls - INFO -      -> Buscando en 'serviciosepsas.com' con gau...
2025-10-15 14:02:27,431 - be.modules.urls - INFO -      [gau] Encontró 3 URLs.
2025-10-15 14:02:27,431 - be.modules.urls - INFO -      -> Buscando en 'serviciosepsas.com' con katana...
2025-10-15 14:02:37,889 - be.modules.urls - INFO -      [katana] Encontró 1 URLs.
2025-10-15 14:02:37,889 - be.modules.urls - INFO -    [URLs] Se encontraron 4 URLs para serviciosepsas.com. Guardando...
2025-10-15 14:02:37,891 - be.modules.urls - INFO -    [URLs] ✅ Resultados para 'serviciosepsas.com' guardados en: outputs/epsas.com.b/serviciosepsas.com
2025-10-15 14:02:37,891 - be.modules.urls - INFO - 
   [URLs] -------------------------------------------------
2025-10-15 14:02:37,891 - be.modules.urls - INFO -    [URLs] 🎯 Procesando host: webdisk.epsas.com.bo
2025-10-15 14:02:37,891 - be.modules.urls - INFO -      -> Buscando en 'webdisk.epsas.com.bo' con gau...
2025-10-15 14:02:47,504 - be.modules.urls - INFO -      [gau] Encontró 1 URLs.
2025-10-15 14:02:47,505 - be.modules.urls - INFO -      -> Buscando en 'webdisk.epsas.com.bo' con katana...
2025-10-15 14:02:57,997 - be.modules.urls - INFO -      [katana] Encontró 1 URLs.
2025-10-15 14:02:57,998 - be.modules.urls - INFO -    [URLs] Se encontraron 2 URLs para webdisk.epsas.com.bo. Guardando...
2025-10-15 14:02:57,998 - be.modules.urls - INFO -    [URLs] ✅ Resultados para 'webdisk.epsas.com.bo' guardados en: outputs/epsas.com.b/webdisk.epsas.com.bo
2025-10-15 14:02:57,998 - be.modules.urls - INFO - 
   [URLs] -------------------------------------------------
2025-10-15 14:02:57,998 - be.modules.urls - INFO -    [URLs] 🎯 Procesando host: webmail.epsas.com.bo
2025-10-15 14:02:57,998 - be.modules.urls - INFO -      -> Buscando en 'webmail.epsas.com.bo' con gau...
2025-10-15 14:03:07,363 - be.modules.urls - INFO -      [gau] Encontró 38 URLs.
2025-10-15 14:03:07,364 - be.modules.urls - INFO -      -> Buscando en 'webmail.epsas.com.bo' con katana...
2025-10-15 14:03:21,874 - be.modules.urls - INFO -      [katana] Encontró 71 URLs.
2025-10-15 14:03:21,874 - be.modules.urls - INFO -    [URLs] Se encontraron 109 URLs para webmail.epsas.com.bo. Guardando...
2025-10-15 14:03:21,876 - be.modules.urls - INFO -    [URLs] ✅ Resultados para 'webmail.epsas.com.bo' guardados en: outputs/epsas.com.b/webmail.epsas.com.bo
2025-10-15 14:03:21,876 - be.modules.urls - INFO - 
   [URLs] -------------------------------------------------
2025-10-15 14:03:21,876 - be.modules.urls - INFO -    [URLs] 🎯 Procesando host: www.epsas.com.bo
2025-10-15 14:03:21,876 - be.modules.urls - INFO -      -> Buscando en 'www.epsas.com.bo' con gau...
2025-10-15 14:03:39,065 - be.modules.urls - INFO -      [gau] Encontró 3372 URLs.
2025-10-15 14:03:39,066 - be.modules.urls - INFO -      -> Buscando en 'www.epsas.com.bo' con katana...
2025-10-15 14:04:20,212 - be.modules.urls - INFO -      [katana] Encontró 506 URLs.
2025-10-15 14:04:20,213 - be.modules.urls - INFO -    [URLs] Se encontraron 3774 URLs para www.epsas.com.bo. Guardando...
2025-10-15 14:04:20,327 - be.modules.urls - INFO -    [URLs] ✅ Resultados para 'www.epsas.com.bo' guardados en: outputs/epsas.com.b/www.epsas.com.bo
2025-10-15 14:04:20,327 - be.modules.urls - INFO - 
   [URLs] -------------------------------------------------
2025-10-15 14:04:20,328 - be.modules.urls - INFO -    [URLs] 🎯 Procesando host: www.serviciosepsas.com
2025-10-15 14:04:20,328 - be.modules.urls - INFO -      -> Buscando en 'www.serviciosepsas.com' con gau...
2025-10-15 14:04:28,946 - be.modules.urls - INFO -      [gau] Encontró 3 URLs.
2025-10-15 14:04:28,946 - be.modules.urls - INFO -      -> Buscando en 'www.serviciosepsas.com' con katana...
2025-10-15 14:04:41,388 - be.modules.urls - INFO -      [katana] Encontró 1 URLs.
2025-10-15 14:04:41,388 - be.modules.urls - INFO -    [URLs] Se encontraron 4 URLs para www.serviciosepsas.com. Guardando...
2025-10-15 14:04:41,390 - be.modules.urls - INFO -    [URLs] ✅ Resultados para 'www.serviciosepsas.com' guardados en: outputs/epsas.com.b/www.serviciosepsas.com
2025-10-15 14:04:41,390 - be.modules.urls - INFO -    [URLs] -------------------------------------------------
2025-10-15 14:04:41,390 - be.modules.urls - INFO -    [URLs] Procesamiento de todos los hosts finalizado.
2025-10-15 14:04:41,390 - be.manager - INFO - ✅ Procesamiento de URLs finalizado para el proyecto: epsas.com.b
