2025-10-22 08:49:55,092 - __main__ - INFO - Iniciando BugBounty Framework
2025-10-22 08:49:55,093 - be.manager - INFO - Objetivos cargados: 1
2025-10-22 08:49:55,093 - be.manager - INFO - [+] Iniciando en modo Reconocimiento...
2025-10-22 08:49:55,093 - be.manager - INFO - 💾 Resultados se guardarán en: outputs/fiscalia.gob.bo
2025-10-22 08:49:55,094 - be.manager - INFO - 💾 Resultados para mp.gob.bo se guardarán en: outputs/fiscalia.gob.bo/mp_gob_bo
2025-10-22 08:49:55,094 - be.manager - INFO - 
=======================================================
2025-10-22 08:49:55,094 - be.manager - INFO - 🎯 Iniciando escaneo para el objetivo: mp.gob.bo
2025-10-22 08:49:55,094 - be.modules.recon - INFO -    [Recon] Iniciando Reconocimiento Pasivo...
2025-10-22 08:49:55,094 - be.modules.recon - INFO -    [Subdominator] Ejecutando (Timeout: 300s)...
2025-10-22 08:50:28,950 - be.modules.recon - INFO -    [Subdominator] Encontrados 67 subdominios pasivos.
2025-10-22 08:50:28,951 - be.modules.recon - INFO -    [Subfinder] Ejecutando (Timeout: 300s)...
2025-10-22 08:50:59,379 - be.modules.recon - INFO -    [Subfinder] Encontrados 155 subdominios pasivos.
2025-10-22 08:50:59,379 - be.modules.recon - INFO -    [Amass] Ejecutando (Timeout: 300s)...
2025-10-22 08:55:59,412 - be.modules.utils.helpers - WARNING - Comando excedió el tiempo límite (300s): amass enum -passive -d mp.gob.bo
2025-10-22 08:55:59,412 - be.modules.recon - ERROR -    [Amass] ❌ Error al ejecutar o parsear: Timeout en herramienta externa
2025-10-22 08:55:59,412 - be.modules.recon - INFO -    [Urlscan] Consultando urlscan.io (Timeout: 320s)...
2025-10-22 08:56:07,058 - be.modules.recon - INFO -    [Urlscan] Encontrados 15 subdominios vía API.
2025-10-22 08:56:07,058 - be.modules.recon - INFO -    [Crt.sh] Consultando crt.sh (Timeout: 320s)...
2025-10-22 08:56:07,840 - be.modules.recon - ERROR -    [Crt.sh] ❌ Error al conectar o timeout: 502 Server Error: Bad Gateway for url: https://crt.sh/?q=%25.mp.gob.bo&output=json
2025-10-22 08:56:07,844 - be.modules.recon - INFO -    [Recon] Total de subdominios únicos y válidos encontrados: 175
2025-10-22 08:56:07,845 - be.modules.recon - INFO -    [Recon] Subdominios válidos guardados en outputs/fiscalia.gob.bo/mp_gob_bo/mp_gob_bo_subdomains.txt y outputs/fiscalia.gob.bo/mp_gob_bo/mp_gob_bo_subdomains.json
2025-10-22 08:56:07,845 - be.manager - INFO -   [+] Ejecutando Módulo PROBING sobre 175 hosts...
2025-10-22 08:56:07,845 - be.modules.probing - INFO -    [Probing] Iniciando sondeo (FAST) de 175 objetivos...
2025-10-22 08:56:07,845 - be.modules.probing - INFO -    [Httpx] Ejecutando en modo muy rápido (solo hosts vivos)...
2025-10-22 08:57:50,699 - be.modules.probing - INFO -    [Probing] 46 hosts vivos guardados en: outputs/fiscalia.gob.bo/mp_gob_bo/mp_gob_bo_positives.txt
2025-10-22 08:57:50,699 - be.modules.probing - INFO -    [Probing] 0 resultados negativos guardados en: outputs/fiscalia.gob.bo/mp_gob_bo/mp_gob_bo_negativos.txt
2025-10-22 08:57:50,699 - be.manager - INFO - ✅ Escaneo finalizado para: mp.gob.bo
