2025-10-16 16:16:15,477 - __main__ - INFO - Iniciando BugBounty Framework
2025-10-16 16:16:15,477 - be.manager - INFO - Objetivos cargados: 1
2025-10-16 16:16:15,478 - be.manager - INFO - [+] Iniciando en modo Reconocimiento...
2025-10-16 16:16:15,478 - be.manager - INFO - 💾 Resultados se guardarán en: outputs/nasa.gov
2025-10-16 16:16:15,478 - be.manager - INFO - 💾 Resultados para nasa.gov se guardarán en: outputs/nasa.gov/nasa_gov
2025-10-16 16:16:15,478 - be.manager - INFO - 
=======================================================
2025-10-16 16:16:15,478 - be.manager - INFO - 🎯 Iniciando escaneo para el objetivo: nasa.gov
2025-10-16 16:16:15,478 - be.modules.recon - INFO -    [Recon] Iniciando Reconocimiento Pasivo...
2025-10-16 16:16:15,478 - be.modules.recon - INFO -    [Subdominator] Ejecutando (Timeout: 300s)...
2025-10-16 16:16:36,347 - be.modules.recon - INFO -    [Subdominator] Encontrados 37675 subdominios pasivos.
2025-10-16 16:16:36,348 - be.modules.recon - INFO -    [Subfinder] Ejecutando (Timeout: 300s)...
2025-10-16 16:17:12,917 - be.modules.recon - INFO -    [Subfinder] Encontrados 15161 subdominios pasivos.
2025-10-16 16:17:12,917 - be.modules.recon - INFO -    [Amass] Ejecutando (Timeout: 300s)...
2025-10-16 16:22:12,998 - be.modules.utils.helpers - WARNING - Comando excedió el tiempo límite (300s): amass enum -passive -d nasa.gov
2025-10-16 16:22:12,998 - be.modules.recon - ERROR -    [Amass] ❌ Error al ejecutar o parsear: Timeout en herramienta externa
2025-10-16 16:22:12,998 - be.modules.recon - INFO -    [Urlscan] Consultando urlscan.io (Timeout: 320s)...
2025-10-16 16:22:14,084 - be.modules.recon - INFO -    [Urlscan] Encontrados 24 subdominios vía API.
2025-10-16 16:22:14,085 - be.modules.recon - INFO -    [Crt.sh] Consultando crt.sh (Timeout: 320s)...
2025-10-16 16:22:28,233 - be.modules.recon - INFO -    [Crt.sh] Encontrados 3170 subdominios vía Certificados.
2025-10-16 16:22:28,261 - be.modules.recon - INFO -    [Recon] Se filtraron 18 subdominios con wildcards para evitar errores.
2025-10-16 16:22:28,292 - be.modules.recon - INFO -    [Recon] Total de subdominios únicos y válidos encontrados: 40689
2025-10-16 16:22:28,329 - be.modules.recon - INFO -    [Recon] Subdominios válidos guardados en outputs/nasa.gov/nasa_gov/nasa_gov_subdomains.txt y outputs/nasa.gov/nasa_gov/nasa_gov_subdomains.json
2025-10-16 16:22:28,330 - be.manager - INFO -   [+] Ejecutando Módulo PROBING sobre 40689 hosts...
2025-10-16 16:22:28,331 - be.modules.probing - INFO -    [Probing] Iniciando sondeo (FAST) de 40689 objetivos...
2025-10-16 16:22:28,335 - be.modules.probing - INFO -    [Httpx] Ejecutando en modo muy rápido (solo hosts vivos)...
