2025-10-15 13:55:33,561 - __main__ - INFO - Iniciando BugBounty Framework
2025-10-15 13:55:33,562 - be.manager - INFO - Objetivos cargados: 9
2025-10-15 13:55:33,562 - be.manager - INFO - [+] Iniciando en modo Directo (solo --urls)...
2025-10-15 13:55:33,562 - be.manager - INFO - 💾 Resultados se guardarán en: outputs/epsas.com.b
2025-10-15 13:55:33,562 - be.manager - INFO -   [+] Ejecutando Módulo URLS sobre 9 hosts/dominios de la lista...
2025-10-15 13:55:33,563 - be.modules.urls - INFO -    [URLs] Iniciando procesamiento para 9 hosts...
2025-10-15 13:55:33,563 - be.modules.urls - INFO - 
   [URLs] -------------------------------------------------
2025-10-15 13:55:33,563 - be.modules.urls - INFO -    [URLs] 🎯 Procesando host: autodiscover.epsas.com.bo
2025-10-15 13:55:33,563 - be.modules.urls - INFO -      -> Buscando en 'autodiscover.epsas.com.bo' con gau...
2025-10-15 13:55:47,867 - be.modules.urls - INFO -      [gau] Encontró 1 URLs.
2025-10-15 13:55:47,867 - be.modules.urls - INFO -      -> Buscando en 'autodiscover.epsas.com.bo' con katana...
2025-10-15 13:55:58,433 - be.modules.urls - INFO -      [katana] Encontró 1 URLs.
2025-10-15 13:55:58,434 - be.modules.urls - INFO -    [URLs] Se encontraron 2 URLs para autodiscover.epsas.com.bo. Guardando...
2025-10-15 13:55:58,434 - be.modules.urls - INFO -    [URLs] ✅ Resultados para 'autodiscover.epsas.com.bo' guardados en: outputs/epsas.com.b/autodiscover.epsas.com.bo
2025-10-15 13:55:58,435 - be.modules.urls - INFO - 
   [URLs] -------------------------------------------------
2025-10-15 13:55:58,435 - be.modules.urls - INFO -    [URLs] 🎯 Procesando host: cpanel.epsas.com.bo
2025-10-15 13:55:58,435 - be.modules.urls - INFO -      -> Buscando en 'cpanel.epsas.com.bo' con gau...
2025-10-15 13:56:12,693 - be.modules.urls - INFO -      [gau] Encontró 38 URLs.
2025-10-15 13:56:12,693 - be.modules.urls - INFO -      -> Buscando en 'cpanel.epsas.com.bo' con katana...
2025-10-15 13:56:27,299 - be.modules.urls - INFO -      [katana] Encontró 71 URLs.
2025-10-15 13:56:27,300 - be.modules.urls - INFO -    [URLs] Se encontraron 109 URLs para cpanel.epsas.com.bo. Guardando...
2025-10-15 13:56:27,306 - be.modules.urls - INFO -    [URLs] ✅ Resultados para 'cpanel.epsas.com.bo' guardados en: outputs/epsas.com.b/cpanel.epsas.com.bo
2025-10-15 13:56:27,307 - be.modules.urls - INFO - 
   [URLs] -------------------------------------------------
2025-10-15 13:56:27,307 - be.modules.urls - INFO -    [URLs] 🎯 Procesando host: cpcalendars.epsas.com.bo
2025-10-15 13:56:27,307 - be.modules.urls - INFO -      -> Buscando en 'cpcalendars.epsas.com.bo' con gau...
2025-10-15 13:56:36,180 - be.modules.urls - INFO -      [gau] Encontró 1 URLs.
2025-10-15 13:56:36,181 - be.modules.urls - INFO -      -> Buscando en 'cpcalendars.epsas.com.bo' con katana...
2025-10-15 13:56:46,647 - be.modules.urls - INFO -      [katana] Encontró 1 URLs.
2025-10-15 13:56:46,647 - be.modules.urls - INFO -    [URLs] Se encontraron 2 URLs para cpcalendars.epsas.com.bo. Guardando...
2025-10-15 13:56:46,647 - be.modules.urls - INFO -    [URLs] ✅ Resultados para 'cpcalendars.epsas.com.bo' guardados en: outputs/epsas.com.b/cpcalendars.epsas.com.bo
2025-10-15 13:56:46,647 - be.modules.urls - INFO - 
   [URLs] -------------------------------------------------
2025-10-15 13:56:46,647 - be.modules.urls - INFO -    [URLs] 🎯 Procesando host: cpcontacts.epsas.com.bo
2025-10-15 13:56:46,647 - be.modules.urls - INFO -      -> Buscando en 'cpcontacts.epsas.com.bo' con gau...
2025-10-15 13:56:56,433 - be.modules.urls - INFO -      [gau] Encontró 1 URLs.
2025-10-15 13:56:56,433 - be.modules.urls - INFO -      -> Buscando en 'cpcontacts.epsas.com.bo' con katana...
