2025-10-14 14:43:46,921 - __main__ - INFO - Iniciando BugBounty Framework
2025-10-14 14:43:46,922 - be.manager - INFO - Objetivos cargados: 1
2025-10-14 14:43:46,922 - be.manager - INFO - [+] Iniciando en modo Reconocimiento...
2025-10-14 14:43:46,922 - be.manager - INFO - 💾 Resultados para fiscalia.gob.bo se guardarán en: outputs/fiscalia.gob.bo/fiscalia_gob_bo
2025-10-14 14:43:46,922 - be.manager - INFO - 
=======================================================
2025-10-14 14:43:46,922 - be.manager - INFO - 🎯 Iniciando escaneo para el objetivo: fiscalia.gob.bo
2025-10-14 14:43:46,923 - be.modules.recon - INFO -    [Recon] Iniciando Reconocimiento Pasivo...
2025-10-14 14:43:46,923 - be.modules.recon - INFO -    [Subdominator] Ejecutando (Timeout: 300s)...
2025-10-14 14:44:04,607 - be.modules.recon - INFO -    [Subdominator] Encontrados 39 subdominios pasivos.
2025-10-14 14:44:04,608 - be.modules.recon - INFO -    [Subfinder] Ejecutando (Timeout: 300s)...
2025-10-14 14:44:12,849 - be.modules.recon - INFO -    [Subfinder] Encontrados 49 subdominios pasivos.
2025-10-14 14:44:12,850 - be.modules.recon - INFO -    [Amass] Ejecutando (Timeout: 300s)...
2025-10-14 14:49:12,852 - be.modules.utils.helpers - WARNING - Comando excedió el tiempo límite (300s): amass enum -passive -d fiscalia.gob.bo
2025-10-14 14:49:12,853 - be.modules.recon - ERROR -    [Amass] ❌ Error al ejecutar o parsear: Timeout en herramienta externa
2025-10-14 14:49:12,853 - be.modules.recon - INFO -    [Urlscan] Consultando urlscan.io (Timeout: 320s)...
2025-10-14 14:49:13,739 - be.modules.recon - INFO -    [Urlscan] Encontrados 3 subdominios vía API.
2025-10-14 14:49:13,740 - be.modules.recon - INFO -    [Crt.sh] Consultando crt.sh (Timeout: 320s)...
2025-10-14 14:49:14,830 - be.modules.recon - INFO -    [Crt.sh] Encontrados 10 subdominios vía Certificados.
2025-10-14 14:49:14,831 - be.modules.recon - INFO -    [Recon] Se filtraron 2 subdominios con wildcards para evitar errores.
2025-10-14 14:49:14,831 - be.modules.recon - INFO -    [Recon] Total de subdominios únicos y válidos encontrados: 54
2025-10-14 14:49:14,832 - be.modules.recon - INFO -    [Recon] Subdominios válidos guardados en outputs/fiscalia.gob.bo/fiscalia_gob_bo/fiscalia_gob_bo_subdomains.txt y outputs/fiscalia.gob.bo/fiscalia_gob_bo/fiscalia_gob_bo_subdomains.json
2025-10-14 14:49:14,832 - be.manager - INFO -   [+] Ejecutando Módulo PROBING sobre 54 hosts...
2025-10-14 14:49:14,832 - be.modules.probing - INFO -    [Probing] Iniciando sondeo (LIGHT) de 54 objetivos...
2025-10-14 14:49:14,832 - be.modules.probing - INFO -    [Httpx] Se ha calculado un timeout total de 300s para 54 subdominios.
2025-10-14 14:53:07,796 - be.modules.probing - INFO -    [Probing] Resultados finales guardados en: outputs/fiscalia.gob.bo/fiscalia_gob_bo
2025-10-14 14:53:07,797 - be.manager - INFO - ✅ Escaneo finalizado para: fiscalia.gob.bo
