2025-10-23 10:31:56,375 - __main__ - INFO - Iniciando BugBounty Framework
2025-10-23 10:31:56,376 - be.manager - INFO - Objetivos cargados: 1
2025-10-23 10:31:56,376 - be.manager - INFO - [+] Iniciando en modo Reconocimiento...
2025-10-23 10:31:56,376 - be.manager - INFO - 💾 Resultados se guardarán en: outputs/bcb
2025-10-23 10:31:56,376 - be.manager - INFO - 💾 Resultados para bcb.gob.bo se guardarán en: outputs/bcb/bcb_gob_bo
2025-10-23 10:31:56,376 - be.manager - INFO - 
=======================================================
2025-10-23 10:31:56,376 - be.manager - INFO - 🎯 Iniciando escaneo para el objetivo: bcb.gob.bo
2025-10-23 10:31:56,376 - be.modules.recon - INFO -    [Recon] Iniciando Reconocimiento Pasivo...
2025-10-23 10:31:56,376 - be.modules.recon - INFO -    [Subdominator] Ejecutando (Timeout: 300s)...
2025-10-23 10:32:31,180 - be.modules.recon - INFO -    [Subdominator] Encontrados 59 subdominios pasivos.
2025-10-23 10:32:31,181 - be.modules.recon - INFO -    [Subfinder] Ejecutando (Timeout: 300s)...
2025-10-23 10:33:01,828 - be.modules.recon - INFO -    [Subfinder] Encontrados 49 subdominios pasivos.
2025-10-23 10:33:01,828 - be.modules.recon - INFO -    [Amass] Ejecutando (Timeout: 300s)...
2025-10-23 10:38:01,841 - be.modules.utils.helpers - WARNING - Comando excedió el tiempo límite (300s): amass enum -passive -d bcb.gob.bo
2025-10-23 10:38:01,841 - be.modules.recon - ERROR -    [Amass] ❌ Error al ejecutar o parsear: Timeout en herramienta externa
2025-10-23 10:38:01,841 - be.modules.recon - INFO -    [Urlscan] Consultando urlscan.io (Timeout: 320s)...
2025-10-23 10:38:03,307 - be.modules.recon - INFO -    [Urlscan] Encontrados 7 subdominios vía API.
2025-10-23 10:38:03,309 - be.modules.recon - INFO -    [Crt.sh] Consultando crt.sh (Timeout: 320s)...
2025-10-23 10:38:44,826 - be.modules.recon - INFO -    [Crt.sh] Encontrados 41 subdominios vía Certificados.
2025-10-23 10:38:44,830 - be.modules.recon - INFO -    [Recon] Se filtraron 4 subdominios con wildcards para evitar errores.
2025-10-23 10:38:44,830 - be.modules.recon - INFO -    [Recon] Total de subdominios únicos y válidos encontrados: 57
2025-10-23 10:38:44,830 - be.modules.recon - INFO -    [Recon] Subdominios válidos guardados en outputs/bcb/bcb_gob_bo/bcb_gob_bo_subdomains.txt y outputs/bcb/bcb_gob_bo/bcb_gob_bo_subdomains.json
2025-10-23 10:38:44,831 - be.manager - INFO -   [+] Ejecutando Módulo PROBING sobre 57 hosts...
2025-10-23 10:38:44,831 - be.modules.probing - INFO -    [Probing] Iniciando sondeo (LIGHT) de 57 objetivos...
2025-10-23 10:38:44,831 - be.modules.probing - INFO -    [Httpx] Ejecutando en modo completo (extracción de datos en JSON)...
2025-10-23 10:42:38,322 - be.modules.probing - INFO -    [Probing] Resultados completos guardados en: outputs/bcb/bcb_gob_bo
2025-10-23 10:42:38,322 - be.manager - INFO - ✅ Escaneo finalizado para: bcb.gob.bo
