2025-10-13 19:09:23,040 - __main__ - INFO - Iniciando BugBounty Framework
2025-10-13 19:09:23,040 - be.manager - INFO - Objetivos a escanear: 1
2025-10-13 19:09:23,040 - be.manager - INFO - 
=======================================================
2025-10-13 19:09:23,040 - be.manager - INFO - 🎯 Iniciando escaneo para: gestora.bo
2025-10-13 19:09:23,040 - be.manager - INFO - 💾 Resultados se guardarán en: outputs/gestora.bo/gestora_bo_20251013_190923
2025-10-13 19:09:23,041 - be.manager - INFO - =======================================================
2025-10-13 19:09:23,041 - be.manager - INFO -   [+] Ejecutando Módulo RECON (Recolección Pasiva)...
2025-10-13 19:09:23,041 - be.modules.recon - INFO -    [Recon] Iniciando Reconocimiento Pasivo...
2025-10-13 19:09:23,041 - be.modules.recon - INFO -    [Subdominator] Ejecutando: /home/warrior/Escritorio/web/subdominatod-tools/env/bin/subdominator
2025-10-13 19:09:36,751 - be.modules.recon - INFO -    [Subdominator] Encontrados 50 subdominios pasivos.
2025-10-13 19:09:36,752 - be.modules.recon - INFO -    [Subfinder] Ejecutando: /usr/bin/subfinder ; o simplemente 'subfinder' si está en PATH
2025-10-13 19:09:41,837 - be.modules.utils.helpers - WARNING - Comando falló con código 127. Stderr: __    _____           __         
   _______  __/ /_  / __(_)___  ____/ /__  _____
  / ___/ / / / __ \/ /_/ / __ \/ __  / _ \/ ___/
 (__  ) /_/ / /_/ / __/ / / / / /_/ /  __/ /    
/____/\__,_/_.___/_/ /_/_/ /_/\__,_/\___/_/

		projectdiscovery.io

[[1;31mFTL[0m] Program exiting: no input list provided
/bin/sh: 1: o: Permission denied
2025-10-13 19:09:41,838 - be.modules.recon - ERROR -    [Subfinder] ❌ Error al ejecutar o parsear: Fallo en herramienta externa: /usr/bin/subfinder
2025-10-13 19:09:41,838 - be.modules.recon - INFO -    [Amass] Ejecutando: /usr/bin/amass ; o simplemente 'amass' si está en PATH (Timeout Amass: 90s)
2025-10-13 19:09:41,907 - be.modules.utils.helpers - WARNING - Comando falló con código 127. Stderr: .+++:.            :                             .+++.
      +W@@@@@@8        &+W@#               o8W8:      +W@@@@@@#.   oW@@@W#+
     &@#+   .o@##.    .@@@o@W.o@@o       :@@#&W8o    .@#:  .:oW+  .@#+++&#&
    +@&        &@&     #@8 +@W@&8@+     :@W.   +@8   +@:          .@8
    8@          @@     8@o  8@8  WW    .@W      W@+  .@W.          o@#:
    WW          &@o    &@:  o@+  o@+   #@.      8@o   +W@#+.        +W@8:
    #@          :@W    &@+  &@+   @8  :@o       o@o     oW@@W+        oW@8
    o@+          @@&   &@+  &@+   #@  &@.      .W@W       .+#@&         o@W.
     WW         +@W@8. &@+  :&    o@+ #@      :@W&@&         &@:  ..     :@o
     :@W:      o@# +Wo &@+        :W: +@W&o++o@W. &@&  8@#o+&@W.  #@:    o@+
      :W@@WWWW@@8       +              :&W@@@@&    &W  .o#@@W&.   :W@WWW@@&
        +o&&&&+.                                                    +oooo.

                                                                      v4.2.0
                                           OWASP Amass Project - @owaspamass
                         In-depth Attack Surface Mapping and Asset Discovery


Usage: amass intel|enum [options]

  -h	Show the program usage message
  -help
    	Show the program usage message
  -version
    	Print the version number of this Amass binary


Subcommands: 

	amass intel - Discover targets for enumerations
	amass enum  - Perform enumerations and network mapping

The user's guide can be found here: 
https://github.com/owasp-amass/amass/blob/master/doc/user_guide.md

An example configuration file can be found here: 
https://github.com/owasp-amass/amass/blob/master/examples/config.yaml

The Amass tutorial can be found here: 
https://github.com/owasp-amass/amass/blob/master/doc/tutorial.md

/bin/sh: 1: o: Permission denied
2025-10-13 19:09:41,908 - be.modules.recon - ERROR -    [Amass] ❌ Error al ejecutar o parsear: Fallo en herramienta externa: /usr/bin/amass
2025-10-13 19:09:41,908 - be.modules.recon - INFO -    [Urlscan] Consultando urlscan.io (Timeout: 90s)...
2025-10-13 19:09:43,155 - be.modules.recon - INFO -    [Urlscan] Encontrados 5 subdominios vía API.
2025-10-13 19:09:43,158 - be.modules.recon - INFO -    [Crt.sh] Consultando crt.sh (Timeout: 90s)...
2025-10-13 19:10:00,857 - be.modules.recon - INFO -    [Crt.sh] Encontrados 19 subdominios vía Certificados.
2025-10-13 19:10:00,859 - be.modules.recon - INFO -    [Recon] Total de subdominios únicos encontrados: 51
2025-10-13 19:10:00,859 - be.modules.recon - INFO -    [Recon] Subdominios brutos guardados en outputs/gestora.bo/gestora_bo_20251013_190923/gestora_bo_subdomains.txt y outputs/gestora.bo/gestora_bo_20251013_190923/gestora_bo_subdomains.json
2025-10-13 19:10:00,860 - be.manager - INFO -   [+] Ejecutando Módulo PROBING (LIGHT - con Httpx)...
2025-10-13 19:10:00,860 - be.modules.probing - INFO -    [Probing] Iniciando sondeo (LIGHT) de 51 objetivos...
2025-10-13 19:12:10,015 - be.modules.probing - INFO -    [Probing] Resultados finales guardados en: outputs/gestora.bo/gestora_bo_20251013_190923
2025-10-13 19:12:10,016 - be.manager - INFO - =======================================================
2025-10-13 19:12:10,016 - be.manager - INFO - ✅ Escaneo finalizado para: gestora.bo
2025-10-13 19:12:10,016 - be.manager - INFO - =======================================================
