2025-10-13 21:27:00,400 - __main__ - INFO - Iniciando BugBounty Framework
2025-10-13 21:27:00,401 - be.manager - INFO - Objetivos cargados: 3
2025-10-13 21:27:00,401 - be.manager - INFO - [+] Iniciando en modo Reconocimiento...
2025-10-13 21:27:00,402 - be.manager - INFO - 💾 Resultados para jobsdb.com se guardarán en: outputs/seek/jobsdb_com
2025-10-13 21:27:00,402 - be.manager - INFO - 
=======================================================
2025-10-13 21:27:00,402 - be.manager - INFO - 🎯 Iniciando escaneo para el objetivo: jobsdb.com
2025-10-13 21:27:00,402 - be.modules.recon - INFO -    [Recon] Iniciando Reconocimiento Pasivo...
2025-10-13 21:27:00,402 - be.modules.recon - INFO -    [Subdominator] Ejecutando (Timeout: 300s)...
2025-10-13 21:27:32,878 - be.modules.recon - INFO -    [Subdominator] Encontrados 327 subdominios pasivos.
2025-10-13 21:27:32,878 - be.modules.recon - INFO -    [Subfinder] Ejecutando (Timeout: 300s)...
2025-10-13 21:28:03,861 - be.modules.recon - INFO -    [Subfinder] Encontrados 181 subdominios pasivos.
2025-10-13 21:28:03,861 - be.modules.recon - INFO -    [Amass] Ejecutando (Timeout: 300s)...
2025-10-13 21:33:03,901 - be.modules.utils.helpers - WARNING - Comando excedió el tiempo límite (300s): amass enum -passive -d jobsdb.com
2025-10-13 21:33:03,901 - be.modules.recon - ERROR -    [Amass] ❌ Error al ejecutar o parsear: Timeout en herramienta externa
2025-10-13 21:33:03,901 - be.modules.recon - INFO -    [Urlscan] Consultando urlscan.io (Timeout: 320s)...
2025-10-13 21:33:05,095 - be.modules.recon - INFO -    [Urlscan] Encontrados 5 subdominios vía API.
2025-10-13 21:33:05,098 - be.modules.recon - INFO -    [Crt.sh] Consultando crt.sh (Timeout: 320s)...
2025-10-13 21:33:26,786 - be.modules.recon - INFO -    [Crt.sh] Encontrados 126 subdominios vía Certificados.
2025-10-13 21:33:26,790 - be.modules.recon - INFO -    [Recon] Se filtraron 11 subdominios con wildcards para evitar errores.
2025-10-13 21:33:26,790 - be.modules.recon - INFO -    [Recon] Total de subdominios únicos y válidos encontrados: 323
2025-10-13 21:33:26,792 - be.modules.recon - INFO -    [Recon] Subdominios válidos guardados en outputs/seek/jobsdb_com/jobsdb_com_subdomains.txt y outputs/seek/jobsdb_com/jobsdb_com_subdomains.json
2025-10-13 21:33:26,792 - be.manager - INFO -   [+] Ejecutando Módulo PROBING sobre 323 hosts...
2025-10-13 21:33:26,792 - be.modules.probing - INFO -    [Probing] Iniciando sondeo (LIGHT) de 323 objetivos...
2025-10-13 21:33:26,793 - be.modules.probing - INFO -    [Httpx] Se ha calculado un timeout total de 1615s para 323 subdominios.
2025-10-13 22:00:21,797 - be.modules.utils.helpers - WARNING - Comando excedió el tiempo límite (1615s): /home/warrior/go/bin/httpx -l /tmp/tmpdgv0cwek -probe -json -timeout 30 -retries 1 -threads 5 -ports 80,443,8080,8443
2025-10-13 22:00:21,797 - be.modules.probing - ERROR -    [Probing] ❌ Error al ejecutar httpx: Timeout en herramienta externa
2025-10-13 22:00:21,798 - be.modules.probing - INFO -    [Probing] Resultados finales guardados en: outputs/seek/jobsdb_com
2025-10-13 22:00:21,799 - be.manager - INFO - ✅ Escaneo finalizado para: jobsdb.com
2025-10-13 22:00:21,799 - be.manager - INFO - 💾 Resultados para jobstreet.com se guardarán en: outputs/seek/jobstreet_com
2025-10-13 22:00:21,800 - be.manager - INFO - 
=======================================================
2025-10-13 22:00:21,800 - be.manager - INFO - 🎯 Iniciando escaneo para el objetivo: jobstreet.com
2025-10-13 22:00:21,800 - be.modules.recon - INFO -    [Recon] Iniciando Reconocimiento Pasivo...
2025-10-13 22:00:21,800 - be.modules.recon - INFO -    [Subdominator] Ejecutando (Timeout: 300s)...
2025-10-13 22:00:54,481 - be.modules.recon - INFO -    [Subdominator] Encontrados 383 subdominios pasivos.
2025-10-13 22:00:54,481 - be.modules.recon - INFO -    [Subfinder] Ejecutando (Timeout: 300s)...
2025-10-13 22:01:25,320 - be.modules.recon - INFO -    [Subfinder] Encontrados 298 subdominios pasivos.
2025-10-13 22:01:25,321 - be.modules.recon - INFO -    [Amass] Ejecutando (Timeout: 300s)...
2025-10-13 22:06:25,396 - be.modules.utils.helpers - WARNING - Comando excedió el tiempo límite (300s): amass enum -passive -d jobstreet.com
2025-10-13 22:06:25,397 - be.modules.recon - ERROR -    [Amass] ❌ Error al ejecutar o parsear: Timeout en herramienta externa
2025-10-13 22:06:25,397 - be.modules.recon - INFO -    [Urlscan] Consultando urlscan.io (Timeout: 320s)...
2025-10-13 22:06:26,646 - be.modules.recon - INFO -    [Urlscan] Encontrados 14 subdominios vía API.
2025-10-13 22:06:26,647 - be.modules.recon - INFO -    [Crt.sh] Consultando crt.sh (Timeout: 320s)...
2025-10-13 22:07:04,426 - be.modules.recon - INFO -    [Crt.sh] Encontrados 165 subdominios vía Certificados.
2025-10-13 22:07:04,428 - be.modules.recon - INFO -    [Recon] Se filtraron 5 subdominios con wildcards para evitar errores.
2025-10-13 22:07:04,429 - be.modules.recon - INFO -    [Recon] Total de subdominios únicos y válidos encontrados: 387
2025-10-13 22:07:04,429 - be.modules.recon - INFO -    [Recon] Subdominios válidos guardados en outputs/seek/jobstreet_com/jobstreet_com_subdomains.txt y outputs/seek/jobstreet_com/jobstreet_com_subdomains.json
2025-10-13 22:07:04,429 - be.manager - INFO -   [+] Ejecutando Módulo PROBING sobre 387 hosts...
2025-10-13 22:07:04,429 - be.modules.probing - INFO -    [Probing] Iniciando sondeo (LIGHT) de 387 objetivos...
2025-10-13 22:07:04,429 - be.modules.probing - INFO -    [Httpx] Se ha calculado un timeout total de 1935s para 387 subdominios.
2025-10-13 22:23:24,787 - be.modules.probing - INFO -    [Probing] Resultados finales guardados en: outputs/seek/jobstreet_com
2025-10-13 22:23:24,788 - be.manager - INFO - ✅ Escaneo finalizado para: jobstreet.com
2025-10-13 22:23:24,788 - be.manager - INFO - 💾 Resultados para seekasia.com se guardarán en: outputs/seek/seekasia_com
2025-10-13 22:23:24,788 - be.manager - INFO - 
=======================================================
2025-10-13 22:23:24,788 - be.manager - INFO - 🎯 Iniciando escaneo para el objetivo: seekasia.com
2025-10-13 22:23:24,788 - be.modules.recon - INFO -    [Recon] Iniciando Reconocimiento Pasivo...
2025-10-13 22:23:24,788 - be.modules.recon - INFO -    [Subdominator] Ejecutando (Timeout: 300s)...
2025-10-13 22:24:07,480 - be.modules.recon - INFO -    [Subdominator] Encontrados 166 subdominios pasivos.
2025-10-13 22:24:07,480 - be.modules.recon - INFO -    [Subfinder] Ejecutando (Timeout: 300s)...
2025-10-13 22:24:38,447 - be.modules.recon - INFO -    [Subfinder] Encontrados 131 subdominios pasivos.
2025-10-13 22:24:38,448 - be.modules.recon - INFO -    [Amass] Ejecutando (Timeout: 300s)...
2025-10-13 22:29:04,678 - be.modules.recon - INFO -    [Amass] Encontrados 84 subdominios pasivos.
2025-10-13 22:29:04,678 - be.modules.recon - INFO -    [Urlscan] Consultando urlscan.io (Timeout: 320s)...
2025-10-13 22:29:06,021 - be.modules.recon - INFO -    [Urlscan] Encontrados 7 subdominios vía API.
2025-10-13 22:29:06,024 - be.modules.recon - INFO -    [Crt.sh] Consultando crt.sh (Timeout: 320s)...
2025-10-13 22:29:16,297 - be.modules.recon - ERROR -    [Crt.sh] ❌ Error al conectar o timeout: 503 Server Error: Service Unavailable for url: https://crt.sh/?q=%25.seekasia.com&output=json
2025-10-13 22:29:16,300 - be.modules.recon - INFO -    [Recon] Se filtraron 45 subdominios con wildcards para evitar errores.
2025-10-13 22:29:16,300 - be.modules.recon - INFO -    [Recon] Total de subdominios únicos y válidos encontrados: 217
2025-10-13 22:29:16,301 - be.modules.recon - INFO -    [Recon] Subdominios válidos guardados en outputs/seek/seekasia_com/seekasia_com_subdomains.txt y outputs/seek/seekasia_com/seekasia_com_subdomains.json
2025-10-13 22:29:16,302 - be.manager - INFO -   [+] Ejecutando Módulo PROBING sobre 217 hosts...
2025-10-13 22:29:16,302 - be.modules.probing - INFO -    [Probing] Iniciando sondeo (LIGHT) de 217 objetivos...
2025-10-13 22:29:16,302 - be.modules.probing - INFO -    [Httpx] Se ha calculado un timeout total de 1085s para 217 subdominios.
2025-10-13 22:34:19,585 - be.modules.probing - INFO -    [Probing] Resultados finales guardados en: outputs/seek/seekasia_com
2025-10-13 22:34:19,586 - be.manager - INFO - ✅ Escaneo finalizado para: seekasia.com
