2025-10-15 10:34:53,459 - __main__ - INFO - Iniciando BugBounty Framework
2025-10-15 10:34:53,460 - be.manager - INFO - Objetivos cargados: 1
2025-10-15 10:34:53,460 - be.manager - INFO - [+] Iniciando en modo Reconocimiento...
2025-10-15 10:34:53,460 - be.manager - INFO - 💾 Resultados para volkswagen.de se guardarán en: outputs/volkswagen.de/volkswagen_de
2025-10-15 10:34:53,460 - be.manager - INFO - 
=======================================================
2025-10-15 10:34:53,460 - be.manager - INFO - 🎯 Iniciando escaneo para el objetivo: volkswagen.de
2025-10-15 10:34:53,460 - be.modules.recon - INFO -    [Recon] Iniciando Reconocimiento Pasivo...
2025-10-15 10:34:53,462 - be.modules.recon - INFO -    [Subdominator] Ejecutando (Timeout: 300s)...
2025-10-15 10:35:37,801 - be.modules.recon - INFO -    [Subdominator] Encontrados 1103 subdominios pasivos.
2025-10-15 10:35:37,802 - be.modules.recon - INFO -    [Subfinder] Ejecutando (Timeout: 300s)...
2025-10-15 10:36:08,313 - be.modules.recon - INFO -    [Subfinder] Encontrados 999 subdominios pasivos.
2025-10-15 10:36:08,313 - be.modules.recon - INFO -    [Amass] Ejecutando (Timeout: 300s)...
2025-10-15 10:41:08,333 - be.modules.utils.helpers - WARNING - Comando excedió el tiempo límite (300s): amass enum -passive -d volkswagen.de
2025-10-15 10:41:08,334 - be.modules.recon - ERROR -    [Amass] ❌ Error al ejecutar o parsear: Timeout en herramienta externa
2025-10-15 10:41:08,334 - be.modules.recon - INFO -    [Urlscan] Consultando urlscan.io (Timeout: 320s)...
2025-10-15 10:41:09,253 - be.modules.recon - INFO -    [Urlscan] Encontrados 4 subdominios vía API.
2025-10-15 10:41:09,257 - be.modules.recon - INFO -    [Crt.sh] Consultando crt.sh (Timeout: 320s)...
2025-10-15 10:41:48,512 - be.modules.recon - INFO -    [Crt.sh] Encontrados 821 subdominios vía Certificados.
2025-10-15 10:41:48,515 - be.modules.recon - INFO -    [Recon] Se filtraron 76 subdominios con wildcards para evitar errores.
2025-10-15 10:41:48,516 - be.modules.recon - INFO -    [Recon] Total de subdominios únicos y válidos encontrados: 1029
2025-10-15 10:41:48,517 - be.modules.recon - INFO -    [Recon] Subdominios válidos guardados en outputs/volkswagen.de/volkswagen_de/volkswagen_de_subdomains.txt y outputs/volkswagen.de/volkswagen_de/volkswagen_de_subdomains.json
2025-10-15 10:41:48,517 - be.manager - INFO -   [+] Ejecutando Módulo PROBING sobre 1029 hosts...
2025-10-15 10:41:48,517 - be.modules.probing - INFO -    [Probing] Iniciando sondeo (LIGHT) de 1029 objetivos...
2025-10-15 10:41:48,518 - be.modules.probing - INFO -    [Httpx] Ejecutando sin límite de tiempo para 1029 subdominios.
2025-10-15 11:36:20,602 - be.modules.probing - INFO -    [Probing] Resultados finales guardados en: outputs/volkswagen.de/volkswagen_de
2025-10-15 11:36:20,608 - be.manager - INFO - ✅ Escaneo finalizado para: volkswagen.de
