2025-11-11 09:07:27,278 - __main__ - INFO - Iniciando BugBounty Framework
2025-11-11 09:07:27,278 - be.manager - INFO - Objetivos cargados: 1
2025-11-11 09:07:27,279 - be.manager - INFO - [+] Iniciando en modo Reconocimiento...
2025-11-11 09:07:27,279 - be.manager - INFO - 💾 Resultados se guardarán en: outputs/linktr.ee
2025-11-11 09:07:27,279 - be.manager - INFO - 💾 Resultados para odesli.co se guardarán en: outputs/linktr.ee/odesli_co
2025-11-11 09:07:27,279 - be.manager - INFO - 
=======================================================
2025-11-11 09:07:27,279 - be.manager - INFO - 🎯 Iniciando escaneo para el objetivo: odesli.co
2025-11-11 09:07:27,279 - be.modules.recon - INFO -    [Recon] Iniciando Reconocimiento Pasivo...
2025-11-11 09:07:27,279 - be.modules.recon - INFO -    [Subdominator] Ejecutando (Timeout: 300s)...
2025-11-11 09:07:35,543 - be.modules.recon - INFO -    [Subdominator] Encontrados 20 subdominios pasivos.
2025-11-11 09:07:35,543 - be.modules.recon - INFO -    [Subfinder] Ejecutando (Timeout: 300s)...
2025-11-11 09:08:06,058 - be.modules.recon - INFO -    [Subfinder] Encontrados 18 subdominios pasivos.
2025-11-11 09:08:06,059 - be.modules.recon - INFO -    [Amass] Ejecutando (Timeout: 300s)...
2025-11-11 09:13:06,143 - be.modules.utils.helpers - WARNING - Comando excedió el tiempo límite (300s): amass enum -passive -d odesli.co
2025-11-11 09:13:06,144 - be.modules.recon - ERROR -    [Amass] ❌ Error al ejecutar o parsear: Timeout en herramienta externa
2025-11-11 09:13:06,144 - be.modules.recon - INFO -    [Urlscan] Consultando urlscan.io (Timeout: 320s)...
2025-11-11 09:13:07,021 - be.modules.recon - INFO -    [Urlscan] Encontrados 1 subdominios vía API.
2025-11-11 09:13:07,023 - be.modules.recon - INFO -    [Crt.sh] Consultando crt.sh (Timeout: 320s)...
2025-11-11 09:13:11,410 - be.modules.recon - INFO -    [Crt.sh] Encontrados 20 subdominios vía Certificados.
2025-11-11 09:13:11,412 - be.modules.recon - INFO -    [Recon] Se filtraron 2 subdominios con wildcards para evitar errores.
2025-11-11 09:13:11,412 - be.modules.recon - INFO -    [Recon] Total de subdominios únicos y válidos encontrados: 19
2025-11-11 09:13:11,413 - be.modules.recon - INFO -    [Recon] Subdominios válidos guardados en outputs/linktr.ee/odesli_co/odesli_co_subdomains.txt y outputs/linktr.ee/odesli_co/odesli_co_subdomains.json
2025-11-11 09:13:11,413 - be.manager - INFO -   [+] Ejecutando Módulo PROBING sobre 19 hosts...
2025-11-11 09:13:11,413 - be.modules.probing - INFO -    [Probing] Iniciando sondeo (FAST) de 19 objetivos...
2025-11-11 09:13:11,413 - be.modules.probing - INFO -    [Httpx] Ejecutando en modo muy rápido (solo hosts vivos)...
2025-11-11 09:13:18,620 - be.modules.probing - INFO -    [Probing] 10 hosts vivos guardados en: outputs/linktr.ee/odesli_co/odesli_co_positives.txt
2025-11-11 09:13:18,621 - be.modules.probing - INFO -    [Probing] 0 resultados negativos guardados en: outputs/linktr.ee/odesli_co/odesli_co_negativos.txt
2025-11-11 09:13:18,621 - be.manager - INFO - ✅ Escaneo finalizado para: odesli.co
