2025-11-06 15:56:16,454 - __main__ - INFO - Iniciando BugBounty Framework
2025-11-06 15:56:16,456 - be.manager - INFO - Objetivos cargados: 1
2025-11-06 15:56:16,457 - be.manager - INFO - [+] Iniciando en modo Reconocimiento...
2025-11-06 15:56:16,457 - be.manager - INFO - 💾 Resultados se guardarán en: outputs/ende.bo
2025-11-06 15:56:16,457 - be.manager - INFO - 💾 Resultados para deoruro.bo se guardarán en: outputs/ende.bo/deoruro_bo
2025-11-06 15:56:16,457 - be.manager - INFO - 
=======================================================
2025-11-06 15:56:16,457 - be.manager - INFO - 🎯 Iniciando escaneo para el objetivo: deoruro.bo
2025-11-06 15:56:16,457 - be.modules.recon - INFO -    [Recon] Iniciando Reconocimiento Pasivo...
2025-11-06 15:56:16,458 - be.modules.recon - INFO -    [Subdominator] Ejecutando (Timeout: 300s)...
2025-11-06 15:56:50,463 - be.modules.recon - INFO -    [Subdominator] Encontrados 10 subdominios pasivos.
2025-11-06 15:56:50,463 - be.modules.recon - INFO -    [Subfinder] Ejecutando (Timeout: 300s)...
2025-11-06 15:57:20,878 - be.modules.recon - INFO -    [Subfinder] Encontrados 16 subdominios pasivos.
2025-11-06 15:57:20,878 - be.modules.recon - INFO -    [Amass] Ejecutando (Timeout: 300s)...
2025-11-06 15:58:16,309 - be.modules.recon - INFO -    [Amass] Encontrados 20 subdominios pasivos.
2025-11-06 15:58:16,309 - be.modules.recon - INFO -    [Urlscan] Consultando urlscan.io (Timeout: 320s)...
2025-11-06 15:58:17,197 - be.modules.recon - INFO -    [Urlscan] Encontrados 0 subdominios vía API.
2025-11-06 15:58:17,198 - be.modules.recon - INFO -    [Crt.sh] Consultando crt.sh (Timeout: 320s)...
2025-11-06 15:58:18,546 - be.modules.recon - INFO -    [Crt.sh] Encontrados 11 subdominios vía Certificados.
2025-11-06 15:58:18,548 - be.modules.recon - INFO -    [Recon] Se filtraron 1 subdominios con wildcards para evitar errores.
2025-11-06 15:58:18,548 - be.modules.recon - INFO -    [Recon] Total de subdominios únicos y válidos encontrados: 36
2025-11-06 15:58:18,548 - be.modules.recon - INFO -    [Recon] Subdominios válidos guardados en outputs/ende.bo/deoruro_bo/deoruro_bo_subdomains.txt y outputs/ende.bo/deoruro_bo/deoruro_bo_subdomains.json
2025-11-06 15:58:18,548 - be.manager - INFO -   [+] Ejecutando Módulo PROBING sobre 36 hosts...
2025-11-06 15:58:18,548 - be.modules.probing - INFO -    [Probing] Iniciando sondeo (FAST) de 36 objetivos...
2025-11-06 15:58:18,549 - be.modules.probing - INFO -    [Httpx] Ejecutando en modo muy rápido (solo hosts vivos)...
2025-11-06 15:58:40,241 - be.modules.probing - INFO -    [Probing] 5 hosts vivos guardados en: outputs/ende.bo/deoruro_bo/deoruro_bo_positives.txt
2025-11-06 15:58:40,241 - be.modules.probing - INFO -    [Probing] 0 resultados negativos guardados en: outputs/ende.bo/deoruro_bo/deoruro_bo_negativos.txt
2025-11-06 15:58:40,241 - be.manager - INFO - ✅ Escaneo finalizado para: deoruro.bo
