2025-10-16 15:36:37,642 - __main__ - INFO - Iniciando BugBounty Framework
2025-10-16 15:36:37,642 - be.manager - INFO - Objetivos cargados: 1
2025-10-16 15:36:37,642 - be.manager - INFO - [+] Iniciando en modo Reconocimiento...
2025-10-16 15:36:37,642 - be.manager - INFO - 💾 Resultados se guardarán en: outputs/gestora
2025-10-16 15:36:37,643 - be.manager - INFO - 💾 Resultados para gestora.bo se guardarán en: outputs/gestora/gestora_bo
2025-10-16 15:36:37,643 - be.manager - INFO - 
=======================================================
2025-10-16 15:36:37,643 - be.manager - INFO - 🎯 Iniciando escaneo para el objetivo: gestora.bo
2025-10-16 15:36:37,643 - be.modules.recon - INFO -    [Recon] Iniciando Reconocimiento Pasivo...
2025-10-16 15:36:37,643 - be.modules.recon - INFO -    [Subdominator] Ejecutando (Timeout: 300s)...
2025-10-16 15:36:43,536 - be.modules.recon - INFO -    [Subdominator] Encontrados 50 subdominios pasivos.
2025-10-16 15:36:43,536 - be.modules.recon - INFO -    [Subfinder] Ejecutando (Timeout: 300s)...
2025-10-16 15:37:06,667 - be.modules.recon - INFO -    [Subfinder] Encontrados 37 subdominios pasivos.
2025-10-16 15:37:06,668 - be.modules.recon - INFO -    [Amass] Ejecutando (Timeout: 300s)...
2025-10-16 15:38:05,623 - be.modules.recon - INFO -    [Amass] Encontrados 7 subdominios pasivos.
2025-10-16 15:38:05,623 - be.modules.recon - INFO -    [Urlscan] Consultando urlscan.io (Timeout: 320s)...
2025-10-16 15:38:06,899 - be.modules.recon - INFO -    [Urlscan] Encontrados 5 subdominios vía API.
2025-10-16 15:38:06,900 - be.modules.recon - INFO -    [Crt.sh] Consultando crt.sh (Timeout: 320s)...
2025-10-16 15:38:10,446 - be.modules.recon - INFO -    [Crt.sh] Encontrados 19 subdominios vía Certificados.
2025-10-16 15:38:10,449 - be.modules.recon - INFO -    [Recon] Se filtraron 1 subdominios con wildcards para evitar errores.
2025-10-16 15:38:10,450 - be.modules.recon - INFO -    [Recon] Total de subdominios únicos y válidos encontrados: 62
2025-10-16 15:38:10,451 - be.modules.recon - INFO -    [Recon] Subdominios válidos guardados en outputs/gestora/gestora_bo/gestora_bo_subdomains.txt y outputs/gestora/gestora_bo/gestora_bo_subdomains.json
2025-10-16 15:38:10,451 - be.manager - INFO -   [+] Ejecutando Módulo PROBING sobre 62 hosts...
2025-10-16 15:38:10,451 - be.modules.probing - INFO -    [Probing] Iniciando sondeo (FAST) de 62 objetivos...
2025-10-16 15:38:10,452 - be.modules.probing - INFO -    [Httpx] Ejecutando en modo rápido (solo status-code)...
2025-10-16 15:38:47,885 - be.modules.probing - INFO -    [Probing] 0 resultados positivos guardados en: outputs/gestora/gestora_bo/gestora_bo_positives.txt
2025-10-16 15:38:47,885 - be.modules.probing - INFO -    [Probing] 14 resultados negativos guardados en: outputs/gestora/gestora_bo/gestora_bo_negativos.txt
2025-10-16 15:38:47,886 - be.manager - INFO - ✅ Escaneo finalizado para: gestora.bo
