2025-10-22 08:45:31,898 - __main__ - INFO - Iniciando BugBounty Framework
2025-10-22 08:45:31,899 - be.manager - INFO - Objetivos cargados: 1
2025-10-22 08:45:31,899 - be.manager - INFO - [+] Iniciando en modo Reconocimiento...
2025-10-22 08:45:31,900 - be.manager - INFO - 💾 Resultados se guardarán en: outputs/fiscalia.gob.bo
2025-10-22 08:45:31,900 - be.manager - INFO - 💾 Resultados para fiscalia.gob.bo se guardarán en: outputs/fiscalia.gob.bo/fiscalia_gob_bo
2025-10-22 08:45:31,900 - be.manager - INFO - 
=======================================================
2025-10-22 08:45:31,900 - be.manager - INFO - 🎯 Iniciando escaneo para el objetivo: fiscalia.gob.bo
2025-10-22 08:45:31,900 - be.modules.recon - INFO -    [Recon] Iniciando Reconocimiento Pasivo...
2025-10-22 08:45:31,900 - be.modules.recon - INFO -    [Subdominator] Ejecutando (Timeout: 300s)...
2025-10-22 08:46:06,064 - be.modules.recon - INFO -    [Subdominator] Encontrados 34 subdominios pasivos.
2025-10-22 08:46:06,064 - be.modules.recon - INFO -    [Subfinder] Ejecutando (Timeout: 300s)...
2025-10-22 08:46:13,289 - be.modules.recon - INFO -    [Subfinder] Encontrados 49 subdominios pasivos.
2025-10-22 08:46:13,290 - be.modules.recon - INFO -    [Amass] Ejecutando (Timeout: 300s)...
2025-10-22 08:51:13,304 - be.modules.utils.helpers - WARNING - Comando excedió el tiempo límite (300s): amass enum -passive -d fiscalia.gob.bo
2025-10-22 08:51:13,305 - be.modules.recon - ERROR -    [Amass] ❌ Error al ejecutar o parsear: Timeout en herramienta externa
2025-10-22 08:51:13,305 - be.modules.recon - INFO -    [Urlscan] Consultando urlscan.io (Timeout: 320s)...
2025-10-22 08:51:14,738 - be.modules.recon - INFO -    [Urlscan] Encontrados 3 subdominios vía API.
2025-10-22 08:51:14,740 - be.modules.recon - INFO -    [Crt.sh] Consultando crt.sh (Timeout: 320s)...
2025-10-22 08:51:15,522 - be.modules.recon - ERROR -    [Crt.sh] ❌ Error al conectar o timeout: 502 Server Error: Bad Gateway for url: https://crt.sh/?q=%25.fiscalia.gob.bo&output=json
2025-10-22 08:51:15,525 - be.modules.recon - INFO -    [Recon] Se filtraron 1 subdominios con wildcards para evitar errores.
2025-10-22 08:51:15,525 - be.modules.recon - INFO -    [Recon] Total de subdominios únicos y válidos encontrados: 54
2025-10-22 08:51:15,526 - be.modules.recon - INFO -    [Recon] Subdominios válidos guardados en outputs/fiscalia.gob.bo/fiscalia_gob_bo/fiscalia_gob_bo_subdomains.txt y outputs/fiscalia.gob.bo/fiscalia_gob_bo/fiscalia_gob_bo_subdomains.json
2025-10-22 08:51:15,526 - be.manager - INFO -   [+] Ejecutando Módulo PROBING sobre 54 hosts...
2025-10-22 08:51:15,526 - be.modules.probing - INFO -    [Probing] Iniciando sondeo (FAST) de 54 objetivos...
2025-10-22 08:51:15,526 - be.modules.probing - INFO -    [Httpx] Ejecutando en modo muy rápido (solo hosts vivos)...
2025-10-22 08:51:57,800 - be.modules.probing - INFO -    [Probing] 20 hosts vivos guardados en: outputs/fiscalia.gob.bo/fiscalia_gob_bo/fiscalia_gob_bo_positives.txt
2025-10-22 08:51:57,800 - be.modules.probing - INFO -    [Probing] 0 resultados negativos guardados en: outputs/fiscalia.gob.bo/fiscalia_gob_bo/fiscalia_gob_bo_negativos.txt
2025-10-22 08:51:57,800 - be.manager - INFO - ✅ Escaneo finalizado para: fiscalia.gob.bo
